Log file open, 12/05/20 14:15:12
LogInit: Display: Running engine for game: bananaquit
LogPlatformFile: Not using cached read wrapper
LogTaskGraph: Started task graph with 5 named threads and 23 total threads with 3 sets of task threads.
LogStats: Stats thread started at 0.284222
LogD3D11RHI: Loaded GFSDK_Aftermath_Lib.x64.dll
LogICUInternationalization: ICU TimeZone Detection - Raw Offset: -5:00, Platform Override: ''
LogPluginManager: Mounting plugin Paper2D
LogPluginManager: Mounting plugin AISupport
LogPluginManager: Mounting plugin LightPropagationVolume
LogPluginManager: Mounting plugin CameraShakePreviewer
LogPluginManager: Mounting plugin ActorLayerUtilities
LogPluginManager: Mounting plugin AnimationSharing
LogPluginManager: Mounting plugin CLionSourceCodeAccess
LogPluginManager: Mounting plugin CodeLiteSourceCodeAccess
LogPluginManager: Mounting plugin GitSourceControl
LogPluginManager: Mounting plugin KDevelopSourceCodeAccess
LogPluginManager: Mounting plugin NullSourceCodeAccess
LogPluginManager: Mounting plugin PerforceSourceControl
LogPluginManager: Mounting plugin PlasticSourceControl
LogPluginManager: Mounting plugin RiderSourceCodeAccess
LogPluginManager: Mounting plugin SubversionSourceControl
LogPluginManager: Mounting plugin UObjectPlugin
LogPluginManager: Mounting plugin VisualStudioCodeSourceCodeAccess
LogPluginManager: Mounting plugin VisualStudioSourceCodeAccess
LogPluginManager: Mounting plugin XCodeSourceCodeAccess
LogPluginManager: Mounting plugin AssetManagerEditor
LogPluginManager: Mounting plugin CryptoKeys
LogPluginManager: Mounting plugin CurveEditorTools
LogPluginManager: Mounting plugin DataValidation
LogPluginManager: Mounting plugin EditorScriptingUtilities
LogPluginManager: Mounting plugin FacialAnimation
LogPluginManager: Mounting plugin GameplayTagsEditor
LogPluginManager: Mounting plugin GeometryMode
LogPluginManager: Mounting plugin MacGraphicsSwitching
LogPluginManager: Mounting plugin MaterialAnalyzer
LogPluginManager: Mounting plugin MobileLauncherProfileWizard
LogPluginManager: Mounting plugin PluginBrowser
LogPluginManager: Mounting plugin SpeedTreeImporter
LogPluginManager: Mounting plugin DatasmithContent
LogPluginManager: Mounting plugin VariantManagerContent
LogPluginManager: Mounting plugin AlembicImporter
LogPluginManager: Mounting plugin AutomationUtils
LogPluginManager: Mounting plugin BackChannel
LogPluginManager: Mounting plugin ChaosCloth
LogPluginManager: Mounting plugin ChaosClothEditor
LogPluginManager: Mounting plugin ChaosEditor
LogPluginManager: Mounting plugin ChaosNiagara
LogPluginManager: Mounting plugin ChaosSolverPlugin
LogPluginManager: Mounting plugin CharacterAI
LogPluginManager: Mounting plugin GeometryCache
LogPluginManager: Mounting plugin GeometryCollectionPlugin
LogPluginManager: Mounting plugin GeometryProcessing
LogPluginManager: Mounting plugin PlanarCut
LogPluginManager: Mounting plugin PlatformCrypto
LogPluginManager: Mounting plugin ProxyLODPlugin
LogPluginManager: Mounting plugin SkeletalReduction
LogPluginManager: Mounting plugin Niagara
LogPluginManager: Mounting plugin MagicLeap
LogPluginManager: Mounting plugin MagicLeapLightEstimation
LogPluginManager: Mounting plugin MagicLeapMedia
LogPluginManager: Mounting plugin MagicLeapPassableWorld
LogPluginManager: Mounting plugin MLSDK
LogPluginManager: Mounting plugin AndroidMedia
LogPluginManager: Mounting plugin AvfMedia
LogPluginManager: Mounting plugin ImgMedia
LogPluginManager: Mounting plugin MediaCompositing
LogPluginManager: Mounting plugin MediaPlayerEditor
LogPluginManager: Mounting plugin WebMMedia
LogPluginManager: Mounting plugin WmfMedia
LogPluginManager: Mounting plugin MeshPainting
LogPluginManager: Mounting plugin TcpMessaging
LogPluginManager: Mounting plugin UdpMessaging
LogPluginManager: Mounting plugin ActorSequence
LogPluginManager: Mounting plugin LevelSequenceEditor
LogPluginManager: Mounting plugin MatineeToLevelSequence
LogPluginManager: Mounting plugin MovieRenderPipeline
LogPluginManager: Mounting plugin TemplateSequence
LogPluginManager: Mounting plugin NetcodeUnitTest
LogPluginManager: Mounting plugin NUTUnrealEngine4
LogPluginManager: Mounting plugin OnlineSubsystemGooglePlay
LogPluginManager: Mounting plugin OnlineSubsystemIOS
LogPluginManager: Mounting plugin OnlineSubsystem
LogPluginManager: Mounting plugin OnlineSubsystemNull
LogPluginManager: Mounting plugin OnlineSubsystemUtils
LogPluginManager: Mounting plugin LauncherChunkInstaller
LogPluginManager: Mounting plugin AndroidDeviceProfileSelector
LogPluginManager: Mounting plugin AndroidMoviePlayer
LogPluginManager: Mounting plugin AndroidPermission
LogPluginManager: Mounting plugin AppleImageUtils
LogPluginManager: Mounting plugin AppleMoviePlayer
LogPluginManager: Mounting plugin ArchVisCharacter
LogPluginManager: Mounting plugin AssetTags
LogPluginManager: Mounting plugin AudioCapture
LogPluginManager: Mounting plugin CableComponent
LogPluginManager: Mounting plugin CustomMeshComponent
LogPluginManager: Mounting plugin EditableMesh
LogPluginManager: Mounting plugin ExampleDeviceProfileSelector
LogPluginManager: Mounting plugin GoogleCloudMessaging
LogPluginManager: Mounting plugin GooglePAD
LogPluginManager: Mounting plugin IOSDeviceProfileSelector
LogPluginManager: Mounting plugin LinuxDeviceProfileSelector
LogPluginManager: Mounting plugin LocationServicesBPLibrary
LogPluginManager: Mounting plugin MobilePatchingUtils
LogPluginManager: Mounting plugin OculusVR
LogPluginManager: Mounting plugin PhysXVehicles
LogPluginManager: Mounting plugin PostSplashScreen
LogPluginManager: Mounting plugin ProceduralMeshComponent
LogPluginManager: Mounting plugin RuntimePhysXCooking
LogPluginManager: Mounting plugin SignificanceManager
LogPluginManager: Mounting plugin SoundFields
LogPluginManager: Mounting plugin SteamVR
LogPluginManager: Mounting plugin Synthesis
LogPluginManager: Mounting plugin WebMMoviePlayer
LogPluginManager: Mounting plugin WindowsMoviePlayer
LogPluginManager: Mounting plugin ScreenshotTools
LogInit: Using libcurl 7.55.1-DEV
LogInit:  - built for x86_64-pc-win32
LogInit:  - supports SSL with OpenSSL/1.1.1
LogInit:  - supports HTTP deflate (compression) using libz 1.2.8
LogInit:  - other features:
LogInit:      CURL_VERSION_SSL
LogInit:      CURL_VERSION_LIBZ
LogInit:      CURL_VERSION_IPV6
LogInit:      CURL_VERSION_ASYNCHDNS
LogInit:      CURL_VERSION_LARGEFILE
LogInit:      CURL_VERSION_IDN
LogInit:  CurlRequestOptions (configurable via config and command line):
LogInit:  - bVerifyPeer = true  - Libcurl will verify peer certificate
LogInit:  - bUseHttpProxy = false  - Libcurl will NOT use HTTP proxy
LogInit:  - bDontReuseConnections = false  - Libcurl will reuse connections
LogInit:  - MaxHostConnections = 16  - Libcurl will limit the number of connections to a host
LogInit:  - LocalHostAddr = Default
LogInit:  - BufferSize = 65536
LogOnline: OSS: Creating online subsystem instance for: NULL
LogInit: WinSock: version 1.1 (2.2), MaxSocks=32767, MaxUdp=65467
LogOnline: OSS: TryLoadSubsystemAndSetDefault: Loaded subsystem for module [NULL]
LogInit: Build: ++UE4+Release-4.25-CL-13942748
LogInit: Engine Version: 4.25.3-13942748+++UE4+Release-4.25
LogInit: Compatible Engine Version: 4.25.0-13144385+++UE4+Release-4.25
LogInit: Net CL: 13144385
LogInit: OS: Windows 10 (Release 1909) (), CPU: Intel(R) Core(TM) i7-4790K CPU @ 4.00GHz, GPU: NVIDIA GeForce GTX 960
LogInit: Compiled (64-bit): Jul 25 2020 02:07:48
LogInit: Compiled with Visual C++: 19.24.28315.00
LogInit: Build Configuration: Development
LogInit: Branch Name: ++UE4+Release-4.25
LogInit: Command Line: 
LogInit: Base Directory: D:/Program Files/Epic/UE_4.25/Engine/Binaries/Win64/
LogInit: Allocator: TBB
LogInit: Installed Engine Build: 1
LogDevObjectVersion: Number of dev versions registered: 26
LogDevObjectVersion:   Dev-Blueprints (B0D832E4-1F89-4F0D-ACCF-7EB736FD4AA2): 10
LogDevObjectVersion:   Dev-Build (E1C64328-A22C-4D53-A36C-8E866417BD8C): 0
LogDevObjectVersion:   Dev-Core (375EC13C-06E4-48FB-B500-84F0262A717E): 4
LogDevObjectVersion:   Dev-Editor (E4B068ED-F494-42E9-A231-DA0B2E46BB41): 38
LogDevObjectVersion:   Dev-Framework (CFFC743F-43B0-4480-9391-14DF171D2073): 37
LogDevObjectVersion:   Dev-Mobile (B02B49B5-BB20-44E9-A304-32B752E40360): 2
LogDevObjectVersion:   Dev-Networking (A4E4105C-59A1-49B5-A7C5-40C4547EDFEE): 0
LogDevObjectVersion:   Dev-Online (39C831C9-5AE6-47DC-9A44-9C173E1C8E7C): 0
LogDevObjectVersion:   Dev-Physics (78F01B33-EBEA-4F98-B9B4-84EACCB95AA2): 4
LogDevObjectVersion:   Dev-Platform (6631380F-2D4D-43E0-8009-CF276956A95A): 0
LogDevObjectVersion:   Dev-Rendering (12F88B9F-8875-4AFC-A67C-D90C383ABD29): 43
LogDevObjectVersion:   Dev-Sequencer (7B5AE74C-D270-4C10-A958-57980B212A5A): 12
LogDevObjectVersion:   Dev-VR (D7296918-1DD6-4BDD-9DE2-64A83CC13884): 3
LogDevObjectVersion:   Dev-LoadTimes (C2A15278-BFE7-4AFE-6C17-90FF531DF755): 1
LogDevObjectVersion:   Private-Geometry (6EACA3D4-40EC-4CC1-B786-8BED09428FC5): 3
LogDevObjectVersion:   Dev-AnimPhys (29E575DD-E0A3-4627-9D10-D276232CDCEA): 17
LogDevObjectVersion:   Dev-Anim (AF43A65D-7FD3-4947-9873-3E8ED9C1BB05): 7
LogDevObjectVersion:   Dev-ReflectionCapture (6B266CEC-1EC7-4B8F-A30B-E4D90942FC07): 1
LogDevObjectVersion:   Dev-Automation (0DF73D61-A23F-47EA-B727-89E90C41499A): 1
LogDevObjectVersion:   FortniteMain (601D1886-AC64-4F84-AA16-D3DE0DEAC7D6): 31
LogDevObjectVersion:   Dev-Enterprise (9DFFBCD6-494F-0158-E221-12823C92A888): 10
LogDevObjectVersion:   Dev-Niagara (F2AED0AC-9AFE-416F-8664-AA7FFA26D6FC): 1
LogDevObjectVersion:   Dev-Destruction (174F1F0B-B4C6-45A5-B13F-2EE8D0FB917D): 10
LogDevObjectVersion:   Dev-Physics-Ext (35F94A83-E258-406C-A318-09F59610247C): 37
LogDevObjectVersion:   Dev-PhysicsMaterial-Chaos (B68FC16E-8B1B-42E2-B453-215C058844FE): 1
LogDevObjectVersion:   Dev-CineCamera (B2E18506-4273-CFC2-A54E-F4BB758BBA07): 1
LogInit: Presizing for max 25165824 objects, including 0 objects not considered by GC, pre-allocating 0 bytes for permanent pool.
LogConfig: Applying CVar settings from Section [/Script/Engine.StreamingSettings] File [C:/Users/Megan/Desktop/Banannaquit-8ea50614b72f1c7e372c7d35f80a9c82b1f735a1/Banannaquit-8ea50614b72f1c7e372c7d35f80a9c82b1f735a1/Saved/Config/Windows/Engine.ini]
LogConfig: Setting CVar [[s.MinBulkDataSizeForAsyncLoading:131072]]
LogConfig: Setting CVar [[s.AsyncLoadingThreadEnabled:0]]
LogConfig: Setting CVar [[s.EventDrivenLoaderEnabled:1]]
LogConfig: Setting CVar [[s.WarnIfTimeLimitExceeded:0]]
LogConfig: Setting CVar [[s.TimeLimitExceededMultiplier:1.5]]
LogConfig: Setting CVar [[s.TimeLimitExceededMinTime:0.005]]
LogConfig: Setting CVar [[s.UseBackgroundLevelStreaming:1]]
LogConfig: Setting CVar [[s.PriorityAsyncLoadingExtraTime:15.0]]
LogConfig: Setting CVar [[s.LevelStreamingActorsUpdateTimeLimit:5.0]]
LogConfig: Setting CVar [[s.PriorityLevelStreamingActorsUpdateExtraTime:5.0]]
LogConfig: Setting CVar [[s.LevelStreamingComponentsRegistrationGranularity:10]]
LogConfig: Setting CVar [[s.UnregisterComponentsTimeLimit:1.0]]
LogConfig: Setting CVar [[s.LevelStreamingComponentsUnregistrationGranularity:5]]
LogConfig: Setting CVar [[s.FlushStreamingOnExit:1]]
LogInit: Object subsystem initialized
LogConfig: Setting CVar [[con.DebugEarlyDefault:1]]
LogConfig: Setting CVar [[r.setres:1280x720]]
[2020.12.05-19.15.14:871][  0]LogConfig: Setting CVar [[r.VSync:0]]
[2020.12.05-19.15.14:871][  0]LogConfig: Setting CVar [[r.RHICmdBypass:0]]
[2020.12.05-19.15.14:871][  0]LogConfig: Applying CVar settings from Section [/Script/Engine.RendererSettings] File [C:/Users/Megan/Desktop/Banannaquit-8ea50614b72f1c7e372c7d35f80a9c82b1f735a1/Banannaquit-8ea50614b72f1c7e372c7d35f80a9c82b1f735a1/Saved/Config/Windows/Engine.ini]
[2020.12.05-19.15.14:871][  0]LogConfig: Setting CVar [[r.GPUCrashDebugging:0]]
[2020.12.05-19.15.14:871][  0]LogConfig: Applying CVar settings from Section [/Script/Engine.RendererOverrideSettings] File [C:/Users/Megan/Desktop/Banannaquit-8ea50614b72f1c7e372c7d35f80a9c82b1f735a1/Banannaquit-8ea50614b72f1c7e372c7d35f80a9c82b1f735a1/Saved/Config/Windows/Engine.ini]
[2020.12.05-19.15.14:871][  0]LogConfig: Applying CVar settings from Section [/Script/Engine.StreamingSettings] File [C:/Users/Megan/Desktop/Banannaquit-8ea50614b72f1c7e372c7d35f80a9c82b1f735a1/Banannaquit-8ea50614b72f1c7e372c7d35f80a9c82b1f735a1/Saved/Config/Windows/Engine.ini]
[2020.12.05-19.15.14:871][  0]LogConfig: Setting CVar [[s.MinBulkDataSizeForAsyncLoading:131072]]
[2020.12.05-19.15.14:871][  0]LogConfig: Setting CVar [[s.AsyncLoadingThreadEnabled:0]]
[2020.12.05-19.15.14:871][  0]LogConfig: Setting CVar [[s.EventDrivenLoaderEnabled:1]]
[2020.12.05-19.15.14:871][  0]LogConfig: Setting CVar [[s.WarnIfTimeLimitExceeded:0]]
[2020.12.05-19.15.14:871][  0]LogConfig: Setting CVar [[s.TimeLimitExceededMultiplier:1.5]]
[2020.12.05-19.15.14:871][  0]LogConfig: Setting CVar [[s.TimeLimitExceededMinTime:0.005]]
[2020.12.05-19.15.14:871][  0]LogConfig: Setting CVar [[s.UseBackgroundLevelStreaming:1]]
[2020.12.05-19.15.14:871][  0]LogConfig: Setting CVar [[s.PriorityAsyncLoadingExtraTime:15.0]]
[2020.12.05-19.15.14:871][  0]LogConfig: Setting CVar [[s.LevelStreamingActorsUpdateTimeLimit:5.0]]
[2020.12.05-19.15.14:871][  0]LogConfig: Setting CVar [[s.PriorityLevelStreamingActorsUpdateExtraTime:5.0]]
[2020.12.05-19.15.14:871][  0]LogConfig: Setting CVar [[s.LevelStreamingComponentsRegistrationGranularity:10]]
[2020.12.05-19.15.14:871][  0]LogConfig: Setting CVar [[s.UnregisterComponentsTimeLimit:1.0]]
[2020.12.05-19.15.14:871][  0]LogConfig: Setting CVar [[s.LevelStreamingComponentsUnregistrationGranularity:5]]
[2020.12.05-19.15.14:871][  0]LogConfig: Setting CVar [[s.FlushStreamingOnExit:1]]
[2020.12.05-19.15.14:871][  0]LogConfig: Applying CVar settings from Section [/Script/Engine.GarbageCollectionSettings] File [C:/Users/Megan/Desktop/Banannaquit-8ea50614b72f1c7e372c7d35f80a9c82b1f735a1/Banannaquit-8ea50614b72f1c7e372c7d35f80a9c82b1f735a1/Saved/Config/Windows/Engine.ini]
[2020.12.05-19.15.14:871][  0]LogConfig: Setting CVar [[gc.MaxObjectsNotConsideredByGC:1]]
[2020.12.05-19.15.14:871][  0]LogConfig: Setting CVar [[gc.SizeOfPermanentObjectPool:0]]
[2020.12.05-19.15.14:871][  0]LogConfig: Setting CVar [[gc.FlushStreamingOnGC:0]]
[2020.12.05-19.15.14:871][  0]LogConfig: Setting CVar [[gc.NumRetriesBeforeForcingGC:10]]
[2020.12.05-19.15.14:871][  0]LogConfig: Setting CVar [[gc.AllowParallelGC:1]]
[2020.12.05-19.15.14:871][  0]LogConfig: Setting CVar [[gc.TimeBetweenPurgingPendingKillObjects:61.1]]
[2020.12.05-19.15.14:871][  0]LogConfig: Setting CVar [[gc.MaxObjectsInEditor:25165824]]
[2020.12.05-19.15.14:871][  0]LogConfig: Setting CVar [[gc.IncrementalBeginDestroyEnabled:1]]
[2020.12.05-19.15.14:871][  0]LogConfig: Setting CVar [[gc.CreateGCClusters:1]]
[2020.12.05-19.15.14:871][  0]LogConfig: Setting CVar [[gc.MinGCClusterSize:5]]
[2020.12.05-19.15.14:871][  0]LogConfig: Setting CVar [[gc.ActorClusteringEnabled:0]]
[2020.12.05-19.15.14:871][  0]LogConfig: Setting CVar [[gc.BlueprintClusteringEnabled:0]]
[2020.12.05-19.15.14:871][  0]LogConfig: Setting CVar [[gc.UseDisregardForGCOnDedicatedServers:0]]
[2020.12.05-19.15.14:871][  0]LogConfig: Applying CVar settings from Section [/Script/Engine.NetworkSettings] File [C:/Users/Megan/Desktop/Banannaquit-8ea50614b72f1c7e372c7d35f80a9c82b1f735a1/Banannaquit-8ea50614b72f1c7e372c7d35f80a9c82b1f735a1/Saved/Config/Windows/Engine.ini]
[2020.12.05-19.15.14:871][  0]LogConfig: Applying CVar settings from Section [/Script/UnrealEd.CookerSettings] File [C:/Users/Megan/Desktop/Banannaquit-8ea50614b72f1c7e372c7d35f80a9c82b1f735a1/Banannaquit-8ea50614b72f1c7e372c7d35f80a9c82b1f735a1/Saved/Config/Windows/Engine.ini]
[2020.12.05-19.15.14:878][  0]LogConfig: Applying CVar settings from Section [ViewDistanceQuality@3] File [C:/Users/Megan/Desktop/Banannaquit-8ea50614b72f1c7e372c7d35f80a9c82b1f735a1/Banannaquit-8ea50614b72f1c7e372c7d35f80a9c82b1f735a1/Saved/Config/Windows/Scalability.ini]
[2020.12.05-19.15.14:878][  0]LogConfig: Setting CVar [[r.SkeletalMeshLODBias:0]]
[2020.12.05-19.15.14:878][  0]LogConfig: Setting CVar [[r.ViewDistanceScale:1.0]]
[2020.12.05-19.15.14:878][  0]LogConfig: Applying CVar settings from Section [AntiAliasingQuality@3] File [C:/Users/Megan/Desktop/Banannaquit-8ea50614b72f1c7e372c7d35f80a9c82b1f735a1/Banannaquit-8ea50614b72f1c7e372c7d35f80a9c82b1f735a1/Saved/Config/Windows/Scalability.ini]
[2020.12.05-19.15.14:878][  0]LogConfig: Setting CVar [[r.PostProcessAAQuality:4]]
[2020.12.05-19.15.14:878][  0]LogConfig: Applying CVar settings from Section [ShadowQuality@3] File [C:/Users/Megan/Desktop/Banannaquit-8ea50614b72f1c7e372c7d35f80a9c82b1f735a1/Banannaquit-8ea50614b72f1c7e372c7d35f80a9c82b1f735a1/Saved/Config/Windows/Scalability.ini]
[2020.12.05-19.15.14:878][  0]LogConfig: Setting CVar [[r.LightFunctionQuality:1]]
[2020.12.05-19.15.14:878][  0]LogConfig: Setting CVar [[r.ShadowQuality:5]]
[2020.12.05-19.15.14:878][  0]LogConfig: Setting CVar [[r.Shadow.CSM.MaxCascades:10]]
[2020.12.05-19.15.14:878][  0]LogConfig: Setting CVar [[r.Shadow.MaxResolution:2048]]
[2020.12.05-19.15.14:878][  0]LogConfig: Setting CVar [[r.Shadow.MaxCSMResolution:2048]]
[2020.12.05-19.15.14:878][  0]LogConfig: Setting CVar [[r.Shadow.RadiusThreshold:0.01]]
[2020.12.05-19.15.14:878][  0]LogConfig: Setting CVar [[r.Shadow.DistanceScale:1.0]]
[2020.12.05-19.15.14:878][  0]LogConfig: Setting CVar [[r.Shadow.CSM.TransitionScale:1.0]]
[2020.12.05-19.15.14:878][  0]LogConfig: Setting CVar [[r.Shadow.PreShadowResolutionFactor:1.0]]
[2020.12.05-19.15.14:879][  0]LogConfig: Setting CVar [[r.DistanceFieldShadowing:1]]
[2020.12.05-19.15.14:879][  0]LogConfig: Setting CVar [[r.DistanceFieldAO:1]]
[2020.12.05-19.15.14:879][  0]LogConfig: Setting CVar [[r.AOQuality:2]]
[2020.12.05-19.15.14:879][  0]LogConfig: Setting CVar [[r.VolumetricFog:1]]
[2020.12.05-19.15.14:879][  0]LogConfig: Setting CVar [[r.VolumetricFog.GridPixelSize:8]]
[2020.12.05-19.15.14:879][  0]LogConfig: Setting CVar [[r.VolumetricFog.GridSizeZ:128]]
[2020.12.05-19.15.14:879][  0]LogConfig: Setting CVar [[r.VolumetricFog.HistoryMissSupersampleCount:4]]
[2020.12.05-19.15.14:879][  0]LogConfig: Setting CVar [[r.LightMaxDrawDistanceScale:1]]
[2020.12.05-19.15.14:879][  0]LogConfig: Setting CVar [[r.CapsuleShadows:1]]
[2020.12.05-19.15.14:879][  0]LogConfig: Applying CVar settings from Section [PostProcessQuality@3] File [C:/Users/Megan/Desktop/Banannaquit-8ea50614b72f1c7e372c7d35f80a9c82b1f735a1/Banannaquit-8ea50614b72f1c7e372c7d35f80a9c82b1f735a1/Saved/Config/Windows/Scalability.ini]
[2020.12.05-19.15.14:879][  0]LogConfig: Setting CVar [[r.MotionBlurQuality:4]]
[2020.12.05-19.15.14:879][  0]LogConfig: Setting CVar [[r.AmbientOcclusionMipLevelFactor:0.4]]
[2020.12.05-19.15.14:879][  0]LogConfig: Setting CVar [[r.AmbientOcclusionMaxQuality:100]]
[2020.12.05-19.15.14:879][  0]LogConfig: Setting CVar [[r.AmbientOcclusionLevels:-1]]
[2020.12.05-19.15.14:879][  0]LogConfig: Setting CVar [[r.AmbientOcclusionRadiusScale:1.0]]
[2020.12.05-19.15.14:879][  0]LogConfig: Setting CVar [[r.DepthOfFieldQuality:2]]
[2020.12.05-19.15.14:879][  0]LogConfig: Setting CVar [[r.RenderTargetPoolMin:400]]
[2020.12.05-19.15.14:879][  0]LogConfig: Setting CVar [[r.LensFlareQuality:2]]
[2020.12.05-19.15.14:879][  0]LogConfig: Setting CVar [[r.SceneColorFringeQuality:1]]
[2020.12.05-19.15.14:879][  0]LogConfig: Setting CVar [[r.EyeAdaptationQuality:2]]
[2020.12.05-19.15.14:879][  0]LogConfig: Setting CVar [[r.BloomQuality:5]]
[2020.12.05-19.15.14:879][  0]LogConfig: Setting CVar [[r.FastBlurThreshold:100]]
[2020.12.05-19.15.14:879][  0]LogConfig: Setting CVar [[r.Upscale.Quality:3]]
[2020.12.05-19.15.14:879][  0]LogConfig: Setting CVar [[r.Tonemapper.GrainQuantization:1]]
[2020.12.05-19.15.14:879][  0]LogConfig: Setting CVar [[r.LightShaftQuality:1]]
[2020.12.05-19.15.14:879][  0]LogConfig: Setting CVar [[r.Filter.SizeScale:1]]
[2020.12.05-19.15.14:879][  0]LogConfig: Setting CVar [[r.Tonemapper.Quality:5]]
[2020.12.05-19.15.14:879][  0]LogConfig: Setting CVar [[r.DOF.Gather.AccumulatorQuality:1        ; higher gathering accumulator quality]]
[2020.12.05-19.15.14:879][  0]LogConfig: Setting CVar [[r.DOF.Gather.PostfilterMethod:1          ; Median3x3 postfilering method]]
[2020.12.05-19.15.14:879][  0]LogConfig: Setting CVar [[r.DOF.Gather.EnableBokehSettings:0       ; no bokeh simulation when gathering]]
[2020.12.05-19.15.14:879][  0]LogConfig: Setting CVar [[r.DOF.Gather.RingCount:4                 ; medium number of samples when gathering]]
[2020.12.05-19.15.14:879][  0]LogConfig: Setting CVar [[r.DOF.Scatter.ForegroundCompositing:1    ; additive foreground scattering]]
[2020.12.05-19.15.14:879][  0]LogConfig: Setting CVar [[r.DOF.Scatter.BackgroundCompositing:2    ; additive background scattering]]
[2020.12.05-19.15.14:879][  0]LogConfig: Setting CVar [[r.DOF.Scatter.EnableBokehSettings:1      ; bokeh simulation when scattering]]
[2020.12.05-19.15.14:879][  0]LogConfig: Setting CVar [[r.DOF.Scatter.MaxSpriteRatio:0.1         ; only a maximum of 10% of scattered bokeh]]
[2020.12.05-19.15.14:879][  0]LogConfig: Setting CVar [[r.DOF.Recombine.Quality:1                ; cheap slight out of focus]]
[2020.12.05-19.15.14:879][  0]LogConfig: Setting CVar [[r.DOF.Recombine.EnableBokehSettings:0    ; no bokeh simulation on slight out of focus]]
[2020.12.05-19.15.14:879][  0]LogConfig: Setting CVar [[r.DOF.TemporalAAQuality:1                ; more stable temporal accumulation]]
[2020.12.05-19.15.14:879][  0]LogConfig: Setting CVar [[r.DOF.Kernel.MaxForegroundRadius:0.025]]
[2020.12.05-19.15.14:879][  0]LogConfig: Setting CVar [[r.DOF.Kernel.MaxBackgroundRadius:0.025]]
[2020.12.05-19.15.14:879][  0]LogConfig: Applying CVar settings from Section [TextureQuality@3] File [C:/Users/Megan/Desktop/Banannaquit-8ea50614b72f1c7e372c7d35f80a9c82b1f735a1/Banannaquit-8ea50614b72f1c7e372c7d35f80a9c82b1f735a1/Saved/Config/Windows/Scalability.ini]
[2020.12.05-19.15.14:879][  0]LogConfig: Setting CVar [[r.Streaming.MipBias:0]]
[2020.12.05-19.15.14:879][  0]LogConfig: Setting CVar [[r.Streaming.AmortizeCPUToGPUCopy:0]]
[2020.12.05-19.15.14:879][  0]LogConfig: Setting CVar [[r.Streaming.MaxNumTexturesToStreamPerFrame:0]]
[2020.12.05-19.15.14:879][  0]LogConfig: Setting CVar [[r.Streaming.Boost:1]]
[2020.12.05-19.15.14:879][  0]LogConfig: Setting CVar [[r.MaxAnisotropy:8]]
[2020.12.05-19.15.14:879][  0]LogConfig: Setting CVar [[r.VT.MaxAnisotropy:8]]
[2020.12.05-19.15.14:879][  0]LogConfig: Setting CVar [[r.Streaming.LimitPoolSizeToVRAM:0]]
[2020.12.05-19.15.14:879][  0]LogConfig: Setting CVar [[r.Streaming.PoolSize:1000]]
[2020.12.05-19.15.14:879][  0]LogConfig: Setting CVar [[r.Streaming.MaxEffectiveScreenSize:0]]
[2020.12.05-19.15.14:879][  0]LogConfig: Applying CVar settings from Section [EffectsQuality@3] File [C:/Users/Megan/Desktop/Banannaquit-8ea50614b72f1c7e372c7d35f80a9c82b1f735a1/Banannaquit-8ea50614b72f1c7e372c7d35f80a9c82b1f735a1/Saved/Config/Windows/Scalability.ini]
[2020.12.05-19.15.14:879][  0]LogConfig: Setting CVar [[r.TranslucencyLightingVolumeDim:64]]
[2020.12.05-19.15.14:879][  0]LogConfig: Setting CVar [[r.RefractionQuality:2]]
[2020.12.05-19.15.14:879][  0]LogConfig: Setting CVar [[r.SSR.Quality:3]]
[2020.12.05-19.15.14:879][  0]LogConfig: Setting CVar [[r.SSR.HalfResSceneColor:0]]
[2020.12.05-19.15.14:879][  0]LogConfig: Setting CVar [[r.SceneColorFormat:4]]
[2020.12.05-19.15.14:879][  0]LogConfig: Setting CVar [[r.DetailMode:2]]
[2020.12.05-19.15.14:879][  0]LogConfig: Setting CVar [[r.TranslucencyVolumeBlur:1]]
[2020.12.05-19.15.14:879][  0]LogConfig: Setting CVar [[r.MaterialQualityLevel:1 ; High quality]]
[2020.12.05-19.15.14:879][  0]LogConfig: Setting CVar [[r.SSS.Scale:1]]
[2020.12.05-19.15.14:879][  0]LogConfig: Setting CVar [[r.SSS.SampleSet:2]]
[2020.12.05-19.15.14:879][  0]LogConfig: Setting CVar [[r.SSS.Quality:1]]
[2020.12.05-19.15.14:879][  0]LogConfig: Setting CVar [[r.SSS.HalfRes:0]]
[2020.12.05-19.15.14:879][  0]LogConfig: Setting CVar [[r.SSGI.Quality:3]]
[2020.12.05-19.15.14:879][  0]LogConfig: Setting CVar [[r.EmitterSpawnRateScale:1.0]]
[2020.12.05-19.15.14:879][  0]LogConfig: Setting CVar [[r.ParticleLightQuality:2]]
[2020.12.05-19.15.14:879][  0]LogConfig: Setting CVar [[r.SkyAtmosphere.AerialPerspectiveLUT.FastApplyOnOpaque:1 ; Always have FastSkyLUT 1 in this case to avoid wrong sky]]
[2020.12.05-19.15.14:879][  0]LogConfig: Setting CVar [[r.SkyAtmosphere.AerialPerspectiveLUT.SampleCountPerSlice:1]]
[2020.12.05-19.15.14:879][  0]LogConfig: Setting CVar [[r.SkyAtmosphere.AerialPerspectiveLUT.DepthResolution:16.0]]
[2020.12.05-19.15.14:879][  0]LogConfig: Setting CVar [[r.SkyAtmosphere.FastSkyLUT:1]]
[2020.12.05-19.15.14:879][  0]LogConfig: Setting CVar [[r.SkyAtmosphere.FastSkyLUT.SampleCountMin:4.0]]
[2020.12.05-19.15.14:879][  0]LogConfig: Setting CVar [[r.SkyAtmosphere.FastSkyLUT.SampleCountMax:32.0]]
[2020.12.05-19.15.14:879][  0]LogConfig: Setting CVar [[r.SkyAtmosphere.SampleCountMin:4.0]]
[2020.12.05-19.15.14:879][  0]LogConfig: Setting CVar [[r.SkyAtmosphere.SampleCountMax:32.0]]
[2020.12.05-19.15.14:879][  0]LogConfig: Setting CVar [[r.SkyAtmosphere.TransmittanceLUT.UseSmallFormat:0]]
[2020.12.05-19.15.14:879][  0]LogConfig: Setting CVar [[r.SkyAtmosphere.TransmittanceLUT.SampleCount:10.0]]
[2020.12.05-19.15.14:879][  0]LogConfig: Setting CVar [[r.SkyAtmosphere.MultiScatteringLUT.SampleCount:15.0]]
[2020.12.05-19.15.14:879][  0]LogConfig: Applying CVar settings from Section [FoliageQuality@3] File [C:/Users/Megan/Desktop/Banannaquit-8ea50614b72f1c7e372c7d35f80a9c82b1f735a1/Banannaquit-8ea50614b72f1c7e372c7d35f80a9c82b1f735a1/Saved/Config/Windows/Scalability.ini]
[2020.12.05-19.15.14:879][  0]LogConfig: Setting CVar [[foliage.DensityScale:1.0]]
[2020.12.05-19.15.14:879][  0]LogConfig: Setting CVar [[grass.DensityScale:1.0]]
[2020.12.05-19.15.14:879][  0]LogConfig: Applying CVar settings from Section [ShadingQuality@3] File [C:/Users/Megan/Desktop/Banannaquit-8ea50614b72f1c7e372c7d35f80a9c82b1f735a1/Banannaquit-8ea50614b72f1c7e372c7d35f80a9c82b1f735a1/Saved/Config/Windows/Scalability.ini]
[2020.12.05-19.15.14:879][  0]LogConfig: Setting CVar [[r.HairStrands.SkyLighting.SampleCount:16]]
[2020.12.05-19.15.14:879][  0]LogConfig: Setting CVar [[r.HairStrands.SkyLighting.JitterIntegration:0]]
[2020.12.05-19.15.14:879][  0]LogConfig: Setting CVar [[r.HairStrands.SkyAO.SampleCount:16]]
[2020.12.05-19.15.14:879][  0]LogConfig: Setting CVar [[r.HairStrands.DeepShadow.SuperSampling:0]]
[2020.12.05-19.15.14:879][  0]LogConfig: Setting CVar [[r.HairStrands.VisibilityPPLL:0]]
[2020.12.05-19.15.14:879][  0]LogConfig: Setting CVar [[r.HairStrands.RasterizationScale:0.5]]
[2020.12.05-19.15.14:879][  0]LogConfig: Setting CVar [[r.HairStrands.VelocityRasterizationScale:1]]
[2020.12.05-19.15.14:879][  0]LogInit: Selected Device Profile: [Windows]
[2020.12.05-19.15.14:879][  0]LogInit: Applying CVar settings loaded from the selected device profile: [Windows]
[2020.12.05-19.15.14:880][  0]LogHAL: Display: Platform has ~ 16 GB [17092612096 / 17179869184 / 16], which maps to Larger [LargestMinGB=32, LargerMinGB=12, DefaultMinGB=8, SmallerMinGB=6, SmallestMinGB=0)
[2020.12.05-19.15.14:880][  0]LogInit: Going up to parent DeviceProfile []
[2020.12.05-19.15.14:880][  0]LogConfig: Applying CVar settings from Section [ViewDistanceQuality@3] File [C:/Users/Megan/Desktop/Banannaquit-8ea50614b72f1c7e372c7d35f80a9c82b1f735a1/Banannaquit-8ea50614b72f1c7e372c7d35f80a9c82b1f735a1/Saved/Config/Windows/Scalability.ini]
[2020.12.05-19.15.14:880][  0]LogConfig: Setting CVar [[r.SkeletalMeshLODBias:0]]
[2020.12.05-19.15.14:880][  0]LogConfig: Setting CVar [[r.ViewDistanceScale:1.0]]
[2020.12.05-19.15.14:880][  0]LogConfig: Applying CVar settings from Section [AntiAliasingQuality@3] File [C:/Users/Megan/Desktop/Banannaquit-8ea50614b72f1c7e372c7d35f80a9c82b1f735a1/Banannaquit-8ea50614b72f1c7e372c7d35f80a9c82b1f735a1/Saved/Config/Windows/Scalability.ini]
[2020.12.05-19.15.14:880][  0]LogConfig: Setting CVar [[r.PostProcessAAQuality:4]]
[2020.12.05-19.15.14:880][  0]LogConfig: Applying CVar settings from Section [ShadowQuality@3] File [C:/Users/Megan/Desktop/Banannaquit-8ea50614b72f1c7e372c7d35f80a9c82b1f735a1/Banannaquit-8ea50614b72f1c7e372c7d35f80a9c82b1f735a1/Saved/Config/Windows/Scalability.ini]
[2020.12.05-19.15.14:880][  0]LogConfig: Setting CVar [[r.LightFunctionQuality:1]]
[2020.12.05-19.15.14:880][  0]LogConfig: Setting CVar [[r.ShadowQuality:5]]
[2020.12.05-19.15.14:880][  0]LogConfig: Setting CVar [[r.Shadow.CSM.MaxCascades:10]]
[2020.12.05-19.15.14:880][  0]LogConfig: Setting CVar [[r.Shadow.MaxResolution:2048]]
[2020.12.05-19.15.14:880][  0]LogConfig: Setting CVar [[r.Shadow.MaxCSMResolution:2048]]
[2020.12.05-19.15.14:880][  0]LogConfig: Setting CVar [[r.Shadow.RadiusThreshold:0.01]]
[2020.12.05-19.15.14:880][  0]LogConfig: Setting CVar [[r.Shadow.DistanceScale:1.0]]
[2020.12.05-19.15.14:880][  0]LogConfig: Setting CVar [[r.Shadow.CSM.TransitionScale:1.0]]
[2020.12.05-19.15.14:880][  0]LogConfig: Setting CVar [[r.Shadow.PreShadowResolutionFactor:1.0]]
[2020.12.05-19.15.14:880][  0]LogConfig: Setting CVar [[r.DistanceFieldShadowing:1]]
[2020.12.05-19.15.14:880][  0]LogConfig: Setting CVar [[r.DistanceFieldAO:1]]
[2020.12.05-19.15.14:880][  0]LogConfig: Setting CVar [[r.AOQuality:2]]
[2020.12.05-19.15.14:880][  0]LogConfig: Setting CVar [[r.VolumetricFog:1]]
[2020.12.05-19.15.14:880][  0]LogConfig: Setting CVar [[r.VolumetricFog.GridPixelSize:8]]
[2020.12.05-19.15.14:880][  0]LogConfig: Setting CVar [[r.VolumetricFog.GridSizeZ:128]]
[2020.12.05-19.15.14:880][  0]LogConfig: Setting CVar [[r.VolumetricFog.HistoryMissSupersampleCount:4]]
[2020.12.05-19.15.14:880][  0]LogConfig: Setting CVar [[r.LightMaxDrawDistanceScale:1]]
[2020.12.05-19.15.14:880][  0]LogConfig: Setting CVar [[r.CapsuleShadows:1]]
[2020.12.05-19.15.14:880][  0]LogConfig: Applying CVar settings from Section [PostProcessQuality@3] File [C:/Users/Megan/Desktop/Banannaquit-8ea50614b72f1c7e372c7d35f80a9c82b1f735a1/Banannaquit-8ea50614b72f1c7e372c7d35f80a9c82b1f735a1/Saved/Config/Windows/Scalability.ini]
[2020.12.05-19.15.14:880][  0]LogConfig: Setting CVar [[r.MotionBlurQuality:4]]
[2020.12.05-19.15.14:880][  0]LogConfig: Setting CVar [[r.AmbientOcclusionMipLevelFactor:0.4]]
[2020.12.05-19.15.14:880][  0]LogConfig: Setting CVar [[r.AmbientOcclusionMaxQuality:100]]
[2020.12.05-19.15.14:880][  0]LogConfig: Setting CVar [[r.AmbientOcclusionLevels:-1]]
[2020.12.05-19.15.14:880][  0]LogConfig: Setting CVar [[r.AmbientOcclusionRadiusScale:1.0]]
[2020.12.05-19.15.14:880][  0]LogConfig: Setting CVar [[r.DepthOfFieldQuality:2]]
[2020.12.05-19.15.14:880][  0]LogConfig: Setting CVar [[r.RenderTargetPoolMin:400]]
[2020.12.05-19.15.14:880][  0]LogConfig: Setting CVar [[r.LensFlareQuality:2]]
[2020.12.05-19.15.14:880][  0]LogConfig: Setting CVar [[r.SceneColorFringeQuality:1]]
[2020.12.05-19.15.14:880][  0]LogConfig: Setting CVar [[r.EyeAdaptationQuality:2]]
[2020.12.05-19.15.14:880][  0]LogConfig: Setting CVar [[r.BloomQuality:5]]
[2020.12.05-19.15.14:880][  0]LogConfig: Setting CVar [[r.FastBlurThreshold:100]]
[2020.12.05-19.15.14:880][  0]LogConfig: Setting CVar [[r.Upscale.Quality:3]]
[2020.12.05-19.15.14:880][  0]LogConfig: Setting CVar [[r.Tonemapper.GrainQuantization:1]]
[2020.12.05-19.15.14:880][  0]LogConfig: Setting CVar [[r.LightShaftQuality:1]]
[2020.12.05-19.15.14:880][  0]LogConfig: Setting CVar [[r.Filter.SizeScale:1]]
[2020.12.05-19.15.14:880][  0]LogConfig: Setting CVar [[r.Tonemapper.Quality:5]]
[2020.12.05-19.15.14:880][  0]LogConfig: Setting CVar [[r.DOF.Gather.AccumulatorQuality:1        ; higher gathering accumulator quality]]
[2020.12.05-19.15.14:880][  0]LogConfig: Setting CVar [[r.DOF.Gather.PostfilterMethod:1          ; Median3x3 postfilering method]]
[2020.12.05-19.15.14:880][  0]LogConfig: Setting CVar [[r.DOF.Gather.EnableBokehSettings:0       ; no bokeh simulation when gathering]]
[2020.12.05-19.15.14:880][  0]LogConfig: Setting CVar [[r.DOF.Gather.RingCount:4                 ; medium number of samples when gathering]]
[2020.12.05-19.15.14:880][  0]LogConfig: Setting CVar [[r.DOF.Scatter.ForegroundCompositing:1    ; additive foreground scattering]]
[2020.12.05-19.15.14:880][  0]LogConfig: Setting CVar [[r.DOF.Scatter.BackgroundCompositing:2    ; additive background scattering]]
[2020.12.05-19.15.14:880][  0]LogConfig: Setting CVar [[r.DOF.Scatter.EnableBokehSettings:1      ; bokeh simulation when scattering]]
[2020.12.05-19.15.14:880][  0]LogConfig: Setting CVar [[r.DOF.Scatter.MaxSpriteRatio:0.1         ; only a maximum of 10% of scattered bokeh]]
[2020.12.05-19.15.14:880][  0]LogConfig: Setting CVar [[r.DOF.Recombine.Quality:1                ; cheap slight out of focus]]
[2020.12.05-19.15.14:880][  0]LogConfig: Setting CVar [[r.DOF.Recombine.EnableBokehSettings:0    ; no bokeh simulation on slight out of focus]]
[2020.12.05-19.15.14:880][  0]LogConfig: Setting CVar [[r.DOF.TemporalAAQuality:1                ; more stable temporal accumulation]]
[2020.12.05-19.15.14:880][  0]LogConfig: Setting CVar [[r.DOF.Kernel.MaxForegroundRadius:0.025]]
[2020.12.05-19.15.14:880][  0]LogConfig: Setting CVar [[r.DOF.Kernel.MaxBackgroundRadius:0.025]]
[2020.12.05-19.15.14:880][  0]LogConfig: Applying CVar settings from Section [TextureQuality@3] File [C:/Users/Megan/Desktop/Banannaquit-8ea50614b72f1c7e372c7d35f80a9c82b1f735a1/Banannaquit-8ea50614b72f1c7e372c7d35f80a9c82b1f735a1/Saved/Config/Windows/Scalability.ini]
[2020.12.05-19.15.14:880][  0]LogConfig: Setting CVar [[r.Streaming.MipBias:0]]
[2020.12.05-19.15.14:880][  0]LogConfig: Setting CVar [[r.Streaming.AmortizeCPUToGPUCopy:0]]
[2020.12.05-19.15.14:880][  0]LogConfig: Setting CVar [[r.Streaming.MaxNumTexturesToStreamPerFrame:0]]
[2020.12.05-19.15.14:880][  0]LogConfig: Setting CVar [[r.Streaming.Boost:1]]
[2020.12.05-19.15.14:880][  0]LogConfig: Setting CVar [[r.MaxAnisotropy:8]]
[2020.12.05-19.15.14:880][  0]LogConfig: Setting CVar [[r.VT.MaxAnisotropy:8]]
[2020.12.05-19.15.14:880][  0]LogConfig: Setting CVar [[r.Streaming.LimitPoolSizeToVRAM:0]]
[2020.12.05-19.15.14:880][  0]LogConfig: Setting CVar [[r.Streaming.PoolSize:1000]]
[2020.12.05-19.15.14:880][  0]LogConfig: Setting CVar [[r.Streaming.MaxEffectiveScreenSize:0]]
[2020.12.05-19.15.14:880][  0]LogConfig: Applying CVar settings from Section [EffectsQuality@3] File [C:/Users/Megan/Desktop/Banannaquit-8ea50614b72f1c7e372c7d35f80a9c82b1f735a1/Banannaquit-8ea50614b72f1c7e372c7d35f80a9c82b1f735a1/Saved/Config/Windows/Scalability.ini]
[2020.12.05-19.15.14:880][  0]LogConfig: Setting CVar [[r.TranslucencyLightingVolumeDim:64]]
[2020.12.05-19.15.14:880][  0]LogConfig: Setting CVar [[r.RefractionQuality:2]]
[2020.12.05-19.15.14:880][  0]LogConfig: Setting CVar [[r.SSR.Quality:3]]
[2020.12.05-19.15.14:880][  0]LogConfig: Setting CVar [[r.SSR.HalfResSceneColor:0]]
[2020.12.05-19.15.14:880][  0]LogConfig: Setting CVar [[r.SceneColorFormat:4]]
[2020.12.05-19.15.14:880][  0]LogConfig: Setting CVar [[r.DetailMode:2]]
[2020.12.05-19.15.14:880][  0]LogConfig: Setting CVar [[r.TranslucencyVolumeBlur:1]]
[2020.12.05-19.15.14:880][  0]LogConfig: Setting CVar [[r.MaterialQualityLevel:1 ; High quality]]
[2020.12.05-19.15.14:880][  0]LogConfig: Setting CVar [[r.SSS.Scale:1]]
[2020.12.05-19.15.14:880][  0]LogConfig: Setting CVar [[r.SSS.SampleSet:2]]
[2020.12.05-19.15.14:880][  0]LogConfig: Setting CVar [[r.SSS.Quality:1]]
[2020.12.05-19.15.14:880][  0]LogConfig: Setting CVar [[r.SSS.HalfRes:0]]
[2020.12.05-19.15.14:880][  0]LogConfig: Setting CVar [[r.SSGI.Quality:3]]
[2020.12.05-19.15.14:880][  0]LogConfig: Setting CVar [[r.EmitterSpawnRateScale:1.0]]
[2020.12.05-19.15.14:880][  0]LogConfig: Setting CVar [[r.ParticleLightQuality:2]]
[2020.12.05-19.15.14:880][  0]LogConfig: Setting CVar [[r.SkyAtmosphere.AerialPerspectiveLUT.FastApplyOnOpaque:1 ; Always have FastSkyLUT 1 in this case to avoid wrong sky]]
[2020.12.05-19.15.14:880][  0]LogConfig: Setting CVar [[r.SkyAtmosphere.AerialPerspectiveLUT.SampleCountPerSlice:1]]
[2020.12.05-19.15.14:880][  0]LogConfig: Setting CVar [[r.SkyAtmosphere.AerialPerspectiveLUT.DepthResolution:16.0]]
[2020.12.05-19.15.14:881][  0]LogConfig: Setting CVar [[r.SkyAtmosphere.FastSkyLUT:1]]
[2020.12.05-19.15.14:881][  0]LogConfig: Setting CVar [[r.SkyAtmosphere.FastSkyLUT.SampleCountMin:4.0]]
[2020.12.05-19.15.14:881][  0]LogConfig: Setting CVar [[r.SkyAtmosphere.FastSkyLUT.SampleCountMax:32.0]]
[2020.12.05-19.15.14:881][  0]LogConfig: Setting CVar [[r.SkyAtmosphere.SampleCountMin:4.0]]
[2020.12.05-19.15.14:881][  0]LogConfig: Setting CVar [[r.SkyAtmosphere.SampleCountMax:32.0]]
[2020.12.05-19.15.14:881][  0]LogConfig: Setting CVar [[r.SkyAtmosphere.TransmittanceLUT.UseSmallFormat:0]]
[2020.12.05-19.15.14:881][  0]LogConfig: Setting CVar [[r.SkyAtmosphere.TransmittanceLUT.SampleCount:10.0]]
[2020.12.05-19.15.14:881][  0]LogConfig: Setting CVar [[r.SkyAtmosphere.MultiScatteringLUT.SampleCount:15.0]]
[2020.12.05-19.15.14:881][  0]LogConfig: Applying CVar settings from Section [FoliageQuality@3] File [C:/Users/Megan/Desktop/Banannaquit-8ea50614b72f1c7e372c7d35f80a9c82b1f735a1/Banannaquit-8ea50614b72f1c7e372c7d35f80a9c82b1f735a1/Saved/Config/Windows/Scalability.ini]
[2020.12.05-19.15.14:881][  0]LogConfig: Setting CVar [[foliage.DensityScale:1.0]]
[2020.12.05-19.15.14:881][  0]LogConfig: Setting CVar [[grass.DensityScale:1.0]]
[2020.12.05-19.15.14:881][  0]LogConfig: Applying CVar settings from Section [ShadingQuality@3] File [C:/Users/Megan/Desktop/Banannaquit-8ea50614b72f1c7e372c7d35f80a9c82b1f735a1/Banannaquit-8ea50614b72f1c7e372c7d35f80a9c82b1f735a1/Saved/Config/Windows/Scalability.ini]
[2020.12.05-19.15.14:881][  0]LogConfig: Setting CVar [[r.HairStrands.SkyLighting.SampleCount:16]]
[2020.12.05-19.15.14:881][  0]LogConfig: Setting CVar [[r.HairStrands.SkyLighting.JitterIntegration:0]]
[2020.12.05-19.15.14:881][  0]LogConfig: Setting CVar [[r.HairStrands.SkyAO.SampleCount:16]]
[2020.12.05-19.15.14:881][  0]LogConfig: Setting CVar [[r.HairStrands.DeepShadow.SuperSampling:0]]
[2020.12.05-19.15.14:881][  0]LogConfig: Setting CVar [[r.HairStrands.VisibilityPPLL:0]]
[2020.12.05-19.15.14:881][  0]LogConfig: Setting CVar [[r.HairStrands.RasterizationScale:0.5]]
[2020.12.05-19.15.14:881][  0]LogConfig: Setting CVar [[r.HairStrands.VelocityRasterizationScale:1]]
[2020.12.05-19.15.14:881][  0]LogConfig: Applying CVar settings from Section [Startup] File [../../../Engine/Config/ConsoleVariables.ini]
[2020.12.05-19.15.14:881][  0]LogConfig: Setting CVar [[net.UseAdaptiveNetUpdateFrequency:0]]
[2020.12.05-19.15.14:881][  0]LogConfig: Setting CVar [[p.chaos.AllowCreatePhysxBodies:1]]
[2020.12.05-19.15.14:881][  0]LogConfig: Setting CVar [[fx.SkipVectorVMBackendOptimizations:1]]
[2020.12.05-19.15.14:881][  0]LogConfig: Applying CVar settings from Section [ConsoleVariables] File [C:/Users/Megan/Desktop/Banannaquit-8ea50614b72f1c7e372c7d35f80a9c82b1f735a1/Banannaquit-8ea50614b72f1c7e372c7d35f80a9c82b1f735a1/Saved/Config/Windows/Engine.ini]
[2020.12.05-19.15.14:881][  0]LogInit: Computer: ATC256-44-OLD
[2020.12.05-19.15.14:881][  0]LogInit: User: Megan
[2020.12.05-19.15.14:881][  0]LogInit: CPU Page size=4096, Cores=4
[2020.12.05-19.15.14:881][  0]LogInit: High frequency timer resolution =10.000000 MHz
[2020.12.05-19.15.14:881][  0]LogMemory: Memory total: Physical=15.9GB (16GB approx)
[2020.12.05-19.15.14:881][  0]LogMemory: Platform Memory Stats for Windows
[2020.12.05-19.15.14:881][  0]LogMemory: Process Physical Memory: 115.44 MB used, 115.45 MB peak
[2020.12.05-19.15.14:881][  0]LogMemory: Process Virtual Memory: 104.58 MB used, 104.58 MB peak
[2020.12.05-19.15.14:881][  0]LogMemory: Physical Memory: 5446.83 MB used,  10853.96 MB free, 16300.79 MB total
[2020.12.05-19.15.14:881][  0]LogMemory: Virtual Memory: 5151.39 MB used,  134212576.00 MB free, 134217728.00 MB total
[2020.12.05-19.15.14:887][  0]LogWindows: WindowsPlatformFeatures enabled
[2020.12.05-19.15.15:457][  0]LogInit: Physics initialised using underlying interface: PhysX
[2020.12.05-19.15.15:458][  0]LogInit: Using OS detected language (en-US).
[2020.12.05-19.15.15:458][  0]LogInit: Using OS detected locale (en-US).
[2020.12.05-19.15.15:459][  0]LogTextLocalizationManager: No specific localization for 'en-US' exists, so the 'en' localization will be used.
[2020.12.05-19.15.15:703][  0]LogInit: Setting process to per monitor DPI aware
[2020.12.05-19.15.15:852][  0]LogSlate: New Slate User Created.  User Index 0, Is Virtual User: 0
[2020.12.05-19.15.15:852][  0]LogSlate: Slate User Registered.  User Index 0, Is Virtual User: 0
[2020.12.05-19.15.18:722][  0]LogHMD: Failed to initialize OpenVR with code 110
[2020.12.05-19.15.18:722][  0]LogD3D11RHI: D3D11 min allowed feature level: 11_0
[2020.12.05-19.15.18:722][  0]LogD3D11RHI: D3D11 max allowed feature level: 11_0
[2020.12.05-19.15.18:722][  0]LogD3D11RHI: D3D11 adapters:
[2020.12.05-19.15.18:783][  0]LogD3D11RHI:    0. 'NVIDIA GeForce GTX 960' (Feature Level 11_0)
[2020.12.05-19.15.18:783][  0]LogD3D11RHI:       2007/0/8150 MB DedicatedVideo/DedicatedSystem/SharedSystem, Outputs:2, VendorId:0x10de
[2020.12.05-19.15.18:790][  0]LogD3D11RHI:    1. 'Intel(R) HD Graphics 4600' (Feature Level 11_0)
[2020.12.05-19.15.18:790][  0]LogD3D11RHI:       112/0/2048 MB DedicatedVideo/DedicatedSystem/SharedSystem, Outputs:0, VendorId:0x8086
[2020.12.05-19.15.18:792][  0]LogD3D11RHI:    2. 'Microsoft Basic Render Driver' (Feature Level 11_0)
[2020.12.05-19.15.18:792][  0]LogD3D11RHI:       0/0/8150 MB DedicatedVideo/DedicatedSystem/SharedSystem, Outputs:0, VendorId:0x1414
[2020.12.05-19.15.18:792][  0]LogD3D11RHI: Chosen D3D11 Adapter: 0
[2020.12.05-19.15.18:797][  0]LogD3D11RHI: Creating new Direct3DDevice
[2020.12.05-19.15.18:797][  0]LogD3D11RHI:     GPU DeviceId: 0x1401 (for the marketing name, search the web for "GPU Device Id")
[2020.12.05-19.15.18:797][  0]LogWindows: EnumDisplayDevices:
[2020.12.05-19.15.18:797][  0]LogWindows:    0. 'NVIDIA GeForce GTX 960' (P:1 D:1)
[2020.12.05-19.15.18:798][  0]LogWindows:    1. 'NVIDIA GeForce GTX 960' (P:0 D:1)
[2020.12.05-19.15.18:798][  0]LogWindows:    2. 'NVIDIA GeForce GTX 960' (P:0 D:0)
[2020.12.05-19.15.18:798][  0]LogWindows:    3. 'NVIDIA GeForce GTX 960' (P:0 D:0)
[2020.12.05-19.15.18:798][  0]LogWindows:    4. 'Intel(R) HD Graphics 4600' (P:0 D:0)
[2020.12.05-19.15.18:799][  0]LogWindows:    5. 'Intel(R) HD Graphics 4600' (P:0 D:0)
[2020.12.05-19.15.18:799][  0]LogWindows:    6. 'Intel(R) HD Graphics 4600' (P:0 D:0)
[2020.12.05-19.15.18:799][  0]LogWindows: DebugString: PrimaryIsNotTheChoosenAdapter PrimaryIsNotTheChoosenAdapter PrimaryIsNotTheChoosenAdapter FoundDriverCount:4 
[2020.12.05-19.15.18:799][  0]LogD3D11RHI:     Adapter Name: NVIDIA GeForce GTX 960
[2020.12.05-19.15.18:799][  0]LogD3D11RHI:   Driver Version: 456.71 (internal:27.21.14.5671, unified:456.71)
[2020.12.05-19.15.18:799][  0]LogD3D11RHI:      Driver Date: 9-30-2020
[2020.12.05-19.15.18:799][  0]LogRHI: Texture pool is 1405 MB (70% of 2007 MB)
[2020.12.05-19.15.18:838][  0]LogD3D11RHI: RHI has support for 64 bit atomics
[2020.12.05-19.15.18:839][  0]LogD3D11RHI: [Aftermath] Enabled and primed
[2020.12.05-19.15.18:840][  0]LogD3D11RHI: Async texture creation enabled
[2020.12.05-19.15.18:840][  0]LogD3D11RHI: Array index from any shader is supported
[2020.12.05-19.15.18:860][  0]LogD3D11RHI: GPU Timing Frequency: 1000.000000 (Debug: 2 1)
[2020.12.05-19.15.19:460][  0]LogTargetPlatformManager: Display: Loaded TargetPlatform 'AllDesktop'
[2020.12.05-19.15.19:515][  0]LogTargetPlatformManager: Display: Loaded TargetPlatform 'Android'
[2020.12.05-19.15.19:515][  0]LogTargetPlatformManager: Display: Loaded TargetPlatform 'Android_ASTC'
[2020.12.05-19.15.19:515][  0]LogTargetPlatformManager: Display: Loaded TargetPlatform 'Android_DXT'
[2020.12.05-19.15.19:515][  0]LogTargetPlatformManager: Display: Loaded TargetPlatform 'Android_ETC2'
[2020.12.05-19.15.19:515][  0]LogTargetPlatformManager: Display: Loaded TargetPlatform 'AndroidClient'
[2020.12.05-19.15.19:515][  0]LogTargetPlatformManager: Display: Loaded TargetPlatform 'Android_ASTCClient'
[2020.12.05-19.15.19:515][  0]LogTargetPlatformManager: Display: Loaded TargetPlatform 'Android_DXTClient'
[2020.12.05-19.15.19:515][  0]LogTargetPlatformManager: Display: Loaded TargetPlatform 'Android_ETC2Client'
[2020.12.05-19.15.19:515][  0]LogTargetPlatformManager: Display: Loaded TargetPlatform 'Android_Multi'
[2020.12.05-19.15.19:516][  0]LogTargetPlatformManager: Display: Loaded TargetPlatform 'Android_MultiClient'
[2020.12.05-19.15.19:621][  0]LogTargetPlatformManager: Display: Loaded TargetPlatform 'IOSClient'
[2020.12.05-19.15.19:621][  0]LogTargetPlatformManager: Display: Loaded TargetPlatform 'IOS'
[2020.12.05-19.15.19:667][  0]LogTargetPlatformManager: Display: Loaded TargetPlatform 'Linux'
[2020.12.05-19.15.19:696][  0]LogTargetPlatformManager: Display: Loaded TargetPlatform 'LinuxNoEditor'
[2020.12.05-19.15.19:727][  0]LogTargetPlatformManager: Display: Loaded TargetPlatform 'LinuxClient'
[2020.12.05-19.15.19:751][  0]LogTargetPlatformManager: Display: Loaded TargetPlatform 'LinuxServer'
[2020.12.05-19.15.19:773][  0]LogTargetPlatformManager: Display: Loaded TargetPlatform 'LinuxAArch64NoEditor'
[2020.12.05-19.15.19:795][  0]LogTargetPlatformManager: Display: Loaded TargetPlatform 'LinuxAArch64Client'
[2020.12.05-19.15.19:820][  0]LogTargetPlatformManager: Display: Loaded TargetPlatform 'LinuxAArch64Server'
[2020.12.05-19.15.19:876][  0]LogTargetPlatformManager: Display: Loaded TargetPlatform 'Lumin'
[2020.12.05-19.15.19:876][  0]LogTargetPlatformManager: Display: Loaded TargetPlatform 'LuminClient'
[2020.12.05-19.15.19:905][  0]LogTargetPlatformManager: Display: Loaded TargetPlatform 'TVOSClient'
[2020.12.05-19.15.19:905][  0]LogTargetPlatformManager: Display: Loaded TargetPlatform 'TVOS'
[2020.12.05-19.15.19:935][  0]LogTargetPlatformManager: Display: Loaded TargetPlatform 'WindowsNoEditor'
[2020.12.05-19.15.19:959][  0]LogTargetPlatformManager: Display: Loaded TargetPlatform 'Windows'
[2020.12.05-19.15.19:992][  0]LogTargetPlatformManager: Display: Loaded TargetPlatform 'WindowsClient'
[2020.12.05-19.15.20:017][  0]LogTargetPlatformManager: Display: Loaded TargetPlatform 'WindowsServer'
[2020.12.05-19.15.20:017][  0]LogTargetPlatformManager: Display: Building Assets For Windows
[2020.12.05-19.15.20:137][  0]LogAudioDebug: Display: Lib vorbis DLL was dynamically loaded.
[2020.12.05-19.15.20:780][  0]LogShaderCompilers: Guid format shader working directory is -83 characters bigger than the processId version (C:/Users/Megan/Desktop/Banannaquit-8ea50614b72f1c7e372c7d35f80a9c82b1f735a1/Banannaquit-8ea50614b72f1c7e372c7d35f80a9c82b1f735a1/Intermediate/Shaders/WorkingDirectory/12348/).
[2020.12.05-19.15.20:780][  0]LogShaderCompilers: Cleaned the shader compiler working directory 'C:/Users/Megan/AppData/Local/Temp/UnrealShaderWorkingDir/752A5F4C4A7A0080463F15BB733B5825/'.
[2020.12.05-19.15.20:780][  0]LogXGEController: Cleaning working directory: C:/Users/Megan/AppData/Local/Temp/UnrealXGEWorkingDir/
[2020.12.05-19.15.20:780][  0]LogXGEController: Cannot use XGE Controller as Incredibuild is not installed on this machine.
[2020.12.05-19.15.20:780][  0]LogShaderCompilers: Cannot use XGE Shader Compiler as Incredibuild is not installed on this machine.
[2020.12.05-19.15.20:780][  0]LogShaderCompilers: Display: Using Local Shader Compiler.
[2020.12.05-19.15.23:972][  0]LogDerivedDataCache: Display: Max Cache Size: 512 MB
[2020.12.05-19.15.24:035][  0]LogDerivedDataCache: Loaded boot cache 0.06s 75MB C:/Users/Megan/AppData/Local/UnrealEngine/4.25/DerivedDataCache/Boot.ddc.
[2020.12.05-19.15.24:035][  0]LogDerivedDataCache: Display: Loaded Boot cache: C:/Users/Megan/AppData/Local/UnrealEngine/4.25/DerivedDataCache/Boot.ddc
[2020.12.05-19.15.24:035][  0]LogDerivedDataCache: FDerivedDataBackendGraph:  Pak pak cache file C:/Users/Megan/Desktop/Banannaquit-8ea50614b72f1c7e372c7d35f80a9c82b1f735a1/Banannaquit-8ea50614b72f1c7e372c7d35f80a9c82b1f735a1/DerivedDataCache/DDC.ddp not found, will not use a pak cache.
[2020.12.05-19.15.24:035][  0]LogDerivedDataCache: Unable to find inner node Pak for hierarchical cache Hierarchy.
[2020.12.05-19.15.24:037][  0]LogDerivedDataCache: FDerivedDataBackendGraph:  CompressedPak pak cache file C:/Users/Megan/Desktop/Banannaquit-8ea50614b72f1c7e372c7d35f80a9c82b1f735a1/Banannaquit-8ea50614b72f1c7e372c7d35f80a9c82b1f735a1/DerivedDataCache/Compressed.ddp not found, will not use a pak cache.
[2020.12.05-19.15.24:037][  0]LogDerivedDataCache: Unable to find inner node CompressedPak for hierarchical cache Hierarchy.
[2020.12.05-19.15.24:104][  0]LogDerivedDataCache: Display: Pak cache opened for reading ../../../Engine/DerivedDataCache/Compressed.ddp.
[2020.12.05-19.15.24:104][  0]LogDerivedDataCache: FDerivedDataBackendGraph:  EnterprisePak pak cache file ../../../Enterprise/DerivedDataCache/Compressed.ddp not found, will not use a pak cache.
[2020.12.05-19.15.24:104][  0]LogDerivedDataCache: Unable to find inner node EnterprisePak for hierarchical cache Hierarchy.
[2020.12.05-19.15.24:105][  0]LogDerivedDataCache: Using Local data cache path C:/Users/Megan/AppData/Local/UnrealEngine/Common/DerivedDataCache: Writable
[2020.12.05-19.15.24:105][  0]LogDerivedDataCache: Shared data cache path not found in *engine.ini, will not use an Shared cache.
[2020.12.05-19.15.24:105][  0]LogDerivedDataCache: Unable to find inner node Shared for hierarchical cache Hierarchy.
[2020.12.05-19.15.24:161][  0]LogSlate: Using FreeType 2.10.0
[2020.12.05-19.15.24:186][  0]LogSlate: SlateFontServices - WITH_FREETYPE: 1, WITH_HARFBUZZ: 1
[2020.12.05-19.15.24:662][  0]LogAssetRegistry: FAssetRegistry took 0.0024 seconds to start up
[2020.12.05-19.15.24:912][  0]LogInit: Selected Device Profile: [Windows]
[2020.12.05-19.15.25:774][  0]LogMeshReduction: Using QuadricMeshReduction for automatic static mesh reduction
[2020.12.05-19.15.25:774][  0]LogMeshReduction: Using SimplygonMeshReduction for automatic skeletal mesh reduction
[2020.12.05-19.15.25:774][  0]LogMeshReduction: Using ProxyLODMeshReduction for automatic mesh merging
[2020.12.05-19.15.25:774][  0]LogMeshReduction: No distributed automatic mesh merging module available
[2020.12.05-19.15.25:774][  0]LogMeshMerging: No distributed automatic mesh merging module available
[2020.12.05-19.15.25:860][  0]LogNetVersion: bananaquit 1.0.0, NetCL: 13144385, EngineNetVer: 14, GameNetVer: 0 (Checksum: 510207436)
[2020.12.05-19.15.30:787][  0]LogAISub: UAISubsystem::UAISubsystem AISubsystem (00000284A26F2980), frame # 0
[2020.12.05-19.15.30:787][  0]LogAISub: UAISubsystem::UAISubsystem AIPerceptionSystem (00000284A25B5D00), frame # 0
[2020.12.05-19.15.30:789][  0]LogAISub: UAISubsystem::UAISubsystem EnvQueryManager (00000284A26F6800), frame # 0
[2020.12.05-19.15.30:854][  0]LogPackageLocalizationCache: Processed 19 localized package path(s) for 1 prioritized culture(s) in 0.040463 seconds
[2020.12.05-19.15.30:861][  0]LogUObjectArray: 15917 objects as part of root set at end of initial load.
[2020.12.05-19.15.30:861][  0]LogUObjectAllocator: 3965568 out of 0 bytes used by permanent object pool.
[2020.12.05-19.15.30:861][  0]LogUObjectArray: CloseDisregardForGC: 0/0 objects in disregard for GC pool
[2020.12.05-19.15.34:320][  0]LogTcpMessaging: Initializing TcpMessaging bridge
[2020.12.05-19.15.34:365][  0]LogUdpMessaging: Initializing bridge on interface 0.0.0.0:0 to multicast group 230.0.0.1:6666.
[2020.12.05-19.15.35:063][  0]SourceControl: Source control is disabled
[2020.12.05-19.15.35:063][  0]SourceControl: Source control is disabled
[2020.12.05-19.15.35:123][  0]SourceControl: Source control is disabled
[2020.12.05-19.15.35:175][  0]SourceControl: Source control is disabled
[2020.12.05-19.15.35:231][  0]SourceControl: Source control is disabled
[2020.12.05-19.15.37:760][  0]LogAndroidPermission: UAndroidPermissionCallbackProxy::GetInstance
[2020.12.05-19.15.37:961][  0]LogAudioCaptureCore: Display: No Audio Capture implementations found. Audio input will be silent.
[2020.12.05-19.15.37:961][  0]LogAudioCaptureCore: Display: No Audio Capture implementations found. Audio input will be silent.
[2020.12.05-19.15.38:307][  0]LogOcInput: OculusInput pre-init called
[2020.12.05-19.15.38:384][  0]LogWindows: Failed to load 'OVRPlugin.dll' (GetLastError=126)
[2020.12.05-19.15.38:384][  0]LogWindows: File 'OVRPlugin.dll' does not exist
[2020.12.05-19.15.38:730][  0]LogEngine: Initializing Engine...
[2020.12.05-19.15.38:731][  0]LogHMD: Failed to initialize OpenVR with code 110
[2020.12.05-19.15.38:731][  0]LogMagicLeap: Warning: VR disabled because ZI is not enabled.  To enable, in the editor, Edit -> Project Settings -> Plugins -> Magic Leap Plugin -> Enable Zero Iteration
[2020.12.05-19.15.38:732][  0]LogStats: UGameplayTagsManager::InitializeManager -  0.000 s
[2020.12.05-19.15.39:174][  0]LogInit: Initializing FReadOnlyCVARCache
[2020.12.05-19.15.39:221][  0]LogAIModule: Creating AISystem for world Untitled
[2020.12.05-19.15.39:221][  0]LogAISub: UAISubsystem::UAISubsystem EnvQueryManager (00000284A4F11C00), frame # 0
[2020.12.05-19.15.39:221][  0]LogAISub: UAISubsystem::UAISubsystem AIPerceptionSystem (00000284A4F3CB80), frame # 0
[2020.12.05-19.15.39:259][  0]LogAudioMixer: Display: Audio Mixer Platform Settings:
[2020.12.05-19.15.39:259][  0]LogAudioMixer: Display: 	Sample Rate:						  48000
[2020.12.05-19.15.39:259][  0]LogAudioMixer: Display: 	Callback Buffer Frame Size Requested: 1024
[2020.12.05-19.15.39:259][  0]LogAudioMixer: Display: 	Callback Buffer Frame Size To Use:	  1024
[2020.12.05-19.15.39:259][  0]LogAudioMixer: Display: 	Number of buffers to queue:			  2
[2020.12.05-19.15.39:259][  0]LogAudioMixer: Display: 	Max Channels (voices):				  32
[2020.12.05-19.15.39:259][  0]LogAudioMixer: Display: 	Number of Async Source Workers:		  0
[2020.12.05-19.15.39:259][  0]LogAudio: Display: AudioDevice MaxSources: 32
[2020.12.05-19.15.39:259][  0]LogAudio: Display: Using built-in audio occlusion.
[2020.12.05-19.15.39:259][  0]LogAudioMixer: Display: Initializing audio mixer.
[2020.12.05-19.15.39:269][  0]LogAudioMixer: Display: 0: FrontLeft
[2020.12.05-19.15.39:269][  0]LogAudioMixer: Display: 1: FrontRight
[2020.12.05-19.15.39:337][  0]LogAudioMixer: Display: Using Audio Device Speakers / Headphones (Realtek Audio)
[2020.12.05-19.15.39:337][  0]LogAudioMixer: Display: Initializing Sound Submixes...
[2020.12.05-19.15.39:351][  0]LogAudioMixer: Display: Creating Master Submix 'MasterSubmixDefault'
[2020.12.05-19.15.39:351][  0]LogAudioMixer: Display: Creating Master Submix 'MasterReverbSubmixDefault'
[2020.12.05-19.15.39:352][  0]LogAudioMixer: Display: Creating Master Submix 'MasterEQSubmixDefault'
[2020.12.05-19.15.39:353][  0]LogInit: FAudioDevice initialized.
[2020.12.05-19.15.39:353][  0]LogNetVersion: Set ProjectVersion to 1.0.0.0. Version Checksum will be recalculated on next use.
[2020.12.05-19.15.39:484][  0]LogDerivedDataCache: Saved boot cache 0.13s 75MB C:/Users/Megan/AppData/Local/UnrealEngine/4.25/DerivedDataCache/Boot.ddc.
[2020.12.05-19.15.39:485][  0]LogInit: Texture streaming: Enabled
[2020.12.05-19.15.39:705][  0]LogEngineSessionManager: EngineSessionManager initialized
[2020.12.05-19.15.39:705][  0]LogEditorSessionSummary: Verbose: Initializing EditorSessionSummaryWriter for editor session tracking
[2020.12.05-19.15.39:710][  0]LogEditorSessionSummary: EditorSessionSummaryWriter initialized
[2020.12.05-19.15.39:822][  0]LogInit: Transaction tracking system initialized
[2020.12.05-19.15.40:159][  0]BlueprintLog: New page: Editor Load
[2020.12.05-19.15.40:910][  0]LocalizationService: Localization service is disabled
[2020.12.05-19.15.42:281][  0]LogCook: Display: Max memory allowance for cook 16384mb min free memory 0mb
[2020.12.05-19.15.42:281][  0]LogCook: Display: Mobile HDR setting 1
[2020.12.05-19.15.42:634][  0]LogFileCache: Scanning file cache for directory 'C:/Users/Megan/Desktop/Banannaquit-8ea50614b72f1c7e372c7d35f80a9c82b1f735a1/Banannaquit-8ea50614b72f1c7e372c7d35f80a9c82b1f735a1/Content/' took 0.02s
[2020.12.05-19.15.44:292][  0]SourceControl: Source control is disabled
[2020.12.05-19.15.44:292][  0]LogUnrealEdMisc: Loading editor; pre map load, took 34.264
[2020.12.05-19.15.44:293][  0]LightingResults: New page: Lighting Build
[2020.12.05-19.15.44:293][  0]LogWorld: UWorld::CleanupWorld for Untitled, bSessionEnded=true, bCleanupResources=true
[2020.12.05-19.15.44:293][  0]LogSlate: InvalidateAllWidgets triggered.  All widgets were invalidated
[2020.12.05-19.15.44:293][  0]MapCheck: New page: Map Check
[2020.12.05-19.15.44:293][  0]LightingResults: New page: Lighting Build
[2020.12.05-19.15.44:302][  0]LogAISub: UAISubsystem::~UAISubsystem EnvQueryManager (00000284A4F11C00), frame # 0
[2020.12.05-19.15.44:302][  0]LogAISub: UAISubsystem::~UAISubsystem AIPerceptionSystem (00000284A4F3CB80), frame # 0
[2020.12.05-19.15.44:303][  0]LogUObjectHash: Compacting FUObjectHashTables data took   0.67ms
[2020.12.05-19.15.45:012][  0]LogAIModule: Creating AISystem for world SideScrollerExampleMap
[2020.12.05-19.15.45:012][  0]LogAISub: UAISubsystem::UAISubsystem EnvQueryManager (000002849655BE00), frame # 0
[2020.12.05-19.15.45:012][  0]LogAISub: UAISubsystem::UAISubsystem AIPerceptionSystem (0000028496577240), frame # 0
[2020.12.05-19.15.45:046][  0]LogEditorServer: Finished looking for orphan Actors (0.000 secs)
[2020.12.05-19.15.45:062][  0]LogUObjectHash: Compacting FUObjectHashTables data took   1.11ms
[2020.12.05-19.15.45:062][  0]Cmd: MAP CHECKDEP NOCLEARLOG
[2020.12.05-19.15.45:062][  0]MapCheck: Map check complete: 0 Error(s), 0 Warning(s), took 0.131ms to complete.
[2020.12.05-19.15.45:063][  0]LogFileHelpers: Loading map 'SideScrollerExampleMap' took 0.770
[2020.12.05-19.15.45:064][  0]LogUnrealEdMisc: Total Editor Startup Time, took 35.035
[2020.12.05-19.15.45:226][  0]LogCollectionManager: Loaded 0 collections in 0.000582 seconds
[2020.12.05-19.15.45:240][  0]LogFileCache: Scanning file cache for directory 'C:/Users/Megan/Desktop/Banannaquit-8ea50614b72f1c7e372c7d35f80a9c82b1f735a1/Banannaquit-8ea50614b72f1c7e372c7d35f80a9c82b1f735a1/Saved/Collections/' took 0.00s
[2020.12.05-19.15.45:240][  0]LogFileCache: Scanning file cache for directory 'C:/Users/Megan/Desktop/Banannaquit-8ea50614b72f1c7e372c7d35f80a9c82b1f735a1/Banannaquit-8ea50614b72f1c7e372c7d35f80a9c82b1f735a1/Content/Developers/Megan/Collections/' took 0.00s
[2020.12.05-19.15.45:240][  0]LogFileCache: Scanning file cache for directory 'C:/Users/Megan/Desktop/Banannaquit-8ea50614b72f1c7e372c7d35f80a9c82b1f735a1/Banannaquit-8ea50614b72f1c7e372c7d35f80a9c82b1f735a1/Content/Collections/' took 0.00s
[2020.12.05-19.15.45:240][  0]LogContentBrowser: Native class hierarchy populated in 0.0090 seconds. Added 3427 classes and 821 folders.
[2020.12.05-19.15.45:242][  0]LogContentBrowser: Native class hierarchy updated for 'WidgetCarousel' in 0.0002 seconds. Added 0 classes and 0 folders.
[2020.12.05-19.15.45:694][  0]LogContentBrowser: Native class hierarchy updated for 'AddContentDialog' in 0.0003 seconds. Added 0 classes and 0 folders.
[2020.12.05-19.15.45:727][  0]LogSlate: Updating window title bar state: overlay mode, drag disabled, window buttons hidden, title bar hidden
[2020.12.05-19.15.45:737][  0]LogSlate: Updating window title bar state: overlay mode, drag disabled, window buttons hidden, title bar hidden
[2020.12.05-19.15.45:744][  0]LogSlate: Updating window title bar state: overlay mode, drag disabled, window buttons hidden, title bar hidden
[2020.12.05-19.15.45:753][  0]LogSlate: Updating window title bar state: overlay mode, drag disabled, window buttons hidden, title bar hidden
[2020.12.05-19.15.45:755][  0]LogContentBrowser: Native class hierarchy updated for 'SceneOutliner' in 0.0003 seconds. Added 2 classes and 0 folders.
[2020.12.05-19.15.45:875][  0]LogSlate: Took 0.009419 seconds to synchronously load lazily loaded font '../../../Engine/Content/Slate/Fonts/Roboto-Regular.ttf' (155K)
[2020.12.05-19.15.45:886][  0]LogSlate: Took 0.008593 seconds to synchronously load lazily loaded font '../../../Engine/Content/Editor/Slate/Fonts/FontAwesome.ttf' (139K)
[2020.12.05-19.15.45:891][  0]LogSlate: Took 0.005208 seconds to synchronously load lazily loaded font '../../../Engine/Content/Slate/Fonts/Roboto-Bold.ttf' (160K)
[2020.12.05-19.15.46:044][  0]LogRenderer: Reallocating scene render targets to support 1168x924 Format 10 NumSamples 1 (Frame:1).
[2020.12.05-19.15.46:196][  0]LogContentBrowser: Native class hierarchy updated for 'HierarchicalLODOutliner' in 0.0003 seconds. Added 0 classes and 0 folders.
[2020.12.05-19.15.46:196][  0]LogLoad: (Engine Initialization) Total time: 36.17 seconds
[2020.12.05-19.15.46:196][  0]LogLoad: (Engine Initialization) Total Blueprint compile time: 0.00 seconds
[2020.12.05-19.15.46:240][  0]LogAssetRegistry: Asset discovery search completed in 21.5779 seconds
[2020.12.05-19.15.46:245][  0]LogCollectionManager: Fixed up redirectors for 0 collections in 0.000002 seconds (updated 0 objects)
[2020.12.05-19.15.46:247][  0]LogContentStreaming: Texture pool size now 1000 MB
[2020.12.05-19.15.46:279][  0]LogSlate: Took 0.005312 seconds to synchronously load lazily loaded font '../../../Engine/Content/Slate/Fonts/Roboto-Light.ttf' (167K)
[2020.12.05-19.15.46:291][  1]LogFileCache: Retrieving MD5 hashes for directory 'C:/Users/Megan/Desktop/Banannaquit-8ea50614b72f1c7e372c7d35f80a9c82b1f735a1/Banannaquit-8ea50614b72f1c7e372c7d35f80a9c82b1f735a1/Content/' took 0.08s
[2020.12.05-19.15.57:953][340]LogTemp: Repeating last play command: Selected Viewport
[2020.12.05-19.15.57:962][340]LogPlayLevel: PlayLevel: No blueprints needed recompiling
[2020.12.05-19.15.57:962][340]PIE: New page: PIE session: SideScrollerExampleMap (Dec 5, 2020, 9:15:57 AM)
[2020.12.05-19.15.57:963][340]LogOnline: OSS: Creating online subsystem instance for: NULL
[2020.12.05-19.15.57:964][340]LogOnline: OSS: TryLoadSubsystemAndSetDefault: Loaded subsystem for module [NULL]
[2020.12.05-19.15.57:964][340]LogPlayLevel: Creating play world package: /Game/SideScrollerBP/Maps/UEDPIE_0_SideScrollerExampleMap
[2020.12.05-19.15.57:978][340]LogPlayLevel: PIE: StaticDuplicateObject took: (0.014255s)
[2020.12.05-19.15.57:980][340]LogAIModule: Creating AISystem for world SideScrollerExampleMap
[2020.12.05-19.15.57:980][340]LogAISub: UAISubsystem::UAISubsystem EnvQueryManager (00000284CE437E00), frame # 1340
[2020.12.05-19.15.57:980][340]LogAISub: UAISubsystem::UAISubsystem AIPerceptionSystem (00000284964AB240), frame # 1340
[2020.12.05-19.15.57:980][340]LogPlayLevel: PIE: World Init took: (0.001693s)
[2020.12.05-19.15.57:980][340]LogPlayLevel: PIE: Created PIE world by copying editor world from /Game/SideScrollerBP/Maps/SideScrollerExampleMap.SideScrollerExampleMap to /Game/SideScrollerBP/Maps/UEDPIE_0_SideScrollerExampleMap.SideScrollerExampleMap (0.016186s)
[2020.12.05-19.15.57:991][340]LogUObjectHash: Compacting FUObjectHashTables data took   0.74ms
[2020.12.05-19.15.57:993][340]LogAudioMixer: Display: Audio Mixer Platform Settings:
[2020.12.05-19.15.57:993][340]LogAudioMixer: Display: 	Sample Rate:						  48000
[2020.12.05-19.15.57:993][340]LogAudioMixer: Display: 	Callback Buffer Frame Size Requested: 1024
[2020.12.05-19.15.57:994][340]LogAudioMixer: Display: 	Callback Buffer Frame Size To Use:	  1024
[2020.12.05-19.15.57:994][340]LogAudioMixer: Display: 	Number of buffers to queue:			  2
[2020.12.05-19.15.57:994][340]LogAudioMixer: Display: 	Max Channels (voices):				  32
[2020.12.05-19.15.57:994][340]LogAudioMixer: Display: 	Number of Async Source Workers:		  0
[2020.12.05-19.15.57:994][340]LogAudio: Display: AudioDevice MaxSources: 32
[2020.12.05-19.15.57:994][340]LogAudio: Display: Using built-in audio occlusion.
[2020.12.05-19.15.57:994][340]LogAudioMixer: Display: Initializing audio mixer.
[2020.12.05-19.15.58:004][340]LogAudioMixer: Display: 0: FrontLeft
[2020.12.05-19.15.58:004][340]LogAudioMixer: Display: 1: FrontRight
[2020.12.05-19.15.58:041][340]LogAudioMixer: Display: Using Audio Device Speakers / Headphones (Realtek Audio)
[2020.12.05-19.15.58:041][340]LogAudioMixer: Display: Initializing Sound Submixes...
[2020.12.05-19.15.58:041][340]LogAudioMixer: Display: Creating Master Submix 'MasterSubmixDefault'
[2020.12.05-19.15.58:041][340]LogAudioMixer: Display: Creating Master Submix 'MasterReverbSubmixDefault'
[2020.12.05-19.15.58:041][340]LogAudioMixer: Display: Creating Master Submix 'MasterEQSubmixDefault'
[2020.12.05-19.15.58:054][340]LogInit: FAudioDevice initialized.
[2020.12.05-19.15.58:068][340]LogLoad: Game class is 'SideScrollerGameMode_C'
[2020.12.05-19.15.58:071][340]LogWorld: Bringing World /Game/SideScrollerBP/Maps/UEDPIE_0_SideScrollerExampleMap.SideScrollerExampleMap up for play (max tick rate 0) at 2020.12.05-14.15.58
[2020.12.05-19.15.58:071][340]LogWorld: Bringing up level for play took: 0.001628
[2020.12.05-19.15.58:071][340]LogOnline: OSS: Creating online subsystem instance for: :Context_1
[2020.12.05-19.15.58:073][340]LogContentBrowser: Native class hierarchy updated for 'MovieSceneCapture' in 0.0003 seconds. Added 20 classes and 0 folders.
[2020.12.05-19.15.58:076][340]PIE: Server logged in
[2020.12.05-19.15.58:077][340]PIE: Play in editor total start time 0.117 seconds.
[2020.12.05-19.15.59:631][515]LogSlate: Updating window title bar state: overlay mode, drag disabled, window buttons hidden, title bar hidden
[2020.12.05-19.15.59:632][515]LogWorld: BeginTearingDown for /Game/SideScrollerBP/Maps/UEDPIE_0_SideScrollerExampleMap
[2020.12.05-19.15.59:632][515]LogWorld: UWorld::CleanupWorld for SideScrollerExampleMap, bSessionEnded=true, bCleanupResources=true
[2020.12.05-19.15.59:633][515]LogSlate: InvalidateAllWidgets triggered.  All widgets were invalidated
[2020.12.05-19.15.59:641][515]LogPlayLevel: Display: Shutting down PIE online subsystems
[2020.12.05-19.15.59:643][515]LogSlate: InvalidateAllWidgets triggered.  All widgets were invalidated
[2020.12.05-19.15.59:667][515]LogSlate: Updating window title bar state: overlay mode, drag disabled, window buttons hidden, title bar hidden
[2020.12.05-19.15.59:668][515]LogAISub: UAISubsystem::~UAISubsystem AIPerceptionSystem (00000284964AB240), frame # 1515
[2020.12.05-19.15.59:668][515]LogAISub: UAISubsystem::~UAISubsystem EnvQueryManager (00000284CE437E00), frame # 1515
[2020.12.05-19.15.59:669][515]LogUObjectHash: Compacting FUObjectHashTables data took   0.81ms
[2020.12.05-19.15.59:703][517]LogPlayLevel: Display: Destroying online subsystem :Context_1
[2020.12.05-19.16.04:828][ 86]LogSlate: Window 'Open Level' being destroyed
[2020.12.05-19.16.07:051][350]LogTemp: Repeating last play command: Selected Viewport
[2020.12.05-19.16.07:060][350]LogPlayLevel: PlayLevel: No blueprints needed recompiling
[2020.12.05-19.16.07:060][350]PIE: New page: PIE session: SideScrollerExampleMap (Dec 5, 2020, 9:16:07 AM)
[2020.12.05-19.16.07:060][350]LogPlayLevel: Creating play world package: /Game/SideScrollerBP/Maps/UEDPIE_0_SideScrollerExampleMap
[2020.12.05-19.16.07:073][350]LogPlayLevel: PIE: StaticDuplicateObject took: (0.012868s)
[2020.12.05-19.16.07:074][350]LogAIModule: Creating AISystem for world SideScrollerExampleMap
[2020.12.05-19.16.07:074][350]LogAISub: UAISubsystem::UAISubsystem EnvQueryManager (00000284CE2DF200), frame # 2350
[2020.12.05-19.16.07:074][350]LogAISub: UAISubsystem::UAISubsystem AIPerceptionSystem (00000284967C0900), frame # 2350
[2020.12.05-19.16.07:074][350]LogPlayLevel: PIE: World Init took: (0.001298s)
[2020.12.05-19.16.07:074][350]LogPlayLevel: PIE: Created PIE world by copying editor world from /Game/SideScrollerBP/Maps/SideScrollerExampleMap.SideScrollerExampleMap to /Game/SideScrollerBP/Maps/UEDPIE_0_SideScrollerExampleMap.SideScrollerExampleMap (0.014299s)
[2020.12.05-19.16.07:086][350]LogUObjectHash: Compacting FUObjectHashTables data took   1.77ms
[2020.12.05-19.16.07:089][350]LogAudioMixer: Display: Audio Mixer Platform Settings:
[2020.12.05-19.16.07:089][350]LogAudioMixer: Display: 	Sample Rate:						  48000
[2020.12.05-19.16.07:089][350]LogAudioMixer: Display: 	Callback Buffer Frame Size Requested: 1024
[2020.12.05-19.16.07:089][350]LogAudioMixer: Display: 	Callback Buffer Frame Size To Use:	  1024
[2020.12.05-19.16.07:089][350]LogAudioMixer: Display: 	Number of buffers to queue:			  2
[2020.12.05-19.16.07:089][350]LogAudioMixer: Display: 	Max Channels (voices):				  32
[2020.12.05-19.16.07:089][350]LogAudioMixer: Display: 	Number of Async Source Workers:		  0
[2020.12.05-19.16.07:089][350]LogAudio: Display: AudioDevice MaxSources: 32
[2020.12.05-19.16.07:089][350]LogAudio: Display: Using built-in audio occlusion.
[2020.12.05-19.16.07:089][350]LogAudioMixer: Display: Initializing audio mixer.
[2020.12.05-19.16.07:093][350]LogAudioMixer: Display: 0: FrontLeft
[2020.12.05-19.16.07:093][350]LogAudioMixer: Display: 1: FrontRight
[2020.12.05-19.16.07:129][350]LogAudioMixer: Display: Using Audio Device Speakers / Headphones (Realtek Audio)
[2020.12.05-19.16.07:129][350]LogAudioMixer: Display: Initializing Sound Submixes...
[2020.12.05-19.16.07:129][350]LogAudioMixer: Display: Creating Master Submix 'MasterSubmixDefault'
[2020.12.05-19.16.07:129][350]LogAudioMixer: Display: Creating Master Submix 'MasterReverbSubmixDefault'
[2020.12.05-19.16.07:129][350]LogAudioMixer: Display: Creating Master Submix 'MasterEQSubmixDefault'
[2020.12.05-19.16.07:143][350]LogInit: FAudioDevice initialized.
[2020.12.05-19.16.07:154][350]LogLoad: Game class is 'SideScrollerGameMode_C'
[2020.12.05-19.16.07:156][350]LogWorld: Bringing World /Game/SideScrollerBP/Maps/UEDPIE_0_SideScrollerExampleMap.SideScrollerExampleMap up for play (max tick rate 0) at 2020.12.05-14.16.07
[2020.12.05-19.16.07:156][350]LogWorld: Bringing up level for play took: 0.001320
[2020.12.05-19.16.07:156][350]LogOnline: OSS: Creating online subsystem instance for: :Context_2
[2020.12.05-19.16.07:159][350]PIE: Server logged in
[2020.12.05-19.16.07:160][350]PIE: Play in editor total start time 0.101 seconds.
[2020.12.05-19.16.08:494][506]LogNet: Browse: /Game/SideScrollerBP/Maps/SideScrollerExampleMap
[2020.12.05-19.16.08:494][506]LogLoad: LoadMap: /Game/SideScrollerBP/Maps/SideScrollerExampleMap
[2020.12.05-19.16.08:494][506]LogWorld: BeginTearingDown for /Game/SideScrollerBP/Maps/UEDPIE_0_SideScrollerExampleMap
[2020.12.05-19.16.08:495][506]LogWorld: UWorld::CleanupWorld for SideScrollerExampleMap, bSessionEnded=true, bCleanupResources=true
[2020.12.05-19.16.08:495][506]LogSlate: InvalidateAllWidgets triggered.  All widgets were invalidated
[2020.12.05-19.16.08:540][506]LogAISub: UAISubsystem::~UAISubsystem AIPerceptionSystem (00000284967C0900), frame # 2506
[2020.12.05-19.16.08:540][506]LogAISub: UAISubsystem::~UAISubsystem EnvQueryManager (00000284CE2DF200), frame # 2506
[2020.12.05-19.16.08:542][506]LogUObjectHash: Compacting FUObjectHashTables data took   0.98ms
[2020.12.05-19.16.08:544][506]LogPlayLevel: Creating play world package: /Game/SideScrollerBP/Maps/UEDPIE_0_SideScrollerExampleMap
[2020.12.05-19.16.08:558][506]LogPlayLevel: PIE: StaticDuplicateObject took: (0.014989s)
[2020.12.05-19.16.08:560][506]LogAIModule: Creating AISystem for world SideScrollerExampleMap
[2020.12.05-19.16.08:560][506]LogAISub: UAISubsystem::UAISubsystem EnvQueryManager (00000284B4835200), frame # 2506
[2020.12.05-19.16.08:560][506]LogAISub: UAISubsystem::UAISubsystem AIPerceptionSystem (00000284967C1080), frame # 2506
[2020.12.05-19.16.08:560][506]LogPlayLevel: PIE: World Init took: (0.002059s)
[2020.12.05-19.16.08:560][506]LogPlayLevel: PIE: Created PIE world by copying editor world from /Game/SideScrollerBP/Maps/SideScrollerExampleMap.SideScrollerExampleMap to /Game/SideScrollerBP/Maps/UEDPIE_0_SideScrollerExampleMap.SideScrollerExampleMap (0.017273s)
[2020.12.05-19.16.08:561][506]LogLoad: Game class is 'SideScrollerGameMode_C'
[2020.12.05-19.16.08:571][506]LogWorld: Bringing World /Game/SideScrollerBP/Maps/UEDPIE_0_SideScrollerExampleMap.SideScrollerExampleMap up for play (max tick rate 0) at 2020.12.05-14.16.08
[2020.12.05-19.16.08:571][506]LogWorld: Bringing up level for play took: 0.009719
[2020.12.05-19.16.08:573][506]LogLoad: Took 0.078970 seconds to LoadMap(/Game/SideScrollerBP/Maps/UEDPIE_0_SideScrollerExampleMap)
[2020.12.05-19.16.09:219][580]LogNet: Browse: /Game/SideScrollerBP/Maps/SideScrollerExampleMap
[2020.12.05-19.16.09:219][580]LogLoad: LoadMap: /Game/SideScrollerBP/Maps/SideScrollerExampleMap
[2020.12.05-19.16.09:219][580]LogWorld: BeginTearingDown for /Game/SideScrollerBP/Maps/UEDPIE_0_SideScrollerExampleMap
[2020.12.05-19.16.09:219][580]LogWorld: UWorld::CleanupWorld for SideScrollerExampleMap, bSessionEnded=true, bCleanupResources=true
[2020.12.05-19.16.09:220][580]LogSlate: InvalidateAllWidgets triggered.  All widgets were invalidated
[2020.12.05-19.16.09:269][580]LogAISub: UAISubsystem::~UAISubsystem AIPerceptionSystem (00000284967C1080), frame # 2580
[2020.12.05-19.16.09:269][580]LogAISub: UAISubsystem::~UAISubsystem EnvQueryManager (00000284B4835200), frame # 2580
[2020.12.05-19.16.09:270][580]LogUObjectHash: Compacting FUObjectHashTables data took   0.59ms
[2020.12.05-19.16.09:272][580]LogPlayLevel: Creating play world package: /Game/SideScrollerBP/Maps/UEDPIE_0_SideScrollerExampleMap
[2020.12.05-19.16.09:284][580]LogPlayLevel: PIE: StaticDuplicateObject took: (0.012040s)
[2020.12.05-19.16.09:286][580]LogAIModule: Creating AISystem for world SideScrollerExampleMap
[2020.12.05-19.16.09:286][580]LogAISub: UAISubsystem::UAISubsystem EnvQueryManager (00000284CE2DEA00), frame # 2580
[2020.12.05-19.16.09:286][580]LogAISub: UAISubsystem::UAISubsystem AIPerceptionSystem (0000028496999080), frame # 2580
[2020.12.05-19.16.09:286][580]LogPlayLevel: PIE: World Init took: (0.001894s)
[2020.12.05-19.16.09:286][580]LogPlayLevel: PIE: Created PIE world by copying editor world from /Game/SideScrollerBP/Maps/SideScrollerExampleMap.SideScrollerExampleMap to /Game/SideScrollerBP/Maps/UEDPIE_0_SideScrollerExampleMap.SideScrollerExampleMap (0.014137s)
[2020.12.05-19.16.09:286][580]LogLoad: Game class is 'SideScrollerGameMode_C'
[2020.12.05-19.16.09:293][580]LogWorld: Bringing World /Game/SideScrollerBP/Maps/UEDPIE_0_SideScrollerExampleMap.SideScrollerExampleMap up for play (max tick rate 0) at 2020.12.05-14.16.09
[2020.12.05-19.16.09:293][580]LogWorld: Bringing up level for play took: 0.006060
[2020.12.05-19.16.09:295][580]LogLoad: Took 0.076195 seconds to LoadMap(/Game/SideScrollerBP/Maps/UEDPIE_0_SideScrollerExampleMap)
[2020.12.05-19.16.09:862][645]LogNet: Browse: /Game/SideScrollerBP/Maps/SideScrollerExampleMap
[2020.12.05-19.16.09:863][645]LogLoad: LoadMap: /Game/SideScrollerBP/Maps/SideScrollerExampleMap
[2020.12.05-19.16.09:863][645]LogWorld: BeginTearingDown for /Game/SideScrollerBP/Maps/UEDPIE_0_SideScrollerExampleMap
[2020.12.05-19.16.09:863][645]LogWorld: UWorld::CleanupWorld for SideScrollerExampleMap, bSessionEnded=true, bCleanupResources=true
[2020.12.05-19.16.09:863][645]LogSlate: InvalidateAllWidgets triggered.  All widgets were invalidated
[2020.12.05-19.16.09:908][645]LogAISub: UAISubsystem::~UAISubsystem AIPerceptionSystem (0000028496999080), frame # 2645
[2020.12.05-19.16.09:908][645]LogAISub: UAISubsystem::~UAISubsystem EnvQueryManager (00000284CE2DEA00), frame # 2645
[2020.12.05-19.16.09:908][645]LogUObjectHash: Compacting FUObjectHashTables data took   0.59ms
[2020.12.05-19.16.09:910][645]LogPlayLevel: Creating play world package: /Game/SideScrollerBP/Maps/UEDPIE_0_SideScrollerExampleMap
[2020.12.05-19.16.09:922][645]LogPlayLevel: PIE: StaticDuplicateObject took: (0.011970s)
[2020.12.05-19.16.09:923][645]LogAIModule: Creating AISystem for world SideScrollerExampleMap
[2020.12.05-19.16.09:923][645]LogAISub: UAISubsystem::UAISubsystem EnvQueryManager (00000284CDEE1000), frame # 2645
[2020.12.05-19.16.09:923][645]LogAISub: UAISubsystem::UAISubsystem AIPerceptionSystem (0000028496228400), frame # 2645
[2020.12.05-19.16.09:923][645]LogPlayLevel: PIE: World Init took: (0.001167s)
[2020.12.05-19.16.09:923][645]LogPlayLevel: PIE: Created PIE world by copying editor world from /Game/SideScrollerBP/Maps/SideScrollerExampleMap.SideScrollerExampleMap to /Game/SideScrollerBP/Maps/UEDPIE_0_SideScrollerExampleMap.SideScrollerExampleMap (0.013281s)
[2020.12.05-19.16.09:924][645]LogLoad: Game class is 'SideScrollerGameMode_C'
[2020.12.05-19.16.09:934][645]LogWorld: Bringing World /Game/SideScrollerBP/Maps/UEDPIE_0_SideScrollerExampleMap.SideScrollerExampleMap up for play (max tick rate 0) at 2020.12.05-14.16.09
[2020.12.05-19.16.09:934][645]LogWorld: Bringing up level for play took: 0.009799
[2020.12.05-19.16.09:936][645]LogLoad: Took 0.073363 seconds to LoadMap(/Game/SideScrollerBP/Maps/UEDPIE_0_SideScrollerExampleMap)
[2020.12.05-19.16.10:921][754]LogSlate: Updating window title bar state: overlay mode, drag disabled, window buttons hidden, title bar hidden
[2020.12.05-19.16.10:921][754]LogWorld: BeginTearingDown for /Game/SideScrollerBP/Maps/UEDPIE_0_SideScrollerExampleMap
[2020.12.05-19.16.10:921][754]LogWorld: UWorld::CleanupWorld for SideScrollerExampleMap, bSessionEnded=true, bCleanupResources=true
[2020.12.05-19.16.10:921][754]LogSlate: InvalidateAllWidgets triggered.  All widgets were invalidated
[2020.12.05-19.16.10:929][754]LogPlayLevel: Display: Shutting down PIE online subsystems
[2020.12.05-19.16.10:931][754]LogSlate: InvalidateAllWidgets triggered.  All widgets were invalidated
[2020.12.05-19.16.10:958][754]LogSlate: Updating window title bar state: overlay mode, drag disabled, window buttons hidden, title bar hidden
[2020.12.05-19.16.10:959][754]LogAISub: UAISubsystem::~UAISubsystem AIPerceptionSystem (0000028496228400), frame # 2754
[2020.12.05-19.16.10:959][754]LogAISub: UAISubsystem::~UAISubsystem EnvQueryManager (00000284CDEE1000), frame # 2754
[2020.12.05-19.16.10:960][754]LogUObjectHash: Compacting FUObjectHashTables data took   0.64ms
[2020.12.05-19.16.10:992][755]LogPlayLevel: Display: Destroying online subsystem :Context_2
[2020.12.05-19.16.24:605][325]LogSlate: Took 0.000141 seconds to synchronously load lazily loaded font '../../../Engine/Content/Slate/Fonts/Roboto-Light.ttf' (167K)
[2020.12.05-19.16.24:621][325]LogAssetEditorSubsystem: Opening Asset editor for Blueprint /Game/SideScrollerBP/Blueprints/SideScrollerGameMode.SideScrollerGameMode
[2020.12.05-19.16.25:137][325]LogContentBrowser: Native class hierarchy updated for 'BlueprintGraph' in 0.0005 seconds. Added 125 classes and 0 folders.
[2020.12.05-19.16.41:535][362]LogSlate: Prevented a slow task dialog from being summoned while a context menu was open
[2020.12.05-19.16.42:914][511]LogSavePackage: Moving 'C:/Users/Megan/Desktop/Banannaquit-8ea50614b72f1c7e372c7d35f80a9c82b1f735a1/Banannaquit-8ea50614b72f1c7e372c7d35f80a9c82b1f735a1/Saved/SideScrollerGameMode9D01FCA240B134D2E029078A2130AE66.tmp' to 'C:/Users/Megan/Desktop/Banannaquit-8ea50614b72f1c7e372c7d35f80a9c82b1f735a1/Banannaquit-8ea50614b72f1c7e372c7d35f80a9c82b1f735a1/Content/SideScrollerBP/Blueprints/SideScrollerGameMode.uasset'
[2020.12.05-19.16.42:930][511]AssetCheck: New page: Asset Save: SideScrollerGameMode
[2020.12.05-19.16.42:930][511]LogContentValidation: Display: Validating Blueprint /Game/SideScrollerBP/Blueprints/SideScrollerGameMode.SideScrollerGameMode
[2020.12.05-19.16.43:351][560]BlueprintLog: New page: Compile SideScrollerGameMode
[2020.12.05-19.16.43:382][560]LogUObjectHash: Compacting FUObjectHashTables data took   1.87ms
[2020.12.05-19.16.44:269][652]LogSlate: Window 'SideScrollerGameMode' being destroyed
[2020.12.05-19.16.44:279][652]LogWorld: UWorld::CleanupWorld for World_3, bSessionEnded=true, bCleanupResources=true
[2020.12.05-19.16.44:280][652]LogSlate: InvalidateAllWidgets triggered.  All widgets were invalidated
[2020.12.05-19.16.45:162][737]LogTemp: Repeating last play command: Selected Viewport
[2020.12.05-19.16.45:171][737]LogPlayLevel: PlayLevel: No blueprints needed recompiling
[2020.12.05-19.16.45:171][737]PIE: New page: PIE session: SideScrollerExampleMap (Dec 5, 2020, 9:16:45 AM)
[2020.12.05-19.16.45:171][737]LogPlayLevel: Creating play world package: /Game/SideScrollerBP/Maps/UEDPIE_0_SideScrollerExampleMap
[2020.12.05-19.16.45:184][737]LogPlayLevel: PIE: StaticDuplicateObject took: (0.012469s)
[2020.12.05-19.16.45:185][737]LogAIModule: Creating AISystem for world SideScrollerExampleMap
[2020.12.05-19.16.45:185][737]LogAISub: UAISubsystem::UAISubsystem EnvQueryManager (00000285117E1600), frame # 4737
[2020.12.05-19.16.45:185][737]LogAISub: UAISubsystem::UAISubsystem AIPerceptionSystem (0000028496772840), frame # 4737
[2020.12.05-19.16.45:185][737]LogPlayLevel: PIE: World Init took: (0.001446s)
[2020.12.05-19.16.45:185][737]LogPlayLevel: PIE: Created PIE world by copying editor world from /Game/SideScrollerBP/Maps/SideScrollerExampleMap.SideScrollerExampleMap to /Game/SideScrollerBP/Maps/UEDPIE_0_SideScrollerExampleMap.SideScrollerExampleMap (0.014078s)
[2020.12.05-19.16.45:210][737]LogUObjectHash: Compacting FUObjectHashTables data took   1.99ms
[2020.12.05-19.16.45:211][737]LogAudioMixer: Display: Audio Mixer Platform Settings:
[2020.12.05-19.16.45:211][737]LogAudioMixer: Display: 	Sample Rate:						  48000
[2020.12.05-19.16.45:211][737]LogAudioMixer: Display: 	Callback Buffer Frame Size Requested: 1024
[2020.12.05-19.16.45:211][737]LogAudioMixer: Display: 	Callback Buffer Frame Size To Use:	  1024
[2020.12.05-19.16.45:211][737]LogAudioMixer: Display: 	Number of buffers to queue:			  2
[2020.12.05-19.16.45:211][737]LogAudioMixer: Display: 	Max Channels (voices):				  32
[2020.12.05-19.16.45:211][737]LogAudioMixer: Display: 	Number of Async Source Workers:		  0
[2020.12.05-19.16.45:211][737]LogAudio: Display: AudioDevice MaxSources: 32
[2020.12.05-19.16.45:212][737]LogAudio: Display: Using built-in audio occlusion.
[2020.12.05-19.16.45:212][737]LogAudioMixer: Display: Initializing audio mixer.
[2020.12.05-19.16.45:215][737]LogAudioMixer: Display: 0: FrontLeft
[2020.12.05-19.16.45:215][737]LogAudioMixer: Display: 1: FrontRight
[2020.12.05-19.16.45:246][737]LogAudioMixer: Display: Using Audio Device Speakers / Headphones (Realtek Audio)
[2020.12.05-19.16.45:247][737]LogAudioMixer: Display: Initializing Sound Submixes...
[2020.12.05-19.16.45:247][737]LogAudioMixer: Display: Creating Master Submix 'MasterSubmixDefault'
[2020.12.05-19.16.45:247][737]LogAudioMixer: Display: Creating Master Submix 'MasterReverbSubmixDefault'
[2020.12.05-19.16.45:247][737]LogAudioMixer: Display: Creating Master Submix 'MasterEQSubmixDefault'
[2020.12.05-19.16.45:259][737]LogInit: FAudioDevice initialized.
[2020.12.05-19.16.45:269][737]LogLoad: Game class is 'SideScrollerGameMode_C'
[2020.12.05-19.16.45:271][737]LogWorld: Bringing World /Game/SideScrollerBP/Maps/UEDPIE_0_SideScrollerExampleMap.SideScrollerExampleMap up for play (max tick rate 0) at 2020.12.05-14.16.45
[2020.12.05-19.16.45:271][737]LogWorld: Bringing up level for play took: 0.001620
[2020.12.05-19.16.45:272][737]LogOnline: OSS: Creating online subsystem instance for: :Context_7
[2020.12.05-19.16.45:275][737]PIE: Server logged in
[2020.12.05-19.16.45:276][737]PIE: Play in editor total start time 0.105 seconds.
[2020.12.05-19.16.47:295][976]LogNet: Browse: /Game/SideScrollerBP/Maps/SideScrollerExampleMap
[2020.12.05-19.16.47:295][976]LogLoad: LoadMap: /Game/SideScrollerBP/Maps/SideScrollerExampleMap
[2020.12.05-19.16.47:295][976]LogWorld: BeginTearingDown for /Game/SideScrollerBP/Maps/UEDPIE_0_SideScrollerExampleMap
[2020.12.05-19.16.47:296][976]LogWorld: UWorld::CleanupWorld for SideScrollerExampleMap, bSessionEnded=true, bCleanupResources=true
[2020.12.05-19.16.47:296][976]LogSlate: InvalidateAllWidgets triggered.  All widgets were invalidated
[2020.12.05-19.16.47:336][976]LogAISub: UAISubsystem::~UAISubsystem AIPerceptionSystem (0000028496772840), frame # 4976
[2020.12.05-19.16.47:336][976]LogAISub: UAISubsystem::~UAISubsystem EnvQueryManager (00000285117E1600), frame # 4976
[2020.12.05-19.16.47:338][976]LogUObjectHash: Compacting FUObjectHashTables data took   1.66ms
[2020.12.05-19.16.47:340][976]LogPlayLevel: Creating play world package: /Game/SideScrollerBP/Maps/UEDPIE_0_SideScrollerExampleMap
[2020.12.05-19.16.47:351][976]LogPlayLevel: PIE: StaticDuplicateObject took: (0.010851s)
[2020.12.05-19.16.47:352][976]LogAIModule: Creating AISystem for world SideScrollerExampleMap
[2020.12.05-19.16.47:353][976]LogAISub: UAISubsystem::UAISubsystem EnvQueryManager (0000028512562400), frame # 4976
[2020.12.05-19.16.47:353][976]LogAISub: UAISubsystem::UAISubsystem AIPerceptionSystem (00000284B464A0C0), frame # 4976
[2020.12.05-19.16.47:353][976]LogPlayLevel: PIE: World Init took: (0.001851s)
[2020.12.05-19.16.47:353][976]LogPlayLevel: PIE: Created PIE world by copying editor world from /Game/SideScrollerBP/Maps/SideScrollerExampleMap.SideScrollerExampleMap to /Game/SideScrollerBP/Maps/UEDPIE_0_SideScrollerExampleMap.SideScrollerExampleMap (0.012852s)
[2020.12.05-19.16.47:353][976]LogLoad: Game class is 'SideScrollerGameMode_C'
[2020.12.05-19.16.47:363][976]LogWorld: Bringing World /Game/SideScrollerBP/Maps/UEDPIE_0_SideScrollerExampleMap.SideScrollerExampleMap up for play (max tick rate 0) at 2020.12.05-14.16.47
[2020.12.05-19.16.47:363][976]LogWorld: Bringing up level for play took: 0.009271
[2020.12.05-19.16.47:365][976]LogLoad: Took 0.069803 seconds to LoadMap(/Game/SideScrollerBP/Maps/UEDPIE_0_SideScrollerExampleMap)
[2020.12.05-19.16.48:412][ 95]LogSlate: Updating window title bar state: overlay mode, drag disabled, window buttons hidden, title bar hidden
[2020.12.05-19.16.48:412][ 95]LogWorld: BeginTearingDown for /Game/SideScrollerBP/Maps/UEDPIE_0_SideScrollerExampleMap
[2020.12.05-19.16.48:412][ 95]LogWorld: UWorld::CleanupWorld for SideScrollerExampleMap, bSessionEnded=true, bCleanupResources=true
[2020.12.05-19.16.48:412][ 95]LogSlate: InvalidateAllWidgets triggered.  All widgets were invalidated
[2020.12.05-19.16.48:421][ 95]LogPlayLevel: Display: Shutting down PIE online subsystems
[2020.12.05-19.16.48:427][ 95]LogSlate: InvalidateAllWidgets triggered.  All widgets were invalidated
[2020.12.05-19.16.48:477][ 95]LogSlate: Updating window title bar state: overlay mode, drag disabled, window buttons hidden, title bar hidden
[2020.12.05-19.16.48:506][ 95]LogAISub: UAISubsystem::~UAISubsystem AIPerceptionSystem (00000284B464A0C0), frame # 5095
[2020.12.05-19.16.48:506][ 95]LogAISub: UAISubsystem::~UAISubsystem EnvQueryManager (0000028512562400), frame # 5095
[2020.12.05-19.16.48:510][ 95]LogUObjectHash: Compacting FUObjectHashTables data took   3.26ms
[2020.12.05-19.16.48:553][ 96]LogPlayLevel: Display: Destroying online subsystem :Context_7
[2020.12.05-19.16.49:470][162]LogAssetEditorSubsystem: Opening Asset editor for Blueprint /Game/SideScrollerBP/Blueprints/SideScrollerGameMode.SideScrollerGameMode
[2020.12.05-19.17.02:499][260]LogSlate: Window 'SideScrollerGameMode' being destroyed
[2020.12.05-19.17.02:503][260]LogWorld: UWorld::CleanupWorld for World_4, bSessionEnded=true, bCleanupResources=true
[2020.12.05-19.17.02:503][260]LogSlate: InvalidateAllWidgets triggered.  All widgets were invalidated
[2020.12.05-19.17.04:170][368]LogAssetEditorSubsystem: Opening Asset editor for Blueprint /Game/SideScrollerBP/Blueprints/SideScrollerCharacter.SideScrollerCharacter
[2020.12.05-19.17.04:495][368]LogSlate: Took 0.006312 seconds to synchronously load lazily loaded font '../../../Engine/Content/Slate/Fonts/Roboto-BoldCondensed.ttf' (158K)
[2020.12.05-19.17.04:582][369]LogSlate: Took 0.007261 seconds to synchronously load lazily loaded font '../../../Engine/Content/Slate/Fonts/Roboto-Italic.ttf' (157K)
[2020.12.05-19.17.18:168][775]LogAnimation: Warning: AnimBP ThirdPerson_AnimBP_C is incompatible with skeleton Bird_Skeleton, removing AnimBP from actor.
[2020.12.05-19.17.18:168][775]LogAnimation: Warning: AnimBP ThirdPerson_AnimBP_C is incompatible with skeleton Bird_Skeleton, removing AnimBP from actor.
[2020.12.05-19.17.18:169][775]LogAnimation: Warning: AnimBP ThirdPerson_AnimBP_C is incompatible with skeleton Bird_Skeleton, removing AnimBP from actor.
[2020.12.05-19.17.18:169][775]LogAnimation: Warning: AnimBP ThirdPerson_AnimBP_C is incompatible with skeleton Bird_Skeleton, removing AnimBP from actor.
[2020.12.05-19.17.26:330][443]LogSavePackage: Moving 'C:/Users/Megan/Desktop/Banannaquit-8ea50614b72f1c7e372c7d35f80a9c82b1f735a1/Banannaquit-8ea50614b72f1c7e372c7d35f80a9c82b1f735a1/Saved/SideScrollerCharacter1FC0959C42E2BC254C7793A65582531D.tmp' to 'C:/Users/Megan/Desktop/Banannaquit-8ea50614b72f1c7e372c7d35f80a9c82b1f735a1/Banannaquit-8ea50614b72f1c7e372c7d35f80a9c82b1f735a1/Content/SideScrollerBP/Blueprints/SideScrollerCharacter.uasset'
[2020.12.05-19.17.26:343][443]AssetCheck: New page: Asset Save: SideScrollerCharacter
[2020.12.05-19.17.26:343][443]LogContentValidation: Display: Validating Blueprint /Game/SideScrollerBP/Blueprints/SideScrollerCharacter.SideScrollerCharacter
[2020.12.05-19.17.26:791][496]BlueprintLog: New page: Compile SideScrollerCharacter
[2020.12.05-19.17.26:854][496]LogUObjectHash: Compacting FUObjectHashTables data took   1.91ms
[2020.12.05-19.17.26:894][496]LogSlate: Took 0.006909 seconds to synchronously load lazily loaded font '../../../Engine/Content/Slate/Fonts/DroidSansMono.ttf' (77K)
[2020.12.05-19.17.31:790][941]LogUObjectHash: Compacting FUObjectHashTables data took   2.11ms
[2020.12.05-19.17.31:811][941]LogSavePackage: Moving 'C:/Users/Megan/Desktop/Banannaquit-8ea50614b72f1c7e372c7d35f80a9c82b1f735a1/Banannaquit-8ea50614b72f1c7e372c7d35f80a9c82b1f735a1/Saved/SideScrollerExampleMap0E13A58943178510F621C3B4081BDC7A.tmp' to 'C:/Users/Megan/Desktop/Banannaquit-8ea50614b72f1c7e372c7d35f80a9c82b1f735a1/Banannaquit-8ea50614b72f1c7e372c7d35f80a9c82b1f735a1/Content/SideScrollerBP/Maps/SideScrollerExampleMap.umap'
[2020.12.05-19.17.31:836][941]AssetCheck: New page: Asset Save: SideScrollerExampleMap
[2020.12.05-19.17.31:836][941]LogContentValidation: Display: Validating World /Game/SideScrollerBP/Maps/SideScrollerExampleMap.SideScrollerExampleMap
[2020.12.05-19.17.32:515][ 22]LogTemp: Repeating last play command: Selected Viewport
[2020.12.05-19.17.32:524][ 22]LogPlayLevel: PlayLevel: No blueprints needed recompiling
[2020.12.05-19.17.32:525][ 22]PIE: New page: PIE session: SideScrollerExampleMap (Dec 5, 2020, 9:17:32 AM)
[2020.12.05-19.17.32:525][ 22]LogPlayLevel: Creating play world package: /Game/SideScrollerBP/Maps/UEDPIE_0_SideScrollerExampleMap
[2020.12.05-19.17.32:535][ 22]LogPlayLevel: PIE: StaticDuplicateObject took: (0.010228s)
[2020.12.05-19.17.32:536][ 22]LogAIModule: Creating AISystem for world SideScrollerExampleMap
[2020.12.05-19.17.32:536][ 22]LogAISub: UAISubsystem::UAISubsystem EnvQueryManager (0000028531BBD000), frame # 8022
[2020.12.05-19.17.32:536][ 22]LogAISub: UAISubsystem::UAISubsystem AIPerceptionSystem (0000028531A56D40), frame # 8022
[2020.12.05-19.17.32:536][ 22]LogPlayLevel: PIE: World Init took: (0.001026s)
[2020.12.05-19.17.32:536][ 22]LogPlayLevel: PIE: Created PIE world by copying editor world from /Game/SideScrollerBP/Maps/SideScrollerExampleMap.SideScrollerExampleMap to /Game/SideScrollerBP/Maps/UEDPIE_0_SideScrollerExampleMap.SideScrollerExampleMap (0.011369s)
[2020.12.05-19.17.32:560][ 22]LogUObjectHash: Compacting FUObjectHashTables data took   1.67ms
[2020.12.05-19.17.32:561][ 22]LogAudioMixer: Display: Audio Mixer Platform Settings:
[2020.12.05-19.17.32:561][ 22]LogAudioMixer: Display: 	Sample Rate:						  48000
[2020.12.05-19.17.32:561][ 22]LogAudioMixer: Display: 	Callback Buffer Frame Size Requested: 1024
[2020.12.05-19.17.32:561][ 22]LogAudioMixer: Display: 	Callback Buffer Frame Size To Use:	  1024
[2020.12.05-19.17.32:561][ 22]LogAudioMixer: Display: 	Number of buffers to queue:			  2
[2020.12.05-19.17.32:561][ 22]LogAudioMixer: Display: 	Max Channels (voices):				  32
[2020.12.05-19.17.32:561][ 22]LogAudioMixer: Display: 	Number of Async Source Workers:		  0
[2020.12.05-19.17.32:561][ 22]LogAudio: Display: AudioDevice MaxSources: 32
[2020.12.05-19.17.32:562][ 22]LogAudio: Display: Using built-in audio occlusion.
[2020.12.05-19.17.32:562][ 22]LogAudioMixer: Display: Initializing audio mixer.
[2020.12.05-19.17.32:565][ 22]LogAudioMixer: Display: 0: FrontLeft
[2020.12.05-19.17.32:565][ 22]LogAudioMixer: Display: 1: FrontRight
[2020.12.05-19.17.32:597][ 22]LogAudioMixer: Display: Using Audio Device Speakers / Headphones (Realtek Audio)
[2020.12.05-19.17.32:597][ 22]LogAudioMixer: Display: Initializing Sound Submixes...
[2020.12.05-19.17.32:597][ 22]LogAudioMixer: Display: Creating Master Submix 'MasterSubmixDefault'
[2020.12.05-19.17.32:597][ 22]LogAudioMixer: Display: Creating Master Submix 'MasterReverbSubmixDefault'
[2020.12.05-19.17.32:597][ 22]LogAudioMixer: Display: Creating Master Submix 'MasterEQSubmixDefault'
[2020.12.05-19.17.32:609][ 22]LogInit: FAudioDevice initialized.
[2020.12.05-19.17.32:618][ 22]LogLoad: Game class is 'SideScrollerGameMode_C'
[2020.12.05-19.17.32:620][ 22]LogWorld: Bringing World /Game/SideScrollerBP/Maps/UEDPIE_0_SideScrollerExampleMap.SideScrollerExampleMap up for play (max tick rate 0) at 2020.12.05-14.17.32
[2020.12.05-19.17.32:620][ 22]LogWorld: Bringing up level for play took: 0.001036
[2020.12.05-19.17.32:620][ 22]LogOnline: OSS: Creating online subsystem instance for: :Context_14
[2020.12.05-19.17.32:623][ 22]PIE: Server logged in
[2020.12.05-19.17.32:624][ 22]PIE: Play in editor total start time 0.1 seconds.
[2020.12.05-19.17.42:843][237]LogSlate: Updating window title bar state: overlay mode, drag disabled, window buttons hidden, title bar hidden
[2020.12.05-19.17.42:843][237]LogWorld: BeginTearingDown for /Game/SideScrollerBP/Maps/UEDPIE_0_SideScrollerExampleMap
[2020.12.05-19.17.42:843][237]LogWorld: UWorld::CleanupWorld for SideScrollerExampleMap, bSessionEnded=true, bCleanupResources=true
[2020.12.05-19.17.42:843][237]LogSlate: InvalidateAllWidgets triggered.  All widgets were invalidated
[2020.12.05-19.17.42:856][237]LogPlayLevel: Display: Shutting down PIE online subsystems
[2020.12.05-19.17.42:860][237]LogSlate: InvalidateAllWidgets triggered.  All widgets were invalidated
[2020.12.05-19.17.42:893][237]LogSlate: Updating window title bar state: overlay mode, drag disabled, window buttons hidden, title bar hidden
[2020.12.05-19.17.42:915][237]LogAISub: UAISubsystem::~UAISubsystem AIPerceptionSystem (0000028531A56D40), frame # 9237
[2020.12.05-19.17.42:915][237]LogAISub: UAISubsystem::~UAISubsystem EnvQueryManager (0000028531BBD000), frame # 9237
[2020.12.05-19.17.42:917][237]LogUObjectHash: Compacting FUObjectHashTables data took   2.22ms
[2020.12.05-19.17.42:957][238]LogPlayLevel: Display: Destroying online subsystem :Context_14
[2020.12.05-19.17.44:912][461]LogUObjectHash: Compacting FUObjectHashTables data took   1.66ms
[2020.12.05-19.18.21:035][ 12]LogEditorViewport: Clicking on Actor (LMB): player_bound_C (player_bound_bottom)
[2020.12.05-19.18.21:061][ 12]LogEditorViewport: Clicking on Component (LMB): StaticMeshComponent (StaticMesh)
[2020.12.05-19.18.21:266][ 24]LogEditorViewport: Clicking on Component (LMB): StaticMeshComponent (StaticMesh)
