Log file open, 11/19/20 14:08:35
LogInit: Display: Running engine for game: bananaquit
LogPlatformFile: Not using cached read wrapper
LogTaskGraph: Started task graph with 5 named threads and 23 total threads with 3 sets of task threads.
LogStats: Stats thread started at 0.176989
LogD3D11RHI: Loaded GFSDK_Aftermath_Lib.x64.dll
LogICUInternationalization: ICU TimeZone Detection - Raw Offset: -5:00, Platform Override: ''
LogPluginManager: Mounting plugin Paper2D
LogPluginManager: Mounting plugin AISupport
LogPluginManager: Mounting plugin LightPropagationVolume
LogPluginManager: Mounting plugin CameraShakePreviewer
LogPluginManager: Mounting plugin ActorLayerUtilities
LogPluginManager: Mounting plugin AnimationSharing
LogPluginManager: Mounting plugin CLionSourceCodeAccess
LogPluginManager: Mounting plugin CodeLiteSourceCodeAccess
LogPluginManager: Mounting plugin GitSourceControl
LogPluginManager: Mounting plugin KDevelopSourceCodeAccess
LogPluginManager: Mounting plugin NullSourceCodeAccess
LogPluginManager: Mounting plugin PerforceSourceControl
LogPluginManager: Mounting plugin PlasticSourceControl
LogPluginManager: Mounting plugin RiderSourceCodeAccess
LogPluginManager: Mounting plugin SubversionSourceControl
LogPluginManager: Mounting plugin UObjectPlugin
LogPluginManager: Mounting plugin VisualStudioCodeSourceCodeAccess
LogPluginManager: Mounting plugin VisualStudioSourceCodeAccess
LogPluginManager: Mounting plugin XCodeSourceCodeAccess
LogPluginManager: Mounting plugin AssetManagerEditor
LogPluginManager: Mounting plugin CryptoKeys
LogPluginManager: Mounting plugin CurveEditorTools
LogPluginManager: Mounting plugin DataValidation
LogPluginManager: Mounting plugin EditorScriptingUtilities
LogPluginManager: Mounting plugin FacialAnimation
LogPluginManager: Mounting plugin GameplayTagsEditor
LogPluginManager: Mounting plugin GeometryMode
LogPluginManager: Mounting plugin MacGraphicsSwitching
LogPluginManager: Mounting plugin MaterialAnalyzer
LogPluginManager: Mounting plugin MobileLauncherProfileWizard
LogPluginManager: Mounting plugin PluginBrowser
LogPluginManager: Mounting plugin SpeedTreeImporter
LogPluginManager: Mounting plugin DatasmithContent
LogPluginManager: Mounting plugin VariantManagerContent
LogPluginManager: Mounting plugin AlembicImporter
LogPluginManager: Mounting plugin AutomationUtils
LogPluginManager: Mounting plugin BackChannel
LogPluginManager: Mounting plugin ChaosCloth
LogPluginManager: Mounting plugin ChaosClothEditor
LogPluginManager: Mounting plugin ChaosEditor
LogPluginManager: Mounting plugin ChaosNiagara
LogPluginManager: Mounting plugin ChaosSolverPlugin
LogPluginManager: Mounting plugin CharacterAI
LogPluginManager: Mounting plugin GeometryCache
LogPluginManager: Mounting plugin GeometryCollectionPlugin
LogPluginManager: Mounting plugin GeometryProcessing
LogPluginManager: Mounting plugin PlanarCut
LogPluginManager: Mounting plugin PlatformCrypto
LogPluginManager: Mounting plugin ProxyLODPlugin
LogPluginManager: Mounting plugin SkeletalReduction
LogPluginManager: Mounting plugin Niagara
LogPluginManager: Mounting plugin MagicLeap
LogPluginManager: Mounting plugin MagicLeapLightEstimation
LogPluginManager: Mounting plugin MagicLeapMedia
LogPluginManager: Mounting plugin MagicLeapPassableWorld
LogPluginManager: Mounting plugin MLSDK
LogPluginManager: Mounting plugin AndroidMedia
LogPluginManager: Mounting plugin AvfMedia
LogPluginManager: Mounting plugin ImgMedia
LogPluginManager: Mounting plugin MediaCompositing
LogPluginManager: Mounting plugin MediaPlayerEditor
LogPluginManager: Mounting plugin WebMMedia
LogPluginManager: Mounting plugin WmfMedia
LogPluginManager: Mounting plugin MeshPainting
LogPluginManager: Mounting plugin TcpMessaging
LogPluginManager: Mounting plugin UdpMessaging
LogPluginManager: Mounting plugin ActorSequence
LogPluginManager: Mounting plugin LevelSequenceEditor
LogPluginManager: Mounting plugin MatineeToLevelSequence
LogPluginManager: Mounting plugin MovieRenderPipeline
LogPluginManager: Mounting plugin TemplateSequence
LogPluginManager: Mounting plugin NetcodeUnitTest
LogPluginManager: Mounting plugin NUTUnrealEngine4
LogPluginManager: Mounting plugin OnlineSubsystemGooglePlay
LogPluginManager: Mounting plugin OnlineSubsystemIOS
LogPluginManager: Mounting plugin OnlineSubsystem
LogPluginManager: Mounting plugin OnlineSubsystemNull
LogPluginManager: Mounting plugin OnlineSubsystemUtils
LogPluginManager: Mounting plugin LauncherChunkInstaller
LogPluginManager: Mounting plugin AndroidDeviceProfileSelector
LogPluginManager: Mounting plugin AndroidMoviePlayer
LogPluginManager: Mounting plugin AndroidPermission
LogPluginManager: Mounting plugin AppleImageUtils
LogPluginManager: Mounting plugin AppleMoviePlayer
LogPluginManager: Mounting plugin ArchVisCharacter
LogPluginManager: Mounting plugin AssetTags
LogPluginManager: Mounting plugin AudioCapture
LogPluginManager: Mounting plugin CableComponent
LogPluginManager: Mounting plugin CustomMeshComponent
LogPluginManager: Mounting plugin EditableMesh
LogPluginManager: Mounting plugin ExampleDeviceProfileSelector
LogPluginManager: Mounting plugin GoogleCloudMessaging
LogPluginManager: Mounting plugin GooglePAD
LogPluginManager: Mounting plugin IOSDeviceProfileSelector
LogPluginManager: Mounting plugin LinuxDeviceProfileSelector
LogPluginManager: Mounting plugin LocationServicesBPLibrary
LogPluginManager: Mounting plugin MobilePatchingUtils
LogPluginManager: Mounting plugin OculusVR
LogPluginManager: Mounting plugin PhysXVehicles
LogPluginManager: Mounting plugin PostSplashScreen
LogPluginManager: Mounting plugin ProceduralMeshComponent
LogPluginManager: Mounting plugin RuntimePhysXCooking
LogPluginManager: Mounting plugin SignificanceManager
LogPluginManager: Mounting plugin SoundFields
LogPluginManager: Mounting plugin SteamVR
LogPluginManager: Mounting plugin Synthesis
LogPluginManager: Mounting plugin WebMMoviePlayer
LogPluginManager: Mounting plugin WindowsMoviePlayer
LogPluginManager: Mounting plugin ScreenshotTools
LogInit: Using libcurl 7.55.1-DEV
LogInit:  - built for x86_64-pc-win32
LogInit:  - supports SSL with OpenSSL/1.1.1
LogInit:  - supports HTTP deflate (compression) using libz 1.2.8
LogInit:  - other features:
LogInit:      CURL_VERSION_SSL
LogInit:      CURL_VERSION_LIBZ
LogInit:      CURL_VERSION_IPV6
LogInit:      CURL_VERSION_ASYNCHDNS
LogInit:      CURL_VERSION_LARGEFILE
LogInit:      CURL_VERSION_IDN
LogInit:  CurlRequestOptions (configurable via config and command line):
LogInit:  - bVerifyPeer = true  - Libcurl will verify peer certificate
LogInit:  - bUseHttpProxy = false  - Libcurl will NOT use HTTP proxy
LogInit:  - bDontReuseConnections = false  - Libcurl will reuse connections
LogInit:  - MaxHostConnections = 16  - Libcurl will limit the number of connections to a host
LogInit:  - LocalHostAddr = Default
LogInit:  - BufferSize = 65536
LogOnline: OSS: Creating online subsystem instance for: NULL
LogInit: WinSock: version 1.1 (2.2), MaxSocks=32767, MaxUdp=65467
LogOnline: OSS: TryLoadSubsystemAndSetDefault: Loaded subsystem for module [NULL]
LogInit: Build: ++UE4+Release-4.25-CL-13942748
LogInit: Engine Version: 4.25.3-13942748+++UE4+Release-4.25
LogInit: Compatible Engine Version: 4.25.0-13144385+++UE4+Release-4.25
LogInit: Net CL: 13144385
LogInit: OS: Windows 10 (Release 1909) (), CPU: Intel(R) Core(TM) i7-4790K CPU @ 4.00GHz, GPU: NVIDIA GeForce GTX 960
LogInit: Compiled (64-bit): Jul 25 2020 02:07:48
LogInit: Compiled with Visual C++: 19.24.28315.00
LogInit: Build Configuration: Development
LogInit: Branch Name: ++UE4+Release-4.25
LogInit: Command Line:  /Game/Intro_Menu_Level -game -PIEVIACONSOLE -Multiprocess GameUserSettingsINI=C:/Users/Megan/Documents/GitHub/Banannaquit/Saved/Config/Windows/PIEGameUserSettings0.ini -MultiprocessSaveConfig -MultiprocessOSS -messaging -SessionName="Play in Standalone Game" -windowed -ResX=1280 -ResY=720
LogInit: Base Directory: D:/Program Files/Epic/UE_4.25/Engine/Binaries/Win64/
LogInit: Allocator: TBB
LogInit: Installed Engine Build: 1
LogDevObjectVersion: Number of dev versions registered: 26
LogDevObjectVersion:   Dev-Blueprints (B0D832E4-1F89-4F0D-ACCF-7EB736FD4AA2): 10
LogDevObjectVersion:   Dev-Build (E1C64328-A22C-4D53-A36C-8E866417BD8C): 0
LogDevObjectVersion:   Dev-Core (375EC13C-06E4-48FB-B500-84F0262A717E): 4
LogDevObjectVersion:   Dev-Editor (E4B068ED-F494-42E9-A231-DA0B2E46BB41): 38
LogDevObjectVersion:   Dev-Framework (CFFC743F-43B0-4480-9391-14DF171D2073): 37
LogDevObjectVersion:   Dev-Mobile (B02B49B5-BB20-44E9-A304-32B752E40360): 2
LogDevObjectVersion:   Dev-Networking (A4E4105C-59A1-49B5-A7C5-40C4547EDFEE): 0
LogDevObjectVersion:   Dev-Online (39C831C9-5AE6-47DC-9A44-9C173E1C8E7C): 0
LogDevObjectVersion:   Dev-Physics (78F01B33-EBEA-4F98-B9B4-84EACCB95AA2): 4
LogDevObjectVersion:   Dev-Platform (6631380F-2D4D-43E0-8009-CF276956A95A): 0
LogDevObjectVersion:   Dev-Rendering (12F88B9F-8875-4AFC-A67C-D90C383ABD29): 43
LogDevObjectVersion:   Dev-Sequencer (7B5AE74C-D270-4C10-A958-57980B212A5A): 12
LogDevObjectVersion:   Dev-VR (D7296918-1DD6-4BDD-9DE2-64A83CC13884): 3
LogDevObjectVersion:   Dev-LoadTimes (C2A15278-BFE7-4AFE-6C17-90FF531DF755): 1
LogDevObjectVersion:   Private-Geometry (6EACA3D4-40EC-4CC1-B786-8BED09428FC5): 3
LogDevObjectVersion:   Dev-AnimPhys (29E575DD-E0A3-4627-9D10-D276232CDCEA): 17
LogDevObjectVersion:   Dev-Anim (AF43A65D-7FD3-4947-9873-3E8ED9C1BB05): 7
LogDevObjectVersion:   Dev-ReflectionCapture (6B266CEC-1EC7-4B8F-A30B-E4D90942FC07): 1
LogDevObjectVersion:   Dev-Automation (0DF73D61-A23F-47EA-B727-89E90C41499A): 1
LogDevObjectVersion:   FortniteMain (601D1886-AC64-4F84-AA16-D3DE0DEAC7D6): 31
LogDevObjectVersion:   Dev-Enterprise (9DFFBCD6-494F-0158-E221-12823C92A888): 10
LogDevObjectVersion:   Dev-Niagara (F2AED0AC-9AFE-416F-8664-AA7FFA26D6FC): 1
LogDevObjectVersion:   Dev-Destruction (174F1F0B-B4C6-45A5-B13F-2EE8D0FB917D): 10
LogDevObjectVersion:   Dev-Physics-Ext (35F94A83-E258-406C-A318-09F59610247C): 37
LogDevObjectVersion:   Dev-PhysicsMaterial-Chaos (B68FC16E-8B1B-42E2-B453-215C058844FE): 1
LogDevObjectVersion:   Dev-CineCamera (B2E18506-4273-CFC2-A54E-F4BB758BBA07): 1
LogInit: Presizing for max 25165824 objects, including 0 objects not considered by GC, pre-allocating 0 bytes for permanent pool.
LogConfig: Applying CVar settings from Section [/Script/Engine.StreamingSettings] File [C:/Users/Megan/Documents/GitHub/Banannaquit/Saved/Config/Windows/Engine.ini]
LogConfig: Setting CVar [[s.MinBulkDataSizeForAsyncLoading:131072]]
LogConfig: Setting CVar [[s.AsyncLoadingThreadEnabled:0]]
LogConfig: Setting CVar [[s.EventDrivenLoaderEnabled:1]]
LogConfig: Setting CVar [[s.WarnIfTimeLimitExceeded:0]]
LogConfig: Setting CVar [[s.TimeLimitExceededMultiplier:1.5]]
LogConfig: Setting CVar [[s.TimeLimitExceededMinTime:0.005]]
LogConfig: Setting CVar [[s.UseBackgroundLevelStreaming:1]]
LogConfig: Setting CVar [[s.PriorityAsyncLoadingExtraTime:15.0]]
LogConfig: Setting CVar [[s.LevelStreamingActorsUpdateTimeLimit:5.0]]
LogConfig: Setting CVar [[s.PriorityLevelStreamingActorsUpdateExtraTime:5.0]]
LogConfig: Setting CVar [[s.LevelStreamingComponentsRegistrationGranularity:10]]
LogConfig: Setting CVar [[s.UnregisterComponentsTimeLimit:1.0]]
LogConfig: Setting CVar [[s.LevelStreamingComponentsUnregistrationGranularity:5]]
LogConfig: Setting CVar [[s.FlushStreamingOnExit:1]]
LogInit: Object subsystem initialized
LogConfig: Setting CVar [[con.DebugEarlyDefault:1]]
LogConfig: Setting CVar [[r.setres:1280x720]]
[2020.11.19-19.08.35:257][  0]LogConfig: Setting CVar [[con.DebugEarlyDefault:1]]
[2020.11.19-19.08.35:257][  0]LogConfig: Setting CVar [[r.setres:1280x720]]
[2020.11.19-19.08.35:257][  0]LogConfig: Applying CVar settings from Section [/Script/Engine.RendererSettings] File [C:/Users/Megan/Documents/GitHub/Banannaquit/Saved/Config/Windows/Engine.ini]
[2020.11.19-19.08.35:257][  0]LogConfig: Setting CVar [[r.GPUCrashDebugging:0]]
[2020.11.19-19.08.35:257][  0]LogConfig: Applying CVar settings from Section [/Script/Engine.RendererOverrideSettings] File [C:/Users/Megan/Documents/GitHub/Banannaquit/Saved/Config/Windows/Engine.ini]
[2020.11.19-19.08.35:257][  0]LogConfig: Applying CVar settings from Section [/Script/Engine.StreamingSettings] File [C:/Users/Megan/Documents/GitHub/Banannaquit/Saved/Config/Windows/Engine.ini]
[2020.11.19-19.08.35:257][  0]LogConfig: Setting CVar [[s.MinBulkDataSizeForAsyncLoading:131072]]
[2020.11.19-19.08.35:257][  0]LogConfig: Setting CVar [[s.AsyncLoadingThreadEnabled:0]]
[2020.11.19-19.08.35:257][  0]LogConfig: Setting CVar [[s.EventDrivenLoaderEnabled:1]]
[2020.11.19-19.08.35:257][  0]LogConfig: Setting CVar [[s.WarnIfTimeLimitExceeded:0]]
[2020.11.19-19.08.35:257][  0]LogConfig: Setting CVar [[s.TimeLimitExceededMultiplier:1.5]]
[2020.11.19-19.08.35:257][  0]LogConfig: Setting CVar [[s.TimeLimitExceededMinTime:0.005]]
[2020.11.19-19.08.35:257][  0]LogConfig: Setting CVar [[s.UseBackgroundLevelStreaming:1]]
[2020.11.19-19.08.35:257][  0]LogConfig: Setting CVar [[s.PriorityAsyncLoadingExtraTime:15.0]]
[2020.11.19-19.08.35:257][  0]LogConfig: Setting CVar [[s.LevelStreamingActorsUpdateTimeLimit:5.0]]
[2020.11.19-19.08.35:257][  0]LogConfig: Setting CVar [[s.PriorityLevelStreamingActorsUpdateExtraTime:5.0]]
[2020.11.19-19.08.35:257][  0]LogConfig: Setting CVar [[s.LevelStreamingComponentsRegistrationGranularity:10]]
[2020.11.19-19.08.35:257][  0]LogConfig: Setting CVar [[s.UnregisterComponentsTimeLimit:1.0]]
[2020.11.19-19.08.35:257][  0]LogConfig: Setting CVar [[s.LevelStreamingComponentsUnregistrationGranularity:5]]
[2020.11.19-19.08.35:257][  0]LogConfig: Setting CVar [[s.FlushStreamingOnExit:1]]
[2020.11.19-19.08.35:257][  0]LogConfig: Applying CVar settings from Section [/Script/Engine.GarbageCollectionSettings] File [C:/Users/Megan/Documents/GitHub/Banannaquit/Saved/Config/Windows/Engine.ini]
[2020.11.19-19.08.35:257][  0]LogConfig: Setting CVar [[gc.MaxObjectsNotConsideredByGC:1]]
[2020.11.19-19.08.35:257][  0]LogConfig: Setting CVar [[gc.SizeOfPermanentObjectPool:0]]
[2020.11.19-19.08.35:257][  0]LogConfig: Setting CVar [[gc.FlushStreamingOnGC:0]]
[2020.11.19-19.08.35:257][  0]LogConfig: Setting CVar [[gc.NumRetriesBeforeForcingGC:10]]
[2020.11.19-19.08.35:257][  0]LogConfig: Setting CVar [[gc.AllowParallelGC:1]]
[2020.11.19-19.08.35:257][  0]LogConfig: Setting CVar [[gc.TimeBetweenPurgingPendingKillObjects:61.1]]
[2020.11.19-19.08.35:257][  0]LogConfig: Setting CVar [[gc.MaxObjectsInEditor:25165824]]
[2020.11.19-19.08.35:257][  0]LogConfig: Setting CVar [[gc.IncrementalBeginDestroyEnabled:1]]
[2020.11.19-19.08.35:257][  0]LogConfig: Setting CVar [[gc.CreateGCClusters:1]]
[2020.11.19-19.08.35:257][  0]LogConfig: Setting CVar [[gc.MinGCClusterSize:5]]
[2020.11.19-19.08.35:257][  0]LogConfig: Setting CVar [[gc.ActorClusteringEnabled:0]]
[2020.11.19-19.08.35:257][  0]LogConfig: Setting CVar [[gc.BlueprintClusteringEnabled:0]]
[2020.11.19-19.08.35:258][  0]LogConfig: Setting CVar [[gc.UseDisregardForGCOnDedicatedServers:0]]
[2020.11.19-19.08.35:258][  0]LogConfig: Applying CVar settings from Section [/Script/Engine.NetworkSettings] File [C:/Users/Megan/Documents/GitHub/Banannaquit/Saved/Config/Windows/Engine.ini]
[2020.11.19-19.08.35:258][  0]LogConfig: Applying CVar settings from Section [/Script/UnrealEd.CookerSettings] File [C:/Users/Megan/Documents/GitHub/Banannaquit/Saved/Config/Windows/Engine.ini]
[2020.11.19-19.08.35:263][  0]LogConfig: Applying CVar settings from Section [ViewDistanceQuality@3] File [C:/Users/Megan/Documents/GitHub/Banannaquit/Saved/Config/Windows/Scalability.ini]
[2020.11.19-19.08.35:263][  0]LogConfig: Setting CVar [[r.SkeletalMeshLODBias:0]]
[2020.11.19-19.08.35:263][  0]LogConfig: Setting CVar [[r.ViewDistanceScale:1.0]]
[2020.11.19-19.08.35:263][  0]LogConfig: Applying CVar settings from Section [AntiAliasingQuality@3] File [C:/Users/Megan/Documents/GitHub/Banannaquit/Saved/Config/Windows/Scalability.ini]
[2020.11.19-19.08.35:263][  0]LogConfig: Setting CVar [[r.PostProcessAAQuality:4]]
[2020.11.19-19.08.35:263][  0]LogConfig: Applying CVar settings from Section [ShadowQuality@3] File [C:/Users/Megan/Documents/GitHub/Banannaquit/Saved/Config/Windows/Scalability.ini]
[2020.11.19-19.08.35:263][  0]LogConfig: Setting CVar [[r.LightFunctionQuality:1]]
[2020.11.19-19.08.35:263][  0]LogConfig: Setting CVar [[r.ShadowQuality:5]]
[2020.11.19-19.08.35:263][  0]LogConfig: Setting CVar [[r.Shadow.CSM.MaxCascades:10]]
[2020.11.19-19.08.35:263][  0]LogConfig: Setting CVar [[r.Shadow.MaxResolution:2048]]
[2020.11.19-19.08.35:264][  0]LogConfig: Setting CVar [[r.Shadow.MaxCSMResolution:2048]]
[2020.11.19-19.08.35:264][  0]LogConfig: Setting CVar [[r.Shadow.RadiusThreshold:0.01]]
[2020.11.19-19.08.35:264][  0]LogConfig: Setting CVar [[r.Shadow.DistanceScale:1.0]]
[2020.11.19-19.08.35:264][  0]LogConfig: Setting CVar [[r.Shadow.CSM.TransitionScale:1.0]]
[2020.11.19-19.08.35:264][  0]LogConfig: Setting CVar [[r.Shadow.PreShadowResolutionFactor:1.0]]
[2020.11.19-19.08.35:264][  0]LogConfig: Setting CVar [[r.DistanceFieldShadowing:1]]
[2020.11.19-19.08.35:264][  0]LogConfig: Setting CVar [[r.DistanceFieldAO:1]]
[2020.11.19-19.08.35:264][  0]LogConfig: Setting CVar [[r.AOQuality:2]]
[2020.11.19-19.08.35:264][  0]LogConfig: Setting CVar [[r.VolumetricFog:1]]
[2020.11.19-19.08.35:264][  0]LogConfig: Setting CVar [[r.VolumetricFog.GridPixelSize:8]]
[2020.11.19-19.08.35:264][  0]LogConfig: Setting CVar [[r.VolumetricFog.GridSizeZ:128]]
[2020.11.19-19.08.35:264][  0]LogConfig: Setting CVar [[r.VolumetricFog.HistoryMissSupersampleCount:4]]
[2020.11.19-19.08.35:264][  0]LogConfig: Setting CVar [[r.LightMaxDrawDistanceScale:1]]
[2020.11.19-19.08.35:264][  0]LogConfig: Setting CVar [[r.CapsuleShadows:1]]
[2020.11.19-19.08.35:264][  0]LogConfig: Applying CVar settings from Section [PostProcessQuality@3] File [C:/Users/Megan/Documents/GitHub/Banannaquit/Saved/Config/Windows/Scalability.ini]
[2020.11.19-19.08.35:264][  0]LogConfig: Setting CVar [[r.MotionBlurQuality:4]]
[2020.11.19-19.08.35:264][  0]LogConfig: Setting CVar [[r.AmbientOcclusionMipLevelFactor:0.4]]
[2020.11.19-19.08.35:264][  0]LogConfig: Setting CVar [[r.AmbientOcclusionMaxQuality:100]]
[2020.11.19-19.08.35:264][  0]LogConfig: Setting CVar [[r.AmbientOcclusionLevels:-1]]
[2020.11.19-19.08.35:264][  0]LogConfig: Setting CVar [[r.AmbientOcclusionRadiusScale:1.0]]
[2020.11.19-19.08.35:264][  0]LogConfig: Setting CVar [[r.DepthOfFieldQuality:2]]
[2020.11.19-19.08.35:264][  0]LogConfig: Setting CVar [[r.RenderTargetPoolMin:400]]
[2020.11.19-19.08.35:264][  0]LogConfig: Setting CVar [[r.LensFlareQuality:2]]
[2020.11.19-19.08.35:264][  0]LogConfig: Setting CVar [[r.SceneColorFringeQuality:1]]
[2020.11.19-19.08.35:264][  0]LogConfig: Setting CVar [[r.EyeAdaptationQuality:2]]
[2020.11.19-19.08.35:264][  0]LogConfig: Setting CVar [[r.BloomQuality:5]]
[2020.11.19-19.08.35:264][  0]LogConfig: Setting CVar [[r.FastBlurThreshold:100]]
[2020.11.19-19.08.35:264][  0]LogConfig: Setting CVar [[r.Upscale.Quality:3]]
[2020.11.19-19.08.35:264][  0]LogConfig: Setting CVar [[r.Tonemapper.GrainQuantization:1]]
[2020.11.19-19.08.35:264][  0]LogConfig: Setting CVar [[r.LightShaftQuality:1]]
[2020.11.19-19.08.35:264][  0]LogConfig: Setting CVar [[r.Filter.SizeScale:1]]
[2020.11.19-19.08.35:264][  0]LogConfig: Setting CVar [[r.Tonemapper.Quality:5]]
[2020.11.19-19.08.35:264][  0]LogConfig: Setting CVar [[r.DOF.Gather.AccumulatorQuality:1        ; higher gathering accumulator quality]]
[2020.11.19-19.08.35:264][  0]LogConfig: Setting CVar [[r.DOF.Gather.PostfilterMethod:1          ; Median3x3 postfilering method]]
[2020.11.19-19.08.35:264][  0]LogConfig: Setting CVar [[r.DOF.Gather.EnableBokehSettings:0       ; no bokeh simulation when gathering]]
[2020.11.19-19.08.35:264][  0]LogConfig: Setting CVar [[r.DOF.Gather.RingCount:4                 ; medium number of samples when gathering]]
[2020.11.19-19.08.35:264][  0]LogConfig: Setting CVar [[r.DOF.Scatter.ForegroundCompositing:1    ; additive foreground scattering]]
[2020.11.19-19.08.35:264][  0]LogConfig: Setting CVar [[r.DOF.Scatter.BackgroundCompositing:2    ; additive background scattering]]
[2020.11.19-19.08.35:264][  0]LogConfig: Setting CVar [[r.DOF.Scatter.EnableBokehSettings:1      ; bokeh simulation when scattering]]
[2020.11.19-19.08.35:264][  0]LogConfig: Setting CVar [[r.DOF.Scatter.MaxSpriteRatio:0.1         ; only a maximum of 10% of scattered bokeh]]
[2020.11.19-19.08.35:264][  0]LogConfig: Setting CVar [[r.DOF.Recombine.Quality:1                ; cheap slight out of focus]]
[2020.11.19-19.08.35:264][  0]LogConfig: Setting CVar [[r.DOF.Recombine.EnableBokehSettings:0    ; no bokeh simulation on slight out of focus]]
[2020.11.19-19.08.35:264][  0]LogConfig: Setting CVar [[r.DOF.TemporalAAQuality:1                ; more stable temporal accumulation]]
[2020.11.19-19.08.35:264][  0]LogConfig: Setting CVar [[r.DOF.Kernel.MaxForegroundRadius:0.025]]
[2020.11.19-19.08.35:264][  0]LogConfig: Setting CVar [[r.DOF.Kernel.MaxBackgroundRadius:0.025]]
[2020.11.19-19.08.35:264][  0]LogConfig: Applying CVar settings from Section [TextureQuality@3] File [C:/Users/Megan/Documents/GitHub/Banannaquit/Saved/Config/Windows/Scalability.ini]
[2020.11.19-19.08.35:264][  0]LogConfig: Setting CVar [[r.Streaming.MipBias:0]]
[2020.11.19-19.08.35:264][  0]LogConfig: Setting CVar [[r.Streaming.AmortizeCPUToGPUCopy:0]]
[2020.11.19-19.08.35:264][  0]LogConfig: Setting CVar [[r.Streaming.MaxNumTexturesToStreamPerFrame:0]]
[2020.11.19-19.08.35:264][  0]LogConfig: Setting CVar [[r.Streaming.Boost:1]]
[2020.11.19-19.08.35:264][  0]LogConfig: Setting CVar [[r.MaxAnisotropy:8]]
[2020.11.19-19.08.35:264][  0]LogConfig: Setting CVar [[r.VT.MaxAnisotropy:8]]
[2020.11.19-19.08.35:264][  0]LogConfig: Setting CVar [[r.Streaming.LimitPoolSizeToVRAM:0]]
[2020.11.19-19.08.35:264][  0]LogConfig: Setting CVar [[r.Streaming.PoolSize:1000]]
[2020.11.19-19.08.35:264][  0]LogConfig: Setting CVar [[r.Streaming.MaxEffectiveScreenSize:0]]
[2020.11.19-19.08.35:264][  0]LogConfig: Applying CVar settings from Section [EffectsQuality@3] File [C:/Users/Megan/Documents/GitHub/Banannaquit/Saved/Config/Windows/Scalability.ini]
[2020.11.19-19.08.35:264][  0]LogConfig: Setting CVar [[r.TranslucencyLightingVolumeDim:64]]
[2020.11.19-19.08.35:264][  0]LogConfig: Setting CVar [[r.RefractionQuality:2]]
[2020.11.19-19.08.35:264][  0]LogConfig: Setting CVar [[r.SSR.Quality:3]]
[2020.11.19-19.08.35:264][  0]LogConfig: Setting CVar [[r.SSR.HalfResSceneColor:0]]
[2020.11.19-19.08.35:264][  0]LogConfig: Setting CVar [[r.SceneColorFormat:4]]
[2020.11.19-19.08.35:264][  0]LogConfig: Setting CVar [[r.DetailMode:2]]
[2020.11.19-19.08.35:264][  0]LogConfig: Setting CVar [[r.TranslucencyVolumeBlur:1]]
[2020.11.19-19.08.35:264][  0]LogConfig: Setting CVar [[r.MaterialQualityLevel:1 ; High quality]]
[2020.11.19-19.08.35:264][  0]LogConfig: Setting CVar [[r.SSS.Scale:1]]
[2020.11.19-19.08.35:264][  0]LogConfig: Setting CVar [[r.SSS.SampleSet:2]]
[2020.11.19-19.08.35:264][  0]LogConfig: Setting CVar [[r.SSS.Quality:1]]
[2020.11.19-19.08.35:264][  0]LogConfig: Setting CVar [[r.SSS.HalfRes:0]]
[2020.11.19-19.08.35:264][  0]LogConfig: Setting CVar [[r.SSGI.Quality:3]]
[2020.11.19-19.08.35:264][  0]LogConfig: Setting CVar [[r.EmitterSpawnRateScale:1.0]]
[2020.11.19-19.08.35:264][  0]LogConfig: Setting CVar [[r.ParticleLightQuality:2]]
[2020.11.19-19.08.35:264][  0]LogConfig: Setting CVar [[r.SkyAtmosphere.AerialPerspectiveLUT.FastApplyOnOpaque:1 ; Always have FastSkyLUT 1 in this case to avoid wrong sky]]
[2020.11.19-19.08.35:264][  0]LogConfig: Setting CVar [[r.SkyAtmosphere.AerialPerspectiveLUT.SampleCountPerSlice:1]]
[2020.11.19-19.08.35:264][  0]LogConfig: Setting CVar [[r.SkyAtmosphere.AerialPerspectiveLUT.DepthResolution:16.0]]
[2020.11.19-19.08.35:264][  0]LogConfig: Setting CVar [[r.SkyAtmosphere.FastSkyLUT:1]]
[2020.11.19-19.08.35:264][  0]LogConfig: Setting CVar [[r.SkyAtmosphere.FastSkyLUT.SampleCountMin:4.0]]
[2020.11.19-19.08.35:264][  0]LogConfig: Setting CVar [[r.SkyAtmosphere.FastSkyLUT.SampleCountMax:32.0]]
[2020.11.19-19.08.35:264][  0]LogConfig: Setting CVar [[r.SkyAtmosphere.SampleCountMin:4.0]]
[2020.11.19-19.08.35:264][  0]LogConfig: Setting CVar [[r.SkyAtmosphere.SampleCountMax:32.0]]
[2020.11.19-19.08.35:264][  0]LogConfig: Setting CVar [[r.SkyAtmosphere.TransmittanceLUT.UseSmallFormat:0]]
[2020.11.19-19.08.35:264][  0]LogConfig: Setting CVar [[r.SkyAtmosphere.TransmittanceLUT.SampleCount:10.0]]
[2020.11.19-19.08.35:264][  0]LogConfig: Setting CVar [[r.SkyAtmosphere.MultiScatteringLUT.SampleCount:15.0]]
[2020.11.19-19.08.35:264][  0]LogConfig: Applying CVar settings from Section [FoliageQuality@3] File [C:/Users/Megan/Documents/GitHub/Banannaquit/Saved/Config/Windows/Scalability.ini]
[2020.11.19-19.08.35:264][  0]LogConfig: Setting CVar [[foliage.DensityScale:1.0]]
[2020.11.19-19.08.35:264][  0]LogConfig: Setting CVar [[grass.DensityScale:1.0]]
[2020.11.19-19.08.35:264][  0]LogConfig: Applying CVar settings from Section [ShadingQuality@3] File [C:/Users/Megan/Documents/GitHub/Banannaquit/Saved/Config/Windows/Scalability.ini]
[2020.11.19-19.08.35:264][  0]LogConfig: Setting CVar [[r.HairStrands.SkyLighting.SampleCount:16]]
[2020.11.19-19.08.35:264][  0]LogConfig: Setting CVar [[r.HairStrands.SkyLighting.JitterIntegration:0]]
[2020.11.19-19.08.35:264][  0]LogConfig: Setting CVar [[r.HairStrands.SkyAO.SampleCount:16]]
[2020.11.19-19.08.35:264][  0]LogConfig: Setting CVar [[r.HairStrands.DeepShadow.SuperSampling:0]]
[2020.11.19-19.08.35:264][  0]LogConfig: Setting CVar [[r.HairStrands.VisibilityPPLL:0]]
[2020.11.19-19.08.35:264][  0]LogConfig: Setting CVar [[r.HairStrands.RasterizationScale:0.5]]
[2020.11.19-19.08.35:264][  0]LogConfig: Setting CVar [[r.HairStrands.VelocityRasterizationScale:1]]
[2020.11.19-19.08.35:265][  0]LogInit: Selected Device Profile: [Windows]
[2020.11.19-19.08.35:265][  0]LogInit: Applying CVar settings loaded from the selected device profile: [Windows]
[2020.11.19-19.08.35:265][  0]LogHAL: Display: Platform has ~ 16 GB [17092612096 / 17179869184 / 16], which maps to Larger [LargestMinGB=32, LargerMinGB=12, DefaultMinGB=8, SmallerMinGB=6, SmallestMinGB=0)
[2020.11.19-19.08.35:265][  0]LogInit: Going up to parent DeviceProfile []
[2020.11.19-19.08.35:265][  0]LogConfig: Applying CVar settings from Section [ViewDistanceQuality@3] File [C:/Users/Megan/Documents/GitHub/Banannaquit/Saved/Config/Windows/Scalability.ini]
[2020.11.19-19.08.35:265][  0]LogConfig: Setting CVar [[r.SkeletalMeshLODBias:0]]
[2020.11.19-19.08.35:265][  0]LogConfig: Setting CVar [[r.ViewDistanceScale:1.0]]
[2020.11.19-19.08.35:265][  0]LogConfig: Applying CVar settings from Section [AntiAliasingQuality@3] File [C:/Users/Megan/Documents/GitHub/Banannaquit/Saved/Config/Windows/Scalability.ini]
[2020.11.19-19.08.35:265][  0]LogConfig: Setting CVar [[r.PostProcessAAQuality:4]]
[2020.11.19-19.08.35:265][  0]LogConfig: Applying CVar settings from Section [ShadowQuality@3] File [C:/Users/Megan/Documents/GitHub/Banannaquit/Saved/Config/Windows/Scalability.ini]
[2020.11.19-19.08.35:265][  0]LogConfig: Setting CVar [[r.LightFunctionQuality:1]]
[2020.11.19-19.08.35:265][  0]LogConfig: Setting CVar [[r.ShadowQuality:5]]
[2020.11.19-19.08.35:265][  0]LogConfig: Setting CVar [[r.Shadow.CSM.MaxCascades:10]]
[2020.11.19-19.08.35:265][  0]LogConfig: Setting CVar [[r.Shadow.MaxResolution:2048]]
[2020.11.19-19.08.35:265][  0]LogConfig: Setting CVar [[r.Shadow.MaxCSMResolution:2048]]
[2020.11.19-19.08.35:265][  0]LogConfig: Setting CVar [[r.Shadow.RadiusThreshold:0.01]]
[2020.11.19-19.08.35:265][  0]LogConfig: Setting CVar [[r.Shadow.DistanceScale:1.0]]
[2020.11.19-19.08.35:265][  0]LogConfig: Setting CVar [[r.Shadow.CSM.TransitionScale:1.0]]
[2020.11.19-19.08.35:265][  0]LogConfig: Setting CVar [[r.Shadow.PreShadowResolutionFactor:1.0]]
[2020.11.19-19.08.35:265][  0]LogConfig: Setting CVar [[r.DistanceFieldShadowing:1]]
[2020.11.19-19.08.35:265][  0]LogConfig: Setting CVar [[r.DistanceFieldAO:1]]
[2020.11.19-19.08.35:265][  0]LogConfig: Setting CVar [[r.AOQuality:2]]
[2020.11.19-19.08.35:265][  0]LogConfig: Setting CVar [[r.VolumetricFog:1]]
[2020.11.19-19.08.35:265][  0]LogConfig: Setting CVar [[r.VolumetricFog.GridPixelSize:8]]
[2020.11.19-19.08.35:265][  0]LogConfig: Setting CVar [[r.VolumetricFog.GridSizeZ:128]]
[2020.11.19-19.08.35:265][  0]LogConfig: Setting CVar [[r.VolumetricFog.HistoryMissSupersampleCount:4]]
[2020.11.19-19.08.35:265][  0]LogConfig: Setting CVar [[r.LightMaxDrawDistanceScale:1]]
[2020.11.19-19.08.35:265][  0]LogConfig: Setting CVar [[r.CapsuleShadows:1]]
[2020.11.19-19.08.35:265][  0]LogConfig: Applying CVar settings from Section [PostProcessQuality@3] File [C:/Users/Megan/Documents/GitHub/Banannaquit/Saved/Config/Windows/Scalability.ini]
[2020.11.19-19.08.35:265][  0]LogConfig: Setting CVar [[r.MotionBlurQuality:4]]
[2020.11.19-19.08.35:265][  0]LogConfig: Setting CVar [[r.AmbientOcclusionMipLevelFactor:0.4]]
[2020.11.19-19.08.35:265][  0]LogConfig: Setting CVar [[r.AmbientOcclusionMaxQuality:100]]
[2020.11.19-19.08.35:265][  0]LogConfig: Setting CVar [[r.AmbientOcclusionLevels:-1]]
[2020.11.19-19.08.35:265][  0]LogConfig: Setting CVar [[r.AmbientOcclusionRadiusScale:1.0]]
[2020.11.19-19.08.35:265][  0]LogConfig: Setting CVar [[r.DepthOfFieldQuality:2]]
[2020.11.19-19.08.35:265][  0]LogConfig: Setting CVar [[r.RenderTargetPoolMin:400]]
[2020.11.19-19.08.35:265][  0]LogConfig: Setting CVar [[r.LensFlareQuality:2]]
[2020.11.19-19.08.35:265][  0]LogConfig: Setting CVar [[r.SceneColorFringeQuality:1]]
[2020.11.19-19.08.35:265][  0]LogConfig: Setting CVar [[r.EyeAdaptationQuality:2]]
[2020.11.19-19.08.35:265][  0]LogConfig: Setting CVar [[r.BloomQuality:5]]
[2020.11.19-19.08.35:265][  0]LogConfig: Setting CVar [[r.FastBlurThreshold:100]]
[2020.11.19-19.08.35:265][  0]LogConfig: Setting CVar [[r.Upscale.Quality:3]]
[2020.11.19-19.08.35:265][  0]LogConfig: Setting CVar [[r.Tonemapper.GrainQuantization:1]]
[2020.11.19-19.08.35:265][  0]LogConfig: Setting CVar [[r.LightShaftQuality:1]]
[2020.11.19-19.08.35:265][  0]LogConfig: Setting CVar [[r.Filter.SizeScale:1]]
[2020.11.19-19.08.35:265][  0]LogConfig: Setting CVar [[r.Tonemapper.Quality:5]]
[2020.11.19-19.08.35:265][  0]LogConfig: Setting CVar [[r.DOF.Gather.AccumulatorQuality:1        ; higher gathering accumulator quality]]
[2020.11.19-19.08.35:265][  0]LogConfig: Setting CVar [[r.DOF.Gather.PostfilterMethod:1          ; Median3x3 postfilering method]]
[2020.11.19-19.08.35:265][  0]LogConfig: Setting CVar [[r.DOF.Gather.EnableBokehSettings:0       ; no bokeh simulation when gathering]]
[2020.11.19-19.08.35:265][  0]LogConfig: Setting CVar [[r.DOF.Gather.RingCount:4                 ; medium number of samples when gathering]]
[2020.11.19-19.08.35:265][  0]LogConfig: Setting CVar [[r.DOF.Scatter.ForegroundCompositing:1    ; additive foreground scattering]]
[2020.11.19-19.08.35:265][  0]LogConfig: Setting CVar [[r.DOF.Scatter.BackgroundCompositing:2    ; additive background scattering]]
[2020.11.19-19.08.35:265][  0]LogConfig: Setting CVar [[r.DOF.Scatter.EnableBokehSettings:1      ; bokeh simulation when scattering]]
[2020.11.19-19.08.35:265][  0]LogConfig: Setting CVar [[r.DOF.Scatter.MaxSpriteRatio:0.1         ; only a maximum of 10% of scattered bokeh]]
[2020.11.19-19.08.35:265][  0]LogConfig: Setting CVar [[r.DOF.Recombine.Quality:1                ; cheap slight out of focus]]
[2020.11.19-19.08.35:265][  0]LogConfig: Setting CVar [[r.DOF.Recombine.EnableBokehSettings:0    ; no bokeh simulation on slight out of focus]]
[2020.11.19-19.08.35:265][  0]LogConfig: Setting CVar [[r.DOF.TemporalAAQuality:1                ; more stable temporal accumulation]]
[2020.11.19-19.08.35:265][  0]LogConfig: Setting CVar [[r.DOF.Kernel.MaxForegroundRadius:0.025]]
[2020.11.19-19.08.35:265][  0]LogConfig: Setting CVar [[r.DOF.Kernel.MaxBackgroundRadius:0.025]]
[2020.11.19-19.08.35:265][  0]LogConfig: Applying CVar settings from Section [TextureQuality@3] File [C:/Users/Megan/Documents/GitHub/Banannaquit/Saved/Config/Windows/Scalability.ini]
[2020.11.19-19.08.35:265][  0]LogConfig: Setting CVar [[r.Streaming.MipBias:0]]
[2020.11.19-19.08.35:265][  0]LogConfig: Setting CVar [[r.Streaming.AmortizeCPUToGPUCopy:0]]
[2020.11.19-19.08.35:265][  0]LogConfig: Setting CVar [[r.Streaming.MaxNumTexturesToStreamPerFrame:0]]
[2020.11.19-19.08.35:265][  0]LogConfig: Setting CVar [[r.Streaming.Boost:1]]
[2020.11.19-19.08.35:265][  0]LogConfig: Setting CVar [[r.MaxAnisotropy:8]]
[2020.11.19-19.08.35:265][  0]LogConfig: Setting CVar [[r.VT.MaxAnisotropy:8]]
[2020.11.19-19.08.35:265][  0]LogConfig: Setting CVar [[r.Streaming.LimitPoolSizeToVRAM:0]]
[2020.11.19-19.08.35:265][  0]LogConfig: Setting CVar [[r.Streaming.PoolSize:1000]]
[2020.11.19-19.08.35:265][  0]LogConfig: Setting CVar [[r.Streaming.MaxEffectiveScreenSize:0]]
[2020.11.19-19.08.35:265][  0]LogConfig: Applying CVar settings from Section [EffectsQuality@3] File [C:/Users/Megan/Documents/GitHub/Banannaquit/Saved/Config/Windows/Scalability.ini]
[2020.11.19-19.08.35:265][  0]LogConfig: Setting CVar [[r.TranslucencyLightingVolumeDim:64]]
[2020.11.19-19.08.35:265][  0]LogConfig: Setting CVar [[r.RefractionQuality:2]]
[2020.11.19-19.08.35:265][  0]LogConfig: Setting CVar [[r.SSR.Quality:3]]
[2020.11.19-19.08.35:265][  0]LogConfig: Setting CVar [[r.SSR.HalfResSceneColor:0]]
[2020.11.19-19.08.35:265][  0]LogConfig: Setting CVar [[r.SceneColorFormat:4]]
[2020.11.19-19.08.35:265][  0]LogConfig: Setting CVar [[r.DetailMode:2]]
[2020.11.19-19.08.35:265][  0]LogConfig: Setting CVar [[r.TranslucencyVolumeBlur:1]]
[2020.11.19-19.08.35:265][  0]LogConfig: Setting CVar [[r.MaterialQualityLevel:1 ; High quality]]
[2020.11.19-19.08.35:265][  0]LogConfig: Setting CVar [[r.SSS.Scale:1]]
[2020.11.19-19.08.35:265][  0]LogConfig: Setting CVar [[r.SSS.SampleSet:2]]
[2020.11.19-19.08.35:265][  0]LogConfig: Setting CVar [[r.SSS.Quality:1]]
[2020.11.19-19.08.35:265][  0]LogConfig: Setting CVar [[r.SSS.HalfRes:0]]
[2020.11.19-19.08.35:265][  0]LogConfig: Setting CVar [[r.SSGI.Quality:3]]
[2020.11.19-19.08.35:266][  0]LogConfig: Setting CVar [[r.EmitterSpawnRateScale:1.0]]
[2020.11.19-19.08.35:266][  0]LogConfig: Setting CVar [[r.ParticleLightQuality:2]]
[2020.11.19-19.08.35:266][  0]LogConfig: Setting CVar [[r.SkyAtmosphere.AerialPerspectiveLUT.FastApplyOnOpaque:1 ; Always have FastSkyLUT 1 in this case to avoid wrong sky]]
[2020.11.19-19.08.35:266][  0]LogConfig: Setting CVar [[r.SkyAtmosphere.AerialPerspectiveLUT.SampleCountPerSlice:1]]
[2020.11.19-19.08.35:266][  0]LogConfig: Setting CVar [[r.SkyAtmosphere.AerialPerspectiveLUT.DepthResolution:16.0]]
[2020.11.19-19.08.35:266][  0]LogConfig: Setting CVar [[r.SkyAtmosphere.FastSkyLUT:1]]
[2020.11.19-19.08.35:266][  0]LogConfig: Setting CVar [[r.SkyAtmosphere.FastSkyLUT.SampleCountMin:4.0]]
[2020.11.19-19.08.35:266][  0]LogConfig: Setting CVar [[r.SkyAtmosphere.FastSkyLUT.SampleCountMax:32.0]]
[2020.11.19-19.08.35:266][  0]LogConfig: Setting CVar [[r.SkyAtmosphere.SampleCountMin:4.0]]
[2020.11.19-19.08.35:266][  0]LogConfig: Setting CVar [[r.SkyAtmosphere.SampleCountMax:32.0]]
[2020.11.19-19.08.35:266][  0]LogConfig: Setting CVar [[r.SkyAtmosphere.TransmittanceLUT.UseSmallFormat:0]]
[2020.11.19-19.08.35:266][  0]LogConfig: Setting CVar [[r.SkyAtmosphere.TransmittanceLUT.SampleCount:10.0]]
[2020.11.19-19.08.35:266][  0]LogConfig: Setting CVar [[r.SkyAtmosphere.MultiScatteringLUT.SampleCount:15.0]]
[2020.11.19-19.08.35:266][  0]LogConfig: Applying CVar settings from Section [FoliageQuality@3] File [C:/Users/Megan/Documents/GitHub/Banannaquit/Saved/Config/Windows/Scalability.ini]
[2020.11.19-19.08.35:266][  0]LogConfig: Setting CVar [[foliage.DensityScale:1.0]]
[2020.11.19-19.08.35:266][  0]LogConfig: Setting CVar [[grass.DensityScale:1.0]]
[2020.11.19-19.08.35:266][  0]LogConfig: Applying CVar settings from Section [ShadingQuality@3] File [C:/Users/Megan/Documents/GitHub/Banannaquit/Saved/Config/Windows/Scalability.ini]
[2020.11.19-19.08.35:266][  0]LogConfig: Setting CVar [[r.HairStrands.SkyLighting.SampleCount:16]]
[2020.11.19-19.08.35:266][  0]LogConfig: Setting CVar [[r.HairStrands.SkyLighting.JitterIntegration:0]]
[2020.11.19-19.08.35:266][  0]LogConfig: Setting CVar [[r.HairStrands.SkyAO.SampleCount:16]]
[2020.11.19-19.08.35:266][  0]LogConfig: Setting CVar [[r.HairStrands.DeepShadow.SuperSampling:0]]
[2020.11.19-19.08.35:266][  0]LogConfig: Setting CVar [[r.HairStrands.VisibilityPPLL:0]]
[2020.11.19-19.08.35:266][  0]LogConfig: Setting CVar [[r.HairStrands.RasterizationScale:0.5]]
[2020.11.19-19.08.35:266][  0]LogConfig: Setting CVar [[r.HairStrands.VelocityRasterizationScale:1]]
[2020.11.19-19.08.35:266][  0]LogConfig: Applying CVar settings from Section [Startup] File [../../../Engine/Config/ConsoleVariables.ini]
[2020.11.19-19.08.35:266][  0]LogConfig: Setting CVar [[net.UseAdaptiveNetUpdateFrequency:0]]
[2020.11.19-19.08.35:266][  0]LogConfig: Setting CVar [[p.chaos.AllowCreatePhysxBodies:1]]
[2020.11.19-19.08.35:266][  0]LogConfig: Setting CVar [[fx.SkipVectorVMBackendOptimizations:1]]
[2020.11.19-19.08.35:266][  0]LogConfig: Applying CVar settings from Section [ConsoleVariables] File [C:/Users/Megan/Documents/GitHub/Banannaquit/Saved/Config/Windows/Engine.ini]
[2020.11.19-19.08.35:266][  0]LogInit: Computer: ATC256-44-OLD
[2020.11.19-19.08.35:266][  0]LogInit: User: Megan
[2020.11.19-19.08.35:266][  0]LogInit: CPU Page size=4096, Cores=4
[2020.11.19-19.08.35:266][  0]LogInit: High frequency timer resolution =10.000000 MHz
[2020.11.19-19.08.35:266][  0]LogMemory: Memory total: Physical=15.9GB (16GB approx)
[2020.11.19-19.08.35:266][  0]LogMemory: Platform Memory Stats for Windows
[2020.11.19-19.08.35:266][  0]LogMemory: Process Physical Memory: 113.84 MB used, 113.85 MB peak
[2020.11.19-19.08.35:266][  0]LogMemory: Process Virtual Memory: 96.16 MB used, 96.16 MB peak
[2020.11.19-19.08.35:266][  0]LogMemory: Physical Memory: 7520.63 MB used,  8780.16 MB free, 16300.79 MB total
[2020.11.19-19.08.35:266][  0]LogMemory: Virtual Memory: 5143.14 MB used,  134212584.00 MB free, 134217728.00 MB total
[2020.11.19-19.08.35:271][  0]LogWindows: WindowsPlatformFeatures enabled
[2020.11.19-19.08.35:314][  0]LogInit: Physics initialised using underlying interface: PhysX
[2020.11.19-19.08.35:314][  0]LogInit: Using OS detected language (en-US).
[2020.11.19-19.08.35:315][  0]LogInit: Using OS detected locale (en-US).
[2020.11.19-19.08.35:315][  0]LogTextLocalizationManager: No specific localization for 'en-US' exists, so the 'en' localization will be used.
[2020.11.19-19.08.35:542][  0]LogSlate: New Slate User Created.  User Index 0, Is Virtual User: 0
[2020.11.19-19.08.35:542][  0]LogSlate: Slate User Registered.  User Index 0, Is Virtual User: 0
[2020.11.19-19.08.35:553][  0]LogHMD: Failed to initialize OpenVR with code 110
[2020.11.19-19.08.35:553][  0]LogD3D11RHI: D3D11 min allowed feature level: 11_0
[2020.11.19-19.08.35:553][  0]LogD3D11RHI: D3D11 max allowed feature level: 11_0
[2020.11.19-19.08.35:553][  0]LogD3D11RHI: D3D11 adapters:
[2020.11.19-19.08.35:617][  0]LogD3D11RHI:    0. 'NVIDIA GeForce GTX 960' (Feature Level 11_0)
[2020.11.19-19.08.35:617][  0]LogD3D11RHI:       2007/0/8150 MB DedicatedVideo/DedicatedSystem/SharedSystem, Outputs:2, VendorId:0x10de
[2020.11.19-19.08.35:624][  0]LogD3D11RHI:    1. 'Intel(R) HD Graphics 4600' (Feature Level 11_0)
[2020.11.19-19.08.35:624][  0]LogD3D11RHI:       112/0/2048 MB DedicatedVideo/DedicatedSystem/SharedSystem, Outputs:0, VendorId:0x8086
[2020.11.19-19.08.35:625][  0]LogD3D11RHI:    2. 'Microsoft Basic Render Driver' (Feature Level 11_0)
[2020.11.19-19.08.35:625][  0]LogD3D11RHI:       0/0/8150 MB DedicatedVideo/DedicatedSystem/SharedSystem, Outputs:0, VendorId:0x1414
[2020.11.19-19.08.35:625][  0]LogD3D11RHI: Chosen D3D11 Adapter: 0
[2020.11.19-19.08.35:631][  0]LogD3D11RHI: Creating new Direct3DDevice
[2020.11.19-19.08.35:631][  0]LogD3D11RHI:     GPU DeviceId: 0x1401 (for the marketing name, search the web for "GPU Device Id")
[2020.11.19-19.08.35:631][  0]LogWindows: EnumDisplayDevices:
[2020.11.19-19.08.35:631][  0]LogWindows:    0. 'NVIDIA GeForce GTX 960' (P:1 D:1)
[2020.11.19-19.08.35:631][  0]LogWindows:    1. 'NVIDIA GeForce GTX 960' (P:0 D:1)
[2020.11.19-19.08.35:632][  0]LogWindows:    2. 'NVIDIA GeForce GTX 960' (P:0 D:0)
[2020.11.19-19.08.35:632][  0]LogWindows:    3. 'NVIDIA GeForce GTX 960' (P:0 D:0)
[2020.11.19-19.08.35:632][  0]LogWindows:    4. 'Intel(R) HD Graphics 4600' (P:0 D:0)
[2020.11.19-19.08.35:632][  0]LogWindows:    5. 'Intel(R) HD Graphics 4600' (P:0 D:0)
[2020.11.19-19.08.35:633][  0]LogWindows:    6. 'Intel(R) HD Graphics 4600' (P:0 D:0)
[2020.11.19-19.08.35:633][  0]LogWindows: DebugString: PrimaryIsNotTheChoosenAdapter PrimaryIsNotTheChoosenAdapter PrimaryIsNotTheChoosenAdapter FoundDriverCount:4 
[2020.11.19-19.08.35:633][  0]LogD3D11RHI:     Adapter Name: NVIDIA GeForce GTX 960
[2020.11.19-19.08.35:633][  0]LogD3D11RHI:   Driver Version: 456.71 (internal:27.21.14.5671, unified:456.71)
[2020.11.19-19.08.35:633][  0]LogD3D11RHI:      Driver Date: 9-30-2020
[2020.11.19-19.08.35:633][  0]LogRHI: Texture pool is 1405 MB (70% of 2007 MB)
[2020.11.19-19.08.35:676][  0]LogD3D11RHI: RHI has support for 64 bit atomics
[2020.11.19-19.08.35:677][  0]LogD3D11RHI: Async texture creation enabled
[2020.11.19-19.08.35:677][  0]LogD3D11RHI: Array index from any shader is supported
[2020.11.19-19.08.35:698][  0]LogD3D11RHI: GPU Timing Frequency: 1000.000000 (Debug: 2 1)
[2020.11.19-19.08.35:975][  0]LogTargetPlatformManager: Display: Loaded TargetPlatform 'WindowsNoEditor'
[2020.11.19-19.08.35:978][  0]LogTargetPlatformManager: Display: Loaded TargetPlatform 'Windows'
[2020.11.19-19.08.35:986][  0]LogTargetPlatformManager: Display: Loaded TargetPlatform 'WindowsClient'
[2020.11.19-19.08.35:993][  0]LogTargetPlatformManager: Display: Loaded TargetPlatform 'WindowsServer'
[2020.11.19-19.08.35:993][  0]LogTargetPlatformManager: Display: Building Assets For Windows
[2020.11.19-19.08.35:998][  0]LogAudioDebug: Display: Lib vorbis DLL was dynamically loaded.
[2020.11.19-19.08.36:039][  0]LogShaderCompilers: Guid format shader working directory is 3 characters bigger than the processId version (C:/Users/Megan/Documents/GitHub/Banannaquit/Intermediate/Shaders/WorkingDirectory/9016/).
[2020.11.19-19.08.36:039][  0]LogShaderCompilers: Cleaned the shader compiler working directory 'C:/Users/Megan/AppData/Local/Temp/UnrealShaderWorkingDir/90F0ABCF4311EFA8C5D1E3A55520F9F7/'.
[2020.11.19-19.08.36:039][  0]LogXGEController: Cannot use XGE Controller as Incredibuild is not installed on this machine.
[2020.11.19-19.08.36:040][  0]LogShaderCompilers: Cannot use XGE Shader Compiler as Incredibuild is not installed on this machine.
[2020.11.19-19.08.36:040][  0]LogShaderCompilers: Display: Using Local Shader Compiler.
[2020.11.19-19.08.37:059][  0]LogDerivedDataCache: Display: Max Cache Size: 512 MB
[2020.11.19-19.08.37:114][  0]LogDerivedDataCache: Loaded boot cache 0.06s 75MB C:/Users/Megan/AppData/Local/UnrealEngine/4.25/DerivedDataCache/Boot.ddc.
[2020.11.19-19.08.37:115][  0]LogDerivedDataCache: Display: Loaded Boot cache: C:/Users/Megan/AppData/Local/UnrealEngine/4.25/DerivedDataCache/Boot.ddc
[2020.11.19-19.08.37:115][  0]LogDerivedDataCache: FDerivedDataBackendGraph:  Pak pak cache file C:/Users/Megan/Documents/GitHub/Banannaquit/DerivedDataCache/DDC.ddp not found, will not use a pak cache.
[2020.11.19-19.08.37:115][  0]LogDerivedDataCache: Unable to find inner node Pak for hierarchical cache Hierarchy.
[2020.11.19-19.08.37:115][  0]LogDerivedDataCache: FDerivedDataBackendGraph:  CompressedPak pak cache file C:/Users/Megan/Documents/GitHub/Banannaquit/DerivedDataCache/Compressed.ddp not found, will not use a pak cache.
[2020.11.19-19.08.37:115][  0]LogDerivedDataCache: Unable to find inner node CompressedPak for hierarchical cache Hierarchy.
[2020.11.19-19.08.37:125][  0]LogDerivedDataCache: Display: Pak cache opened for reading ../../../Engine/DerivedDataCache/Compressed.ddp.
[2020.11.19-19.08.37:125][  0]LogDerivedDataCache: FDerivedDataBackendGraph:  EnterprisePak pak cache file ../../../Enterprise/DerivedDataCache/Compressed.ddp not found, will not use a pak cache.
[2020.11.19-19.08.37:125][  0]LogDerivedDataCache: Unable to find inner node EnterprisePak for hierarchical cache Hierarchy.
[2020.11.19-19.08.37:126][  0]LogDerivedDataCache: Using Local data cache path C:/Users/Megan/AppData/Local/UnrealEngine/Common/DerivedDataCache: Writable
[2020.11.19-19.08.37:126][  0]LogDerivedDataCache: Shared data cache path not found in *engine.ini, will not use an Shared cache.
[2020.11.19-19.08.37:126][  0]LogDerivedDataCache: Unable to find inner node Shared for hierarchical cache Hierarchy.
[2020.11.19-19.08.37:163][  0]LogSlate: Using FreeType 2.10.0
[2020.11.19-19.08.37:163][  0]LogSlate: SlateFontServices - WITH_FREETYPE: 1, WITH_HARFBUZZ: 1
[2020.11.19-19.08.37:243][  0]LogInit: Using OS detected language (en-US).
[2020.11.19-19.08.37:244][  0]LogInit: Using OS detected locale (en-US).
[2020.11.19-19.08.37:244][  0]LogTextLocalizationManager: No localization for 'en-US' exists, so 'en' will be used for the language.
[2020.11.19-19.08.37:244][  0]LogTextLocalizationManager: No localization for 'en-US' exists, so 'en' will be used for the locale.
[2020.11.19-19.08.37:244][  0]LogSlate: FontCache flush requested. Reason: Culture for localization was changed
[2020.11.19-19.08.37:244][  0]LogSlate: FontCache flush requested. Reason: Culture for localization was changed
[2020.11.19-19.08.37:245][  0]LogTextLocalizationManager: Compacting localization data took   0.00ms
[2020.11.19-19.08.37:247][  0]LogAssetRegistry: FAssetRegistry took 0.0015 seconds to start up
[2020.11.19-19.08.37:473][  0]LogPackageLocalizationCache: Processed 19 localized package path(s) for 1 prioritized culture(s) in 0.000681 seconds
[2020.11.19-19.08.37:511][  0]LogInit: Selected Device Profile: [Windows]
[2020.11.19-19.08.37:606][  0]LogMeshReduction: Using QuadricMeshReduction for automatic static mesh reduction
[2020.11.19-19.08.37:606][  0]LogMeshReduction: Using SimplygonMeshReduction for automatic skeletal mesh reduction
[2020.11.19-19.08.37:606][  0]LogMeshReduction: Using ProxyLODMeshReduction for automatic mesh merging
[2020.11.19-19.08.37:606][  0]LogMeshReduction: No distributed automatic mesh merging module available
[2020.11.19-19.08.37:606][  0]LogMeshMerging: No distributed automatic mesh merging module available
[2020.11.19-19.08.37:625][  0]LogNetVersion: bananaquit 1.0.0, NetCL: 13144385, EngineNetVer: 14, GameNetVer: 0 (Checksum: 510207436)
[2020.11.19-19.08.37:905][  0]LogAISub: UAISubsystem::UAISubsystem AISubsystem (0000013CF2417480), frame # 0
[2020.11.19-19.08.37:905][  0]LogAISub: UAISubsystem::UAISubsystem AIPerceptionSystem (0000013CF234A980), frame # 0
[2020.11.19-19.08.37:907][  0]LogAISub: UAISubsystem::UAISubsystem EnvQueryManager (0000013CF233FC00), frame # 0
[2020.11.19-19.08.38:021][  0]LogMoviePlayer: Initializing movie player
[2020.11.19-19.08.38:230][  0]LogTcpMessaging: Initializing TcpMessaging bridge
[2020.11.19-19.08.38:233][  0]LogUdpMessaging: Initializing bridge on interface 0.0.0.0:0 to multicast group 230.0.0.1:6666.
[2020.11.19-19.08.38:263][  0]SourceControl: Source control is disabled
[2020.11.19-19.08.38:263][  0]SourceControl: Source control is disabled
[2020.11.19-19.08.38:268][  0]SourceControl: Source control is disabled
[2020.11.19-19.08.38:416][  0]LogAndroidPermission: UAndroidPermissionCallbackProxy::GetInstance
[2020.11.19-19.08.38:438][  0]LogAudioCaptureCore: Display: No Audio Capture implementations found. Audio input will be silent.
[2020.11.19-19.08.38:438][  0]LogAudioCaptureCore: Display: No Audio Capture implementations found. Audio input will be silent.
[2020.11.19-19.08.38:514][  0]LogOcInput: OculusInput pre-init called
[2020.11.19-19.08.38:534][  0]LogUObjectArray: 19064 objects as part of root set at end of initial load.
[2020.11.19-19.08.38:534][  0]LogUObjectAllocator: 5015424 out of 0 bytes used by permanent object pool.
[2020.11.19-19.08.38:534][  0]LogUObjectArray: CloseDisregardForGC: 0/0 objects in disregard for GC pool
[2020.11.19-19.08.38:572][  0]LogEngine: Initializing Engine...
[2020.11.19-19.08.38:574][  0]LogHMD: Failed to initialize OpenVR with code 110
[2020.11.19-19.08.38:574][  0]LogMagicLeap: Warning: VR disabled because ZI is not enabled.  To enable, in the editor, Edit -> Project Settings -> Plugins -> Magic Leap Plugin -> Enable Zero Iteration
[2020.11.19-19.08.38:575][  0]LogStats: UGameplayTagsManager::InitializeManager -  0.000 s
[2020.11.19-19.08.38:663][  0]LogInit: Initializing FReadOnlyCVARCache
[2020.11.19-19.08.38:666][  0]LogAudioMixer: Display: Audio Mixer Platform Settings:
[2020.11.19-19.08.38:666][  0]LogAudioMixer: Display: 	Sample Rate:						  48000
[2020.11.19-19.08.38:666][  0]LogAudioMixer: Display: 	Callback Buffer Frame Size Requested: 1024
[2020.11.19-19.08.38:666][  0]LogAudioMixer: Display: 	Callback Buffer Frame Size To Use:	  1024
[2020.11.19-19.08.38:666][  0]LogAudioMixer: Display: 	Number of buffers to queue:			  2
[2020.11.19-19.08.38:666][  0]LogAudioMixer: Display: 	Max Channels (voices):				  32
[2020.11.19-19.08.38:666][  0]LogAudioMixer: Display: 	Number of Async Source Workers:		  0
[2020.11.19-19.08.38:666][  0]LogAudio: Display: AudioDevice MaxSources: 32
[2020.11.19-19.08.38:667][  0]LogAudio: Display: Using built-in audio occlusion.
[2020.11.19-19.08.38:667][  0]LogAudioMixer: Display: Initializing audio mixer.
[2020.11.19-19.08.38:681][  0]LogAudioMixer: Display: 0: FrontLeft
[2020.11.19-19.08.38:681][  0]LogAudioMixer: Display: 1: FrontRight
[2020.11.19-19.08.38:731][  0]LogAudioMixer: Display: Using Audio Device Speakers / Headphones (Realtek Audio)
[2020.11.19-19.08.38:736][  0]LogAudioMixer: Display: Initializing Sound Submixes...
[2020.11.19-19.08.38:737][  0]LogAudioMixer: Display: Creating Master Submix 'MasterSubmixDefault'
[2020.11.19-19.08.38:737][  0]LogAudioMixer: Display: Creating Master Submix 'MasterReverbSubmixDefault'
[2020.11.19-19.08.38:738][  0]LogAudioMixer: Display: Creating Master Submix 'MasterEQSubmixDefault'
[2020.11.19-19.08.38:739][  0]LogInit: FAudioDevice initialized.
[2020.11.19-19.08.38:740][  0]LogNetVersion: Set ProjectVersion to 1.0.0.0. Version Checksum will be recalculated on next use.
[2020.11.19-19.08.38:742][  0]LogInit: Texture streaming: Enabled
[2020.11.19-19.08.38:791][  0]LogSlate: Updating window title bar state: overlay mode, drag disabled, window buttons hidden, title bar hidden
[2020.11.19-19.08.38:794][  0]LogInit: Display: Game Engine Initialized.
[2020.11.19-19.08.38:794][  0]LogNiagaraEditor: Warning: GEditor isn't valid! Particle reset commands will not work for Niagara components!
[2020.11.19-19.08.38:838][  0]LogInit: Display: Starting Game.
[2020.11.19-19.08.38:838][  0]LogNet: Browse: /Game/Intro_Menu_Level?Name=Player
[2020.11.19-19.08.38:839][  0]LogLoad: LoadMap: /Game/Intro_Menu_Level?Name=Player
[2020.11.19-19.08.38:839][  0]LogWorld: BeginTearingDown for /Temp/Untitled_0
[2020.11.19-19.08.38:841][  0]LogWorld: UWorld::CleanupWorld for Untitled, bSessionEnded=true, bCleanupResources=true
[2020.11.19-19.08.38:841][  0]LogSlate: InvalidateAllWidgets triggered.  All widgets were invalidated
[2020.11.19-19.08.38:861][  0]LogUObjectHash: Compacting FUObjectHashTables data took   1.61ms
[2020.11.19-19.08.38:922][  0]LogAIModule: Creating AISystem for world Intro_Menu_Level
[2020.11.19-19.08.38:922][  0]LogAISub: UAISubsystem::UAISubsystem EnvQueryManager (0000013CF8329E00), frame # 0
[2020.11.19-19.08.38:922][  0]LogAISub: UAISubsystem::UAISubsystem AIPerceptionSystem (0000013CF814EAC0), frame # 0
[2020.11.19-19.08.39:076][  0]LogLoad: Game class is 'SideScrollerGameMode_C'
[2020.11.19-19.08.39:078][  0]LogWorld: Bringing World /Game/Intro_Menu_Level.Intro_Menu_Level up for play (max tick rate 0) at 2020.11.19-14.08.39
[2020.11.19-19.08.39:078][  0]LogWorld: Bringing up level for play took: 0.001480
[2020.11.19-19.08.39:131][  0]LogBlueprintUserMessages: [SideScrollerCharacter_C_0] Hello
[2020.11.19-19.08.39:136][  0]LogLoad: Took 0.298047 seconds to LoadMap(/Game/Intro_Menu_Level)
[2020.11.19-19.08.39:244][  0]LogSlate: Took 0.000284 seconds to synchronously load lazily loaded font '../../../Engine/Content/Slate/Fonts/Roboto-Regular.ttf' (155K)
[2020.11.19-19.08.39:298][  0]LogRenderer: Reallocating scene render targets to support 1280x720 Format 10 NumSamples 1 (Frame:1).
[2020.11.19-19.08.39:298][  0]LogLoad: (Engine Initialization) Total time: 5.08 seconds
[2020.11.19-19.08.39:298][  0]LogLoad: (Engine Initialization) Total Blueprint compile time: 0.00 seconds
[2020.11.19-19.08.39:321][  0]LogContentStreaming: Texture pool size now 1000 MB
[2020.11.19-19.08.39:324][  0]LogSlate: InvalidateAllWidgets triggered.  All widgets were invalidated
[2020.11.19-19.08.39:396][  1]LogSlate: Took 0.000142 seconds to synchronously load lazily loaded font '../../../Engine/Content/Slate/Fonts/Roboto-Regular.ttf' (155K)
[2020.11.19-19.08.43:621][855]LogSlate: Window 'bananaquit (64-bit Development PCD3D_SM5) ' being destroyed
[2020.11.19-19.08.43:622][855]LogWindowsTextInputMethodSystem: Display: IME system now deactivated.
[2020.11.19-19.08.43:625][855]LogSlate: Updating window title bar state: overlay mode, drag disabled, window buttons hidden, title bar hidden
[2020.11.19-19.08.43:625][855]LogEngine: All Windows Closed
[2020.11.19-19.08.43:625][855]LogWindows: FPlatformMisc::RequestExit(0)
[2020.11.19-19.08.43:625][855]LogCore: Engine exit requested (reason: Win RequestExit)
[2020.11.19-19.08.43:625][856]LogCore: Engine exit requested (reason: EngineExit() was called; note: exit was already requested)
[2020.11.19-19.08.43:626][856]LogAudio: Display: Shutting down audio device while 2 references to it are still alive. For more information, compile with INSTRUMENT_AUDIODEVICE_HANDLES.
[2020.11.19-19.08.43:671][856]LogInit: Display: PreExit Game.
[2020.11.19-19.08.43:710][856]LogWorld: BeginTearingDown for /Game/Intro_Menu_Level
[2020.11.19-19.08.43:711][856]LogWorld: UWorld::CleanupWorld for Intro_Menu_Level, bSessionEnded=true, bCleanupResources=true
[2020.11.19-19.08.43:711][856]LogSlate: InvalidateAllWidgets triggered.  All widgets were invalidated
[2020.11.19-19.08.44:587][856]LogExit: Preparing to exit.
[2020.11.19-19.08.45:240][856]LogMoviePlayer: Shutting down movie player
[2020.11.19-19.08.45:398][856]LogSlate: Updating window title bar state: overlay mode, drag disabled, window buttons hidden, title bar hidden
[2020.11.19-19.08.45:407][856]LogExit: Game engine shut down
[2020.11.19-19.08.45:408][856]LogDemo: Cleaned up 0 splitscreen connections with owner deletion
[2020.11.19-19.08.45:419][856]LogAISub: UAISubsystem::~UAISubsystem AISubsystem (0000013CF2417480), frame # 856
[2020.11.19-19.08.45:419][856]LogAISub: UAISubsystem::~UAISubsystem AIPerceptionSystem (0000013CF234A980), frame # 856
[2020.11.19-19.08.45:419][856]LogAISub: UAISubsystem::~UAISubsystem EnvQueryManager (0000013CF233FC00), frame # 856
[2020.11.19-19.08.45:422][856]LogAISub: UAISubsystem::~UAISubsystem EnvQueryManager (0000013CF8329E00), frame # 856
[2020.11.19-19.08.45:422][856]LogAISub: UAISubsystem::~UAISubsystem AIPerceptionSystem (0000013CF814EAC0), frame # 856
[2020.11.19-19.08.45:448][856]LogExit: Object subsystem successfully closed.
[2020.11.19-19.08.45:462][856]LogShaderCompilers: Display: Shaders left to compile 0
[2020.11.19-19.08.45:469][856]LogModuleManager: Shutting down and abandoning module SequenceRecorderSections (498)
[2020.11.19-19.08.45:469][856]LogModuleManager: Shutting down and abandoning module SequenceRecorder (496)
[2020.11.19-19.08.45:469][856]LogModuleManager: Shutting down and abandoning module AutomationController (494)
[2020.11.19-19.08.45:469][856]LogModuleManager: Shutting down and abandoning module AutomationWorker (492)
[2020.11.19-19.08.45:469][856]LogModuleManager: Shutting down and abandoning module Voice (490)
[2020.11.19-19.08.45:469][856]LogModuleManager: Shutting down and abandoning module AIModule (488)
[2020.11.19-19.08.45:469][856]LogModuleManager: Shutting down and abandoning module GameplayDebugger (487)
[2020.11.19-19.08.45:469][856]LogModuleManager: Shutting down and abandoning module AITestSuite (485)
[2020.11.19-19.08.45:469][856]LogModuleManager: Shutting down and abandoning module NavigationSystem (483)
[2020.11.19-19.08.45:469][856]LogModuleManager: Shutting down and abandoning module OculusMR (480)
[2020.11.19-19.08.45:469][856]LogModuleManager: Shutting down and abandoning module WmfMediaFactory (478)
[2020.11.19-19.08.45:469][856]LogModuleManager: Shutting down and abandoning module WebMMediaFactory (476)
[2020.11.19-19.08.45:469][856]LogModuleManager: Shutting down and abandoning module WebMMedia (474)
[2020.11.19-19.08.45:469][856]LogModuleManager: Shutting down and abandoning module OpenExrWrapper (472)
[2020.11.19-19.08.45:469][856]LogModuleManager: Shutting down and abandoning module ImgMediaFactory (470)
[2020.11.19-19.08.45:469][856]LogModuleManager: Shutting down and abandoning module AvfMediaFactory (468)
[2020.11.19-19.08.45:469][856]LogModuleManager: Shutting down and abandoning module MagicLeapMediaCodecFactory (466)
[2020.11.19-19.08.45:469][856]LogModuleManager: Shutting down and abandoning module MagicLeapMediaFactory (464)
[2020.11.19-19.08.45:469][856]LogModuleManager: Shutting down and abandoning module PlanarCut (462)
[2020.11.19-19.08.45:469][856]LogModuleManager: Shutting down and abandoning module CharacterAI (460)
[2020.11.19-19.08.45:469][856]LogModuleManager: Shutting down and abandoning module SessionServices (458)
[2020.11.19-19.08.45:469][856]LogModuleManager: Shutting down and abandoning module MovieSceneCapture (456)
[2020.11.19-19.08.45:469][856]LogModuleManager: Shutting down and abandoning module LiveCoding (454)
[2020.11.19-19.08.45:469][856]LogModuleManager: Shutting down and abandoning module LevelSequence (452)
[2020.11.19-19.08.45:469][856]LogModuleManager: Shutting down and abandoning module MovieSceneTracks (450)
[2020.11.19-19.08.45:469][856]LogModuleManager: Shutting down and abandoning module MovieScene (448)
[2020.11.19-19.08.45:469][856]LogModuleManager: Shutting down and abandoning module StreamingPauseRendering (446)
[2020.11.19-19.08.45:469][856]LogModuleManager: Shutting down and abandoning module PortalServices (444)
[2020.11.19-19.08.45:469][856]LogModuleManager: Shutting down and abandoning module PortalRpc (442)
[2020.11.19-19.08.45:469][856]LogModuleManager: Shutting down and abandoning module MessagingRpc (440)
[2020.11.19-19.08.45:469][856]LogModuleManager: Shutting down and abandoning module AudioMixerXAudio2 (438)
[2020.11.19-19.08.45:469][856]LogModuleManager: Shutting down and abandoning module AudioMixerCore (437)
[2020.11.19-19.08.45:469][856]LogModuleManager: Shutting down and abandoning module ProfilerService (434)
[2020.11.19-19.08.45:562][856]LogModuleManager: Shutting down and abandoning module TaskGraph (432)
[2020.11.19-19.08.45:562][856]LogModuleManager: Shutting down and abandoning module Synthesis (430)
[2020.11.19-19.08.45:562][856]LogModuleManager: Shutting down and abandoning module ProceduralMeshComponent (428)
[2020.11.19-19.08.45:562][856]LogModuleManager: Shutting down and abandoning module OculusInput (426)
[2020.11.19-19.08.45:562][856]LogModuleManager: Shutting down and abandoning module MobilePatchingUtils (424)
[2020.11.19-19.08.45:562][856]LogModuleManager: Shutting down and abandoning module GooglePAD (422)
[2020.11.19-19.08.45:562][856]LogModuleManager: Shutting down and abandoning module EditableMesh (420)
[2020.11.19-19.08.45:562][856]LogModuleManager: Shutting down and abandoning module CustomMeshComponent (418)
[2020.11.19-19.08.45:562][856]LogModuleManager: Shutting down and abandoning module CableComponent (416)
[2020.11.19-19.08.45:562][856]LogModuleManager: Shutting down and abandoning module AudioCapture (414)
[2020.11.19-19.08.45:562][856]LogModuleManager: Shutting down and abandoning module AudioCaptureRtAudio (413)
[2020.11.19-19.08.45:562][856]LogModuleManager: Shutting down and abandoning module AssetTags (410)
[2020.11.19-19.08.45:562][856]LogModuleManager: Shutting down and abandoning module ArchVisCharacter (408)
[2020.11.19-19.08.45:562][856]LogModuleManager: Shutting down and abandoning module AppleImageUtilsBlueprintSupport (406)
[2020.11.19-19.08.45:562][856]LogModuleManager: Shutting down and abandoning module AppleImageUtils (404)
[2020.11.19-19.08.45:562][856]LogModuleManager: Shutting down and abandoning module AndroidPermission (402)
[2020.11.19-19.08.45:562][856]LogModuleManager: Shutting down and abandoning module NUTUnrealEngine4 (400)
[2020.11.19-19.08.45:562][856]LogModuleManager: Shutting down and abandoning module NetcodeUnitTest (398)
[2020.11.19-19.08.45:562][856]LogModuleManager: Shutting down and abandoning module TemplateSequence (396)
[2020.11.19-19.08.45:562][856]LogModuleManager: Shutting down and abandoning module MovieRenderPipelineRenderPasses (394)
[2020.11.19-19.08.45:562][856]LogModuleManager: Shutting down and abandoning module MovieRenderPipelineSettings (392)
[2020.11.19-19.08.45:563][856]LogModuleManager: Shutting down and abandoning module MovieRenderPipelineCore (390)
[2020.11.19-19.08.45:563][856]LogModuleManager: Shutting down and abandoning module ImageWriteQueue (389)
[2020.11.19-19.08.45:563][856]LogModuleManager: Shutting down and abandoning module MediaCompositing (386)
[2020.11.19-19.08.45:563][856]LogModuleManager: Shutting down and abandoning module ImgMedia (384)
[2020.11.19-19.08.45:563][856]LogModuleManager: Shutting down and abandoning module MagicLeapSharedWorld (382)
[2020.11.19-19.08.45:563][856]LogModuleManager: Shutting down and abandoning module MagicLeapLightEstimation (380)
[2020.11.19-19.08.45:563][856]LogModuleManager: Shutting down and abandoning module MagicLeapHelperVulkan (378)
[2020.11.19-19.08.45:563][856]LogModuleManager: Shutting down and abandoning module MagicLeapHelperOpenGL (376)
[2020.11.19-19.08.45:563][856]LogModuleManager: Shutting down and abandoning module MagicLeapAudio (374)
[2020.11.19-19.08.45:563][856]LogModuleManager: Shutting down and abandoning module MeshSolverUtilities (372)
[2020.11.19-19.08.45:563][856]LogModuleManager: Shutting down and abandoning module MeshConversion (370)
[2020.11.19-19.08.45:563][856]LogModuleManager: Shutting down and abandoning module DynamicMesh (368)
[2020.11.19-19.08.45:563][856]LogModuleManager: Shutting down and abandoning module GeometryAlgorithms (366)
[2020.11.19-19.08.45:563][856]LogModuleManager: Shutting down and abandoning module GeometricObjects (364)
[2020.11.19-19.08.45:563][856]LogModuleManager: Shutting down and abandoning module GeometryCollectionTracks (362)
[2020.11.19-19.08.45:563][856]LogModuleManager: Shutting down and abandoning module GeometryCollectionSequencer (361)
[2020.11.19-19.08.45:563][856]LogModuleManager: Shutting down and abandoning module GeometryCacheTracks (358)
[2020.11.19-19.08.45:563][856]LogModuleManager: Shutting down and abandoning module GeometryCacheSequencer (357)
[2020.11.19-19.08.45:563][856]LogModuleManager: Shutting down and abandoning module GeometryCache (354)
[2020.11.19-19.08.45:563][856]LogModuleManager: Shutting down and abandoning module GeometryCacheEd (353)
[2020.11.19-19.08.45:563][856]LogModuleManager: Shutting down and abandoning module ChaosNiagara (350)
[2020.11.19-19.08.45:563][856]LogModuleManager: Shutting down and abandoning module ChaosCloth (348)
[2020.11.19-19.08.45:563][856]LogModuleManager: Shutting down and abandoning module BackChannel (346)
[2020.11.19-19.08.45:563][856]LogModuleManager: Shutting down and abandoning module AutomationUtils (344)
[2020.11.19-19.08.45:563][856]LogModuleManager: Shutting down and abandoning module VisualStudioSourceCodeAccess (342)
[2020.11.19-19.08.45:563][856]LogModuleManager: Shutting down and abandoning module HotReload (341)
[2020.11.19-19.08.45:563][856]LogModuleManager: Shutting down and abandoning module DirectoryWatcher (340)
[2020.11.19-19.08.45:563][856]LogModuleManager: Shutting down and abandoning module VisualStudioCodeSourceCodeAccess (336)
[2020.11.19-19.08.45:563][856]LogModuleManager: Shutting down and abandoning module UObjectPlugin (334)
[2020.11.19-19.08.45:563][856]LogModuleManager: Shutting down and abandoning module SubversionSourceControl (332)
[2020.11.19-19.08.45:563][856]LogModuleManager: Shutting down and abandoning module RiderSourceCodeAccess (330)
[2020.11.19-19.08.45:563][856]LogModuleManager: Shutting down and abandoning module PerforceSourceControl (328)
[2020.11.19-19.08.45:563][856]LogModuleManager: Shutting down and abandoning module SourceControl (327)
[2020.11.19-19.08.45:563][856]LogModuleManager: Shutting down and abandoning module CLionSourceCodeAccess (324)
[2020.11.19-19.08.45:563][856]LogModuleManager: Shutting down and abandoning module ActorLayerUtilities (322)
[2020.11.19-19.08.45:563][856]LogModuleManager: Shutting down and abandoning module SoundFields (320)
[2020.11.19-19.08.45:563][856]LogModuleManager: Shutting down and abandoning module SignificanceManager (318)
[2020.11.19-19.08.45:563][856]LogModuleManager: Shutting down and abandoning module RuntimePhysXCooking (316)
[2020.11.19-19.08.45:563][856]LogModuleManager: Shutting down and abandoning module PhysXVehiclesEditor (314)
[2020.11.19-19.08.45:563][856]LogModuleManager: Shutting down and abandoning module LocationServicesBPLibrary (310)
[2020.11.19-19.08.45:563][856]LogModuleManager: Shutting down and abandoning module ActorSequence (308)
[2020.11.19-19.08.45:563][856]LogModuleManager: Shutting down and abandoning module UdpMessaging (306)
